<?xml version="1.0" encoding="UTF-8"?>
<testsuite xmlns:xsi="http://www.w3.org/2001/XMLSchema-instance" xsi:noNamespaceSchemaLocation="https://maven.apache.org/surefire/maven-surefire-plugin/xsd/surefire-test-report-3.0.xsd" version="3.0" name="TestSuite" time="63.363" tests="2" errors="0" skipped="0" failures="0">
  <properties>
    <property name="java.specification.version" value="21"/>
    <property name="sun.cpu.isalist" value="amd64"/>
    <property name="sun.jnu.encoding" value="Cp1252"/>
    <property name="java.class.path" value="C:\Users\sures\Appium\AppiumFrameWorkDesign\target\test-classes;C:\Users\sures\Appium\AppiumFrameWorkDesign\target\classes;C:\Users\sures\.m2\repository\io\appium\java-client\9.2.2\java-client-9.2.2.jar;C:\Users\sures\.m2\repository\org\seleniumhq\selenium\selenium-api\4.22.0\selenium-api-4.22.0.jar;C:\Users\sures\.m2\repository\org\seleniumhq\selenium\selenium-remote-driver\4.22.0\selenium-remote-driver-4.22.0.jar;C:\Users\sures\.m2\repository\io\opentelemetry\semconv\opentelemetry-semconv\1.25.0-alpha\opentelemetry-semconv-1.25.0-alpha.jar;C:\Users\sures\.m2\repository\io\opentelemetry\opentelemetry-api\1.39.0\opentelemetry-api-1.39.0.jar;C:\Users\sures\.m2\repository\io\opentelemetry\opentelemetry-context\1.39.0\opentelemetry-context-1.39.0.jar;C:\Users\sures\.m2\repository\io\opentelemetry\opentelemetry-exporter-logging\1.39.0\opentelemetry-exporter-logging-1.39.0.jar;C:\Users\sures\.m2\repository\io\opentelemetry\opentelemetry-sdk-common\1.39.0\opentelemetry-sdk-common-1.39.0.jar;C:\Users\sures\.m2\repository\io\opentelemetry\opentelemetry-sdk-extension-autoconfigure-spi\1.39.0\opentelemetry-sdk-extension-autoconfigure-spi-1.39.0.jar;C:\Users\sures\.m2\repository\io\opentelemetry\opentelemetry-sdk-extension-autoconfigure\1.39.0\opentelemetry-sdk-extension-autoconfigure-1.39.0.jar;C:\Users\sures\.m2\repository\io\opentelemetry\opentelemetry-api-incubator\1.39.0-alpha\opentelemetry-api-incubator-1.39.0-alpha.jar;C:\Users\sures\.m2\repository\io\opentelemetry\opentelemetry-sdk-trace\1.39.0\opentelemetry-sdk-trace-1.39.0.jar;C:\Users\sures\.m2\repository\io\opentelemetry\opentelemetry-sdk\1.39.0\opentelemetry-sdk-1.39.0.jar;C:\Users\sures\.m2\repository\io\opentelemetry\opentelemetry-sdk-metrics\1.39.0\opentelemetry-sdk-metrics-1.39.0.jar;C:\Users\sures\.m2\repository\io\opentelemetry\opentelemetry-sdk-logs\1.39.0\opentelemetry-sdk-logs-1.39.0.jar;C:\Users\sures\.m2\repository\org\seleniumhq\selenium\selenium-http\4.22.0\selenium-http-4.22.0.jar;C:\Users\sures\.m2\repository\dev\failsafe\failsafe\3.3.2\failsafe-3.3.2.jar;C:\Users\sures\.m2\repository\org\seleniumhq\selenium\selenium-manager\4.22.0\selenium-manager-4.22.0.jar;C:\Users\sures\.m2\repository\org\seleniumhq\selenium\selenium-os\4.22.0\selenium-os-4.22.0.jar;C:\Users\sures\.m2\repository\org\apache\commons\commons-exec\1.4.0\commons-exec-1.4.0.jar;C:\Users\sures\.m2\repository\com\google\code\gson\gson\2.10.1\gson-2.10.1.jar;C:\Users\sures\.m2\repository\org\slf4j\slf4j-api\2.0.12\slf4j-api-2.0.12.jar;C:\Users\sures\.m2\repository\org\testng\testng\7.10.2\testng-7.10.2.jar;C:\Users\sures\.m2\repository\com\beust\jcommander\1.82\jcommander-1.82.jar;C:\Users\sures\.m2\repository\org\webjars\jquery\3.7.1\jquery-3.7.1.jar;C:\Users\sures\.m2\repository\org\seleniumhq\selenium\selenium-support\4.21.0\selenium-support-4.21.0.jar;C:\Users\sures\.m2\repository\com\google\auto\service\auto-service-annotations\1.1.1\auto-service-annotations-1.1.1.jar;C:\Users\sures\.m2\repository\com\google\guava\guava\33.2.0-jre\guava-33.2.0-jre.jar;C:\Users\sures\.m2\repository\com\google\guava\failureaccess\1.0.2\failureaccess-1.0.2.jar;C:\Users\sures\.m2\repository\com\google\guava\listenablefuture\9999.0-empty-to-avoid-conflict-with-guava\listenablefuture-9999.0-empty-to-avoid-conflict-with-guava.jar;C:\Users\sures\.m2\repository\com\google\code\findbugs\jsr305\3.0.2\jsr305-3.0.2.jar;C:\Users\sures\.m2\repository\org\checkerframework\checker-qual\3.42.0\checker-qual-3.42.0.jar;C:\Users\sures\.m2\repository\com\google\errorprone\error_prone_annotations\2.26.1\error_prone_annotations-2.26.1.jar;C:\Users\sures\.m2\repository\com\google\j2objc\j2objc-annotations\3.0.0\j2objc-annotations-3.0.0.jar;C:\Users\sures\.m2\repository\net\bytebuddy\byte-buddy\1.14.15\byte-buddy-1.14.15.jar;C:\Users\sures\.m2\repository\org\seleniumhq\selenium\selenium-json\4.21.0\selenium-json-4.21.0.jar;C:\Users\sures\.m2\repository\com\aventstack\extentreports\5.1.1\extentreports-5.1.1.jar;C:\Users\sures\.m2\repository\io\reactivex\rxjava3\rxjava\3.1.6\rxjava-3.1.6.jar;C:\Users\sures\.m2\repository\org\reactivestreams\reactive-streams\1.0.4\reactive-streams-1.0.4.jar;C:\Users\sures\.m2\repository\org\freemarker\freemarker\2.3.32\freemarker-2.3.32.jar;C:\Users\sures\.m2\repository\org\projectlombok\lombok\1.18.26\lombok-1.18.26.jar;C:\Users\sures\.m2\repository\commons-io\commons-io\2.11.0\commons-io-2.11.0.jar;"/>
    <property name="java.vm.vendor" value="Oracle Corporation"/>
    <property name="sun.arch.data.model" value="64"/>
    <property name="user.variant" value=""/>
    <property name="java.vendor.url" value="https://java.oracle.com/"/>
    <property name="user.timezone" value="Asia/Calcutta"/>
    <property name="os.name" value="Windows 11"/>
    <property name="java.vm.specification.version" value="21"/>
    <property name="sun.java.launcher" value="SUN_STANDARD"/>
    <property name="user.country" value="IN"/>
    <property name="sun.boot.library.path" value="C:\Program Files\Java\jdk-21\bin"/>
    <property name="sun.java.command" value="C:\Users\sures\AppData\Local\Temp\surefire9815213761749545159\surefirebooter-20240717102432342_3.jar C:\Users\sures\AppData\Local\Temp\surefire9815213761749545159 2024-07-17T10-24-31_912-jvmRun1 surefire-20240717102432342_1tmp surefire_0-20240717102432342_2tmp"/>
    <property name="jdk.debug" value="release"/>
    <property name="surefire.test.class.path" value="C:\Users\sures\Appium\AppiumFrameWorkDesign\target\test-classes;C:\Users\sures\Appium\AppiumFrameWorkDesign\target\classes;C:\Users\sures\.m2\repository\io\appium\java-client\9.2.2\java-client-9.2.2.jar;C:\Users\sures\.m2\repository\org\seleniumhq\selenium\selenium-api\4.22.0\selenium-api-4.22.0.jar;C:\Users\sures\.m2\repository\org\seleniumhq\selenium\selenium-remote-driver\4.22.0\selenium-remote-driver-4.22.0.jar;C:\Users\sures\.m2\repository\io\opentelemetry\semconv\opentelemetry-semconv\1.25.0-alpha\opentelemetry-semconv-1.25.0-alpha.jar;C:\Users\sures\.m2\repository\io\opentelemetry\opentelemetry-api\1.39.0\opentelemetry-api-1.39.0.jar;C:\Users\sures\.m2\repository\io\opentelemetry\opentelemetry-context\1.39.0\opentelemetry-context-1.39.0.jar;C:\Users\sures\.m2\repository\io\opentelemetry\opentelemetry-exporter-logging\1.39.0\opentelemetry-exporter-logging-1.39.0.jar;C:\Users\sures\.m2\repository\io\opentelemetry\opentelemetry-sdk-common\1.39.0\opentelemetry-sdk-common-1.39.0.jar;C:\Users\sures\.m2\repository\io\opentelemetry\opentelemetry-sdk-extension-autoconfigure-spi\1.39.0\opentelemetry-sdk-extension-autoconfigure-spi-1.39.0.jar;C:\Users\sures\.m2\repository\io\opentelemetry\opentelemetry-sdk-extension-autoconfigure\1.39.0\opentelemetry-sdk-extension-autoconfigure-1.39.0.jar;C:\Users\sures\.m2\repository\io\opentelemetry\opentelemetry-api-incubator\1.39.0-alpha\opentelemetry-api-incubator-1.39.0-alpha.jar;C:\Users\sures\.m2\repository\io\opentelemetry\opentelemetry-sdk-trace\1.39.0\opentelemetry-sdk-trace-1.39.0.jar;C:\Users\sures\.m2\repository\io\opentelemetry\opentelemetry-sdk\1.39.0\opentelemetry-sdk-1.39.0.jar;C:\Users\sures\.m2\repository\io\opentelemetry\opentelemetry-sdk-metrics\1.39.0\opentelemetry-sdk-metrics-1.39.0.jar;C:\Users\sures\.m2\repository\io\opentelemetry\opentelemetry-sdk-logs\1.39.0\opentelemetry-sdk-logs-1.39.0.jar;C:\Users\sures\.m2\repository\org\seleniumhq\selenium\selenium-http\4.22.0\selenium-http-4.22.0.jar;C:\Users\sures\.m2\repository\dev\failsafe\failsafe\3.3.2\failsafe-3.3.2.jar;C:\Users\sures\.m2\repository\org\seleniumhq\selenium\selenium-manager\4.22.0\selenium-manager-4.22.0.jar;C:\Users\sures\.m2\repository\org\seleniumhq\selenium\selenium-os\4.22.0\selenium-os-4.22.0.jar;C:\Users\sures\.m2\repository\org\apache\commons\commons-exec\1.4.0\commons-exec-1.4.0.jar;C:\Users\sures\.m2\repository\com\google\code\gson\gson\2.10.1\gson-2.10.1.jar;C:\Users\sures\.m2\repository\org\slf4j\slf4j-api\2.0.12\slf4j-api-2.0.12.jar;C:\Users\sures\.m2\repository\org\testng\testng\7.10.2\testng-7.10.2.jar;C:\Users\sures\.m2\repository\com\beust\jcommander\1.82\jcommander-1.82.jar;C:\Users\sures\.m2\repository\org\webjars\jquery\3.7.1\jquery-3.7.1.jar;C:\Users\sures\.m2\repository\org\seleniumhq\selenium\selenium-support\4.21.0\selenium-support-4.21.0.jar;C:\Users\sures\.m2\repository\com\google\auto\service\auto-service-annotations\1.1.1\auto-service-annotations-1.1.1.jar;C:\Users\sures\.m2\repository\com\google\guava\guava\33.2.0-jre\guava-33.2.0-jre.jar;C:\Users\sures\.m2\repository\com\google\guava\failureaccess\1.0.2\failureaccess-1.0.2.jar;C:\Users\sures\.m2\repository\com\google\guava\listenablefuture\9999.0-empty-to-avoid-conflict-with-guava\listenablefuture-9999.0-empty-to-avoid-conflict-with-guava.jar;C:\Users\sures\.m2\repository\com\google\code\findbugs\jsr305\3.0.2\jsr305-3.0.2.jar;C:\Users\sures\.m2\repository\org\checkerframework\checker-qual\3.42.0\checker-qual-3.42.0.jar;C:\Users\sures\.m2\repository\com\google\errorprone\error_prone_annotations\2.26.1\error_prone_annotations-2.26.1.jar;C:\Users\sures\.m2\repository\com\google\j2objc\j2objc-annotations\3.0.0\j2objc-annotations-3.0.0.jar;C:\Users\sures\.m2\repository\net\bytebuddy\byte-buddy\1.14.15\byte-buddy-1.14.15.jar;C:\Users\sures\.m2\repository\org\seleniumhq\selenium\selenium-json\4.21.0\selenium-json-4.21.0.jar;C:\Users\sures\.m2\repository\com\aventstack\extentreports\5.1.1\extentreports-5.1.1.jar;C:\Users\sures\.m2\repository\io\reactivex\rxjava3\rxjava\3.1.6\rxjava-3.1.6.jar;C:\Users\sures\.m2\repository\org\reactivestreams\reactive-streams\1.0.4\reactive-streams-1.0.4.jar;C:\Users\sures\.m2\repository\org\freemarker\freemarker\2.3.32\freemarker-2.3.32.jar;C:\Users\sures\.m2\repository\org\projectlombok\lombok\1.18.26\lombok-1.18.26.jar;C:\Users\sures\.m2\repository\commons-io\commons-io\2.11.0\commons-io-2.11.0.jar;"/>
    <property name="sun.cpu.endian" value="little"/>
    <property name="user.home" value="C:\Users\sures"/>
    <property name="user.language" value="en"/>
    <property name="java.specification.vendor" value="Oracle Corporation"/>
    <property name="java.version.date" value="2024-01-16"/>
    <property name="java.home" value="C:\Program Files\Java\jdk-21"/>
    <property name="file.separator" value="\"/>
    <property name="basedir" value="C:\Users\sures\Appium\AppiumFrameWorkDesign"/>
    <property name="java.vm.compressedOopsMode" value="Zero based"/>
    <property name="line.separator" value="&#10;"/>
    <property name="java.vm.specification.vendor" value="Oracle Corporation"/>
    <property name="java.specification.name" value="Java Platform API Specification"/>
    <property name="54678.45457.4" value="true"/>
    <property name="surefire.real.class.path" value="C:\Users\sures\AppData\Local\Temp\surefire9815213761749545159\surefirebooter-20240717102432342_3.jar"/>
    <property name="user.script" value=""/>
    <property name="sun.management.compiler" value="HotSpot 64-Bit Tiered Compilers"/>
    <property name="java.runtime.version" value="21.0.2+13-LTS-58"/>
    <property name="user.name" value="sures"/>
    <property name="stdout.encoding" value="Cp1252"/>
    <property name="path.separator" value=";"/>
    <property name="os.version" value="10.0"/>
    <property name="java.runtime.name" value="Java(TM) SE Runtime Environment"/>
    <property name="file.encoding" value="UTF-8"/>
    <property name="java.vm.name" value="Java HotSpot(TM) 64-Bit Server VM"/>
    <property name="localRepository" value="C:\Users\sures\.m2\repository"/>
    <property name="java.vendor.url.bug" value="https://bugreport.java.com/bugreport/"/>
    <property name="java.io.tmpdir" value="C:\Users\sures\AppData\Local\Temp\"/>
    <property name="java.version" value="21.0.2"/>
    <property name="user.dir" value="C:\Users\sures\Appium\AppiumFrameWorkDesign"/>
    <property name="os.arch" value="amd64"/>
    <property name="java.vm.specification.name" value="Java Virtual Machine Specification"/>
    <property name="sun.os.patch.level" value=""/>
    <property name="native.encoding" value="Cp1252"/>
    <property name="java.library.path" value="C:\Program Files\Java\jdk-21\bin;C:\WINDOWS\Sun\Java\bin;C:\WINDOWS\system32;C:\WINDOWS;C:\Program Files\Common Files\Oracle\Java\javapath;C:\windows\system32;C:\windows;C:\windows\System32\Wbem;C:\windows\System32\WindowsPowerShell\v1.0\;C:\windows\System32\OpenSSH\;C:\Program Files (x86)\NVIDIA Corporation\PhysX\Common;C:\Program Files\NVIDIA Corporation\NVIDIA NvDLISR;C:\WINDOWS\system32;C:\WINDOWS;C:\WINDOWS\System32\Wbem;C:\WINDOWS\System32\WindowsPowerShell\v1.0\;C:\WINDOWS\System32\OpenSSH\;C:\Program Files\Java\jdk-21\bin;C:\Program Files\dotnet\;C:\Program Files\nodejs\;C:\Users\sures\AppData\Local\Android\Sdk\tools\bin;C:\Users\sures\AppData\Local\Android\Sdk\tools;C:\Users\sures\AppData\Local\Android\Sdk\platform-tools;C:\Program Files\nodejs\node_modules\npm\bin;C:\Program Files\Maven\apache-maven-3.9.8\bin;C:\Users\sures\AppData\Local\Microsoft\WindowsApps;C:\Users\sures\AppData\Roaming\npm;."/>
    <property name="java.vm.info" value="mixed mode, sharing"/>
    <property name="stderr.encoding" value="Cp1252"/>
    <property name="java.vendor" value="Oracle Corporation"/>
    <property name="java.vm.version" value="21.0.2+13-LTS-58"/>
    <property name="sun.io.unicode.encoding" value="UnicodeLittle"/>
    <property name="java.class.version" value="65.0"/>
  </properties>
  <testcase name="FilForm[Kalpana, Female, Austria](1)" classname="skappium.AppiumFrameWorkDesign.eCommerce_tc_3_Hybrid" time="28.852">
    <system-out><![CDATA[&amp#27;[35m[Appium]&amp#27;[39m Welcome to Appium v2.5.4
&amp#27;[35m[Appium]&amp#27;[39m The autodetected Appium home path: C:\Users\sures\.appium
&amp#27;[35m[Appium]&amp#27;[39m Attempting to load driver uiautomator2...
&amp#27;[35m[Appium]&amp#27;[39m Requiring driver at C:\Users\sures\.appium\node_modules\appium-uiautomator2-driver\build\index.js
&amp#27;[35m[Appium]&amp#27;[39m AndroidUiautomator2Driver has been successfully loaded in 0.607s
&amp#27;[35m[Appium]&amp#27;[39m Appium REST http interface listener started on http://0.0.0.0:4723
&amp#27;[35m[Appium]&amp#27;[39m You can provide the following URLs in your client code to connect to this server:
&amp#27;[35m[Appium]&amp#27;[39m 	http://192.168.29.206:4723/
&amp#27;[35m[Appium]&amp#27;[39m 	http://127.0.0.1:4723/ (only accessible from the same host)
&amp#27;[35m[Appium]&amp#27;[39m Available drivers:
&amp#27;[35m[Appium]&amp#27;[39m   - uiautomator2@3.5.0 (automationName 'UiAutomator2')
&amp#27;[35m[Appium]&amp#27;[39m No plugins have been installed. Use the "appium plugin" command to install the one(s) you want to use.
&amp#27;[38;5;0m[HTTP]&amp#27;[0m &amp#27;[37m-->&amp#27;[39m &amp#27;[37mGET&amp#27;[39m &amp#27;[37m/status&amp#27;[39m
&amp#27;[38;5;0m[HTTP]&amp#27;[0m &amp#27;[90m{}&amp#27;[39m
&amp#27;[38;5;16m[AppiumDriver@3f1e]&amp#27;[0m Calling AppiumDriver.getStatus() with args: []
&amp#27;[38;5;16m[AppiumDriver@3f1e]&amp#27;[0m Responding to client with driver.getStatus() result: {"ready":true,"message":"The server is ready to accept new connections","build":{"version":"2.5.4"}}
&amp#27;[38;5;0m[HTTP]&amp#27;[0m &amp#27;[37m<-- GET /status &amp#27;[39m&amp#27;[32m200&amp#27;[39m &amp#27;[90m4 ms - 110&amp#27;[39m
&amp#27;[38;5;0m[HTTP]&amp#27;[0m &amp#27;[90m&amp#27;[39m
&amp#27;[38;5;0m[HTTP]&amp#27;[0m Request idempotency key: 70944166-a34d-482a-99b2-9240e0634edc
&amp#27;[38;5;0m[HTTP]&amp#27;[0m &amp#27;[37m-->&amp#27;[39m &amp#27;[37mPOST&amp#27;[39m &amp#27;[37m/session&amp#27;[39m
&amp#27;[38;5;0m[HTTP]&amp#27;[0m &amp#27;[90m{"capabilities":{"firstMatch":[{}],"alwaysMatch":{"appium:deviceName":"Skemulatorr","appium:app":"C:\\Users\\sures\\Appium\\AppiumFrameWorkDesign\\src\\main\\java\\resources\\General-Store.apk","platformName":"ANDROID","appium:automationName":"UIAutomator2"}}}&amp#27;[39m
&amp#27;[38;5;16m[AppiumDriver@3f1e]&amp#27;[0m Calling AppiumDriver.createSession() with args: [null,null,{"firstMatch":[{}],"alwaysMatch":{"appium:deviceName":"Skemulatorr","appium:app":"C:\\Users\\sures\\Appium\\AppiumFrameWorkDesign\\src\\main\\java\\resources\\General-Store.apk","platformName":"ANDROID","appium:automationName":"UIAutomator2"}}]
&amp#27;[38;5;16m[AppiumDriver@3f1e]&amp#27;[0m Event 'newSessionRequested' logged at 1721192075284 (10:24:35 GMT+0530 (India Standard Time))
&amp#27;[35m[Appium]&amp#27;[39m Attempting to find matching driver for automationName 'UIAutomator2' and platformName 'ANDROID'
&amp#27;[35m[Appium]&amp#27;[39m The 'uiautomator2' driver was installed and matched caps.
&amp#27;[35m[Appium]&amp#27;[39m Will require it at C:\Users\sures\.appium\node_modules\appium-uiautomator2-driver
&amp#27;[35m[Appium]&amp#27;[39m Requiring driver at C:\Users\sures\.appium\node_modules\appium-uiautomator2-driver\build\index.js
&amp#27;[38;5;16m[AppiumDriver@3f1e]&amp#27;[0m Appium v2.5.4 creating new AndroidUiautomator2Driver (v3.5.0) session
&amp#27;[38;5;16m[AppiumDriver@3f1e]&amp#27;[0m Checking BaseDriver versions for Appium and AndroidUiautomator2Driver
&amp#27;[38;5;16m[AppiumDriver@3f1e]&amp#27;[0m Appium's BaseDriver version is 9.6.0
&amp#27;[38;5;16m[AppiumDriver@3f1e]&amp#27;[0m AndroidUiautomator2Driver's BaseDriver version is 9.6.0
&amp#27;[38;5;32m[AndroidUiautomator2Driver@68c7]&amp#27;[0m Creating session with W3C capabilities: {
&amp#27;[38;5;32m[AndroidUiautomator2Driver@68c7]&amp#27;[0m   "alwaysMatch": {
&amp#27;[38;5;32m[AndroidUiautomator2Driver@68c7]&amp#27;[0m     "platformName": "ANDROID",
&amp#27;[38;5;32m[AndroidUiautomator2Driver@68c7]&amp#27;[0m     "appium:deviceName": "Skemulatorr",
&amp#27;[38;5;32m[AndroidUiautomator2Driver@68c7]&amp#27;[0m     "appium:app": "C:\\Users\\sures\\Appium\\AppiumFrameWorkDesign\\src\\main\\java\\resources\\General-Store.apk",
&amp#27;[38;5;32m[AndroidUiautomator2Driver@68c7]&amp#27;[0m     "appium:automationName": "UIAutomator2"
&amp#27;[38;5;32m[AndroidUiautomator2Driver@68c7]&amp#27;[0m   },
&amp#27;[38;5;32m[AndroidUiautomator2Driver@68c7]&amp#27;[0m   "firstMatch": [
&amp#27;[38;5;32m[AndroidUiautomator2Driver@68c7]&amp#27;[0m     {}
&amp#27;[38;5;32m[AndroidUiautomator2Driver@68c7]&amp#27;[0m   ]
&amp#27;[38;5;32m[AndroidUiautomator2Driver@68c7]&amp#27;[0m }
&amp#27;[38;5;32m[AndroidUiautomator2Driver@68c7 (161357d5)]&amp#27;[0m Session created with session id: 161357d5-fcc6-4eaa-9d90-5323de6c23e8
&amp#27;[38;5;48m[ADB]&amp#27;[0m Found 1 'build-tools' folders under 'C:\Users\sures\AppData\Local\Android\Sdk' (newest first):
&amp#27;[38;5;48m[ADB]&amp#27;[0m     C:\Users\sures\AppData\Local\Android\Sdk\build-tools\34.0.0
&amp#27;[38;5;48m[ADB]&amp#27;[0m Using 'adb.exe' from 'C:\Users\sures\AppData\Local\Android\Sdk\platform-tools\adb.exe'
&amp#27;[38;5;48m[ADB]&amp#27;[0m Running 'C:\Users\sures\AppData\Local\Android\Sdk\platform-tools\adb.exe -P 5037 start-server'
&amp#27;[38;5;32m[AndroidUiautomator2Driver@68c7 (161357d5)]&amp#27;[0m Retrieving device list
&amp#27;[38;5;48m[ADB]&amp#27;[0m Trying to find connected Android devices
&amp#27;[38;5;48m[ADB]&amp#27;[0m Getting connected devices
&amp#27;[38;5;48m[ADB]&amp#27;[0m Connected devices: [{"udid":"emulator-5554","state":"device"}]
&amp#27;[38;5;32m[AndroidUiautomator2Driver@68c7 (161357d5)]&amp#27;[0m Using device: emulator-5554
&amp#27;[38;5;48m[ADB]&amp#27;[0m Using 'adb.exe' from 'C:\Users\sures\AppData\Local\Android\Sdk\platform-tools\adb.exe'
&amp#27;[38;5;48m[ADB]&amp#27;[0m Running 'C:\Users\sures\AppData\Local\Android\Sdk\platform-tools\adb.exe -P 5037 start-server'
&amp#27;[38;5;48m[ADB]&amp#27;[0m Setting device id to emulator-5554
&amp#27;[38;5;64m[BaseDriver]&amp#27;[0m Using local app 'C:\Users\sures\Appium\AppiumFrameWorkDesign\src\main\java\resources\General-Store.apk'
&amp#27;[38;5;32m[AndroidUiautomator2Driver@68c7 (161357d5)]&amp#27;[0m Checking whether app is actually present
&amp#27;[38;5;48m[ADB]&amp#27;[0m Running 'C:\Users\sures\AppData\Local\Android\Sdk\platform-tools\adb.exe -P 5037 -s emulator-5554 shell getprop ro.build.version.sdk'
&amp#27;[38;5;48m[ADB]&amp#27;[0m Current device property 'ro.build.version.sdk': 34
&amp#27;[38;5;48m[ADB]&amp#27;[0m Getting device platform version
&amp#27;[38;5;48m[ADB]&amp#27;[0m Running 'C:\Users\sures\AppData\Local\Android\Sdk\platform-tools\adb.exe -P 5037 -s emulator-5554 shell getprop ro.build.version.release'
&amp#27;[38;5;48m[ADB]&amp#27;[0m Current device property 'ro.build.version.release': 14
&amp#27;[38;5;48m[ADB]&amp#27;[0m Device API level: 34
&amp#27;[38;5;32m[AndroidUiautomator2Driver@68c7 (161357d5)]&amp#27;[0m Relaxing hidden api policy
&amp#27;[38;5;48m[ADB]&amp#27;[0m Running 'C:\Users\sures\AppData\Local\Android\Sdk\platform-tools\adb.exe -P 5037 -s emulator-5554 shell 'settings put global hidden_api_policy_pre_p_apps 1;settings put global hidden_api_policy_p_apps 1;settings put global hidden_api_policy 1''
&amp#27;[38;5;32m[AndroidUiautomator2Driver@68c7 (161357d5)]&amp#27;[0m Parsing package and activity from app manifest
&amp#27;[38;5;48m[ADB]&amp#27;[0m Running 'C:\Users\sures\AppData\Local\Android\Sdk\platform-tools\adb.exe -P 5037 -s emulator-5554 wait-for-device'
&amp#27;[38;5;48m[ADB]&amp#27;[0m Package name: 'com.androidsample.generalstore'
&amp#27;[38;5;48m[ADB]&amp#27;[0m Main activity name: 'com.androidsample.generalstore.SplashActivity'
&amp#27;[38;5;32m[AndroidUiautomator2Driver@68c7 (161357d5)]&amp#27;[0m Parsed package and activity are: com.androidsample.generalstore/com.androidsample.generalstore.SplashActivity
&amp#27;[38;5;48m[ADB]&amp#27;[0m Running 'C:\Users\sures\AppData\Local\Android\Sdk\platform-tools\adb.exe -P 5037 -s emulator-5554 shell echo ping'
&amp#27;[38;5;32m[AndroidUiautomator2Driver@68c7 (161357d5)]&amp#27;[0m Pushing settings apk to the device...
&amp#27;[38;5;48m[ADB]&amp#27;[0m Getting package info for 'io.appium.settings'
&amp#27;[38;5;48m[ADB]&amp#27;[0m Running 'C:\Users\sures\AppData\Local\Android\Sdk\platform-tools\adb.exe -P 5037 -s emulator-5554 shell dumpsys package io.appium.settings'
&amp#27;[38;5;48m[ADB]&amp#27;[0m The version name of the installed 'io.appium.settings' is greater or equal to the application version name ('5.8.1' >= '5.8.1')
&amp#27;[38;5;48m[ADB]&amp#27;[0m There is no need to install/upgrade 'C:\Users\sures\.appium\node_modules\appium-uiautomator2-driver\node_modules\io.appium.settings\apks\settings_apk-debug.apk'
&amp#27;[38;5;48m[ADB]&amp#27;[0m Running 'C:\Users\sures\AppData\Local\Android\Sdk\platform-tools\adb.exe -P 5037 -s emulator-5554 shell dumpsys activity services io.appium.settings'
&amp#27;[38;5;32m[AndroidUiautomator2Driver@68c7 (161357d5)]&amp#27;[0m io.appium.settings is already running. There is no need to reset its permissions.
&amp#27;[38;5;80m[Logcat]&amp#27;[0m Starting logs capture with command: C:\\Users\\sures\\AppData\\Local\\Android\\Sdk\\platform-tools\\adb.exe -P 5037 -s emulator-5554 logcat -v threadtime
&amp#27;[38;5;32m[AndroidUiautomator2Driver@68c7 (161357d5)]&amp#27;[0m Forwarding UiAutomator2 Server port 6790 to local port 8205
&amp#27;[38;5;48m[ADB]&amp#27;[0m Forwarding system: 8205 to device: 6790
&amp#27;[38;5;48m[ADB]&amp#27;[0m Running 'C:\Users\sures\AppData\Local\Android\Sdk\platform-tools\adb.exe -P 5037 -s emulator-5554 forward tcp:8205 tcp:6790'
&amp#27;[38;5;48m[ADB]&amp#27;[0m Getting package info for 'io.appium.uiautomator2.server'
&amp#27;[38;5;48m[ADB]&amp#27;[0m Running 'C:\Users\sures\AppData\Local\Android\Sdk\platform-tools\adb.exe -P 5037 -s emulator-5554 shell dumpsys package io.appium.uiautomator2.server'
&amp#27;[38;5;48m[ADB]&amp#27;[0m Getting install status for io.appium.uiautomator2.server.test
&amp#27;[38;5;48m[ADB]&amp#27;[0m Checking app cert for C:\Users\sures\Appium\AppiumFrameWorkDesign\src\main\java\resources\General-Store.apk
&amp#27;[38;5;48m[ADB]&amp#27;[0m Running 'C:\Users\sures\AppData\Local\Android\Sdk\platform-tools\adb.exe -P 5037 -s emulator-5554 shell cmd package list packages'
&amp#27;[38;5;48m[ADB]&amp#27;[0m Using 'apksigner.jar' from 'C:\Users\sures\AppData\Local\Android\Sdk\build-tools\34.0.0\lib\apksigner.jar'
&amp#27;[38;5;48m[ADB]&amp#27;[0m Starting apksigner: 'C:\\Program Files\\Java\\jdk-21\\bin\\java.exe' -Xmx1024M -Xss1m -jar C:\\Users\\sures\\AppData\\Local\\Android\\Sdk\\build-tools\\34.0.0\\lib\\apksigner.jar verify --print-certs C:\\Users\\sures\\Appium\\AppiumFrameWorkDesign\\src\\main\\java\\resources\\General-Store.apk
&amp#27;[38;5;48m[ADB]&amp#27;[0m 'io.appium.uiautomator2.server.test' is installed
&amp#27;[38;5;48m[ADB]&amp#27;[0m The version name of the installed 'io.appium.uiautomator2.server' is greater or equal to the application version name ('7.0.7' >= '7.0.7')
&amp#27;[38;5;32m[AndroidUiautomator2Driver@68c7 (161357d5)]&amp#27;[0m Server packages status: [{"installState":"sameVersionInstalled","appPath":"C:\\Users\\sures\\.appium\\node_modules\\appium-uiautomator2-driver\\node_modules\\appium-uiautomator2-server\\apks\\appium-uiautomator2-server-v7.0.7.apk","appId":"io.appium.uiautomator2.server"},{"installState":"sameVersionInstalled","appPath":"C:\\Users\\sures\\.appium\\node_modules\\appium-uiautomator2-driver\\node_modules\\appium-uiautomator2-server\\apks\\appium-uiautomator2-server-debug-androidTest.apk","appId":"io.appium.uiautomator2.server.test"}]
&amp#27;[38;5;32m[AndroidUiautomator2Driver@68c7 (161357d5)]&amp#27;[0m Server packages are not going to be (re)installed
&amp#27;[38;5;32m[AndroidUiautomator2Driver@68c7 (161357d5)]&amp#27;[0m Waiting up to 30000ms for services to be available
&amp#27;[38;5;48m[ADB]&amp#27;[0m Running 'C:\Users\sures\AppData\Local\Android\Sdk\platform-tools\adb.exe -P 5037 -s emulator-5554 shell pm list instrumentation'
&amp#27;[38;5;32m[AndroidUiautomator2Driver@68c7 (161357d5)]&amp#27;[0m Instrumentation target 'io.appium.uiautomator2.server.test/androidx.test.runner.AndroidJUnitRunner' is available
&amp#27;[38;5;48m[ADB]&amp#27;[0m Adding packages ["io.appium.settings","io.appium.uiautomator2.server","io.appium.uiautomator2.server.test"] to Doze whitelist
&amp#27;[38;5;48m[ADB]&amp#27;[0m Got the following command chunks to execute: [["dumpsys","deviceidle","whitelist","+io.appium.settings",";","dumpsys","deviceidle","whitelist","+io.appium.uiautomator2.server",";","dumpsys","deviceidle","whitelist","+io.appium.uiautomator2.server.test",";"]]
&amp#27;[38;5;48m[ADB]&amp#27;[0m Running 'C:\Users\sures\AppData\Local\Android\Sdk\platform-tools\adb.exe -P 5037 -s emulator-5554 shell dumpsys deviceidle whitelist +io.appium.settings ; dumpsys deviceidle whitelist +io.appium.uiautomator2.server ; dumpsys deviceidle whitelist +io.appium.uiautomator2.server.test ;'
&amp#27;[38;5;48m[ADB]&amp#27;[0m apksigner stdout: Signer #1 certificate DN: EMAILADDRESS=android@android.com, CN=Android, OU=Android, O=Android, L=Mountain View, ST=California, C=US
&amp#27;[38;5;48m[ADB]&amp#27;[0m Signer #1 certificate SHA-256 digest: a40da80a59d170caa950cf15c18c454d47a39b26989d8b640ecd745ba71bf5dc
&amp#27;[38;5;48m[ADB]&amp#27;[0m Signer #1 certificate SHA-1 digest: 61ed377e85d386a8dfee6b864bd85b0bfaa5af81
&amp#27;[38;5;48m[ADB]&amp#27;[0m Signer #1 certificate MD5 digest: e89b158e4bcf988ebd09eb83f5378e87
&amp#27;[38;5;48m[ADB]&amp#27;[0m 
&amp#27;[38;5;48m[ADB]&amp#27;[0m sha256 hash did match for 'General-Store.apk'
&amp#27;[38;5;48m[ADB]&amp#27;[0m 'C:\Users\sures\Appium\AppiumFrameWorkDesign\src\main\java\resources\General-Store.apk' is signed with the default certificate
&amp#27;[38;5;48m[ADB]&amp#27;[0m Getting package info for 'com.androidsample.generalstore'
&amp#27;[38;5;48m[ADB]&amp#27;[0m Running 'C:\Users\sures\AppData\Local\Android\Sdk\platform-tools\adb.exe -P 5037 -s emulator-5554 shell dumpsys package com.androidsample.generalstore'
&amp#27;[38;5;48m[ADB]&amp#27;[0m The version name of the installed 'com.androidsample.generalstore' is greater or equal to the application version name ('1.0.0' >= '1.0.0')
&amp#27;[38;5;48m[ADB]&amp#27;[0m There is no need to install/upgrade 'C:\Users\sures\Appium\AppiumFrameWorkDesign\src\main\java\resources\General-Store.apk'
&amp#27;[38;5;32m[AndroidUiautomator2Driver@68c7 (161357d5)]&amp#27;[0m Performing fast reset on 'com.androidsample.generalstore'
&amp#27;[38;5;48m[ADB]&amp#27;[0m Getting install status for com.androidsample.generalstore
&amp#27;[38;5;48m[ADB]&amp#27;[0m Running 'C:\Users\sures\AppData\Local\Android\Sdk\platform-tools\adb.exe -P 5037 -s emulator-5554 shell cmd package list packages'
&amp#27;[38;5;48m[ADB]&amp#27;[0m 'com.androidsample.generalstore' is installed
&amp#27;[38;5;48m[ADB]&amp#27;[0m Running 'C:\Users\sures\AppData\Local\Android\Sdk\platform-tools\adb.exe -P 5037 -s emulator-5554 shell am force-stop com.androidsample.generalstore'
&amp#27;[38;5;48m[ADB]&amp#27;[0m Running 'C:\Users\sures\AppData\Local\Android\Sdk\platform-tools\adb.exe -P 5037 -s emulator-5554 shell pm clear com.androidsample.generalstore'
&amp#27;[38;5;32m[AndroidUiautomator2Driver@68c7 (161357d5)]&amp#27;[0m Performed fast reset on the installed 'com.androidsample.generalstore' application (stop and clear)
&amp#27;[38;5;32m[AndroidUiautomator2Driver@68c7 (161357d5)]&amp#27;[0m Performing shallow cleanup of automation leftovers
&amp#27;[38;5;32m[AndroidUiautomator2Driver@68c7 (161357d5)]&amp#27;[0m The following obsolete sessions are still running: ["715d5320-410e-41ae-af44-57275ae88218"]
&amp#27;[38;5;32m[AndroidUiautomator2Driver@68c7 (161357d5)]&amp#27;[0m Cleaning up 1 obsolete session
&amp#27;[38;5;48m[ADB]&amp#27;[0m Running 'C:\Users\sures\AppData\Local\Android\Sdk\platform-tools\adb.exe -P 5037 -s emulator-5554 shell am force-stop io.appium.uiautomator2.server.test'
&amp#27;[38;5;32m[AndroidUiautomator2Driver@68c7 (161357d5)]&amp#27;[0m Starting UIAutomator2 server 7.0.7
&amp#27;[38;5;32m[AndroidUiautomator2Driver@68c7 (161357d5)]&amp#27;[0m Using UIAutomator2 server from 'C:\Users\sures\.appium\node_modules\appium-uiautomator2-driver\node_modules\appium-uiautomator2-server\apks\appium-uiautomator2-server-v7.0.7.apk' and test from 'C:\Users\sures\.appium\node_modules\appium-uiautomator2-driver\node_modules\appium-uiautomator2-server\apks\appium-uiautomator2-server-debug-androidTest.apk'
&amp#27;[38;5;32m[AndroidUiautomator2Driver@68c7 (161357d5)]&amp#27;[0m Waiting up to 30000ms for UiAutomator2 to be online...
&amp#27;[38;5;48m[ADB]&amp#27;[0m Creating ADB subprocess with args: ["-P","5037","-s","emulator-5554","shell","am","instrument","-w","-e","disableAnalytics","true","io.appium.uiautomator2.server.test/androidx.test.runner.AndroidJUnitRunner"]
&amp#27;[38;5;32m[AndroidUiautomator2Driver@68c7 (161357d5)]&amp#27;[0m Matched '/status' to command name 'getStatus'
&amp#27;[38;5;32m[AndroidUiautomator2Driver@68c7 (161357d5)]&amp#27;[0m Proxying [GET /status] to [GET http://127.0.0.1:8205/status] with no body
&amp#27;[38;5;32m[AndroidUiautomator2Driver@68c7 (161357d5)]&amp#27;[0m socket hang up
&amp#27;[38;5;96m[Instrumentation]&amp#27;[0m io.appium.uiautomator2.server.test.AppiumUiAutomator2Server:
&amp#27;[38;5;32m[AndroidUiautomator2Driver@68c7 (161357d5)]&amp#27;[0m Matched '/status' to command name 'getStatus'
&amp#27;[38;5;32m[AndroidUiautomator2Driver@68c7 (161357d5)]&amp#27;[0m Proxying [GET /status] to [GET http://127.0.0.1:8205/status] with no body
&amp#27;[38;5;32m[AndroidUiautomator2Driver@68c7 (161357d5)]&amp#27;[0m socket hang up
&amp#27;[38;5;32m[AndroidUiautomator2Driver@68c7 (161357d5)]&amp#27;[0m Matched '/status' to command name 'getStatus'
&amp#27;[38;5;32m[AndroidUiautomator2Driver@68c7 (161357d5)]&amp#27;[0m Proxying [GET /status] to [GET http://127.0.0.1:8205/status] with no body
&amp#27;[38;5;32m[AndroidUiautomator2Driver@68c7 (161357d5)]&amp#27;[0m Got response with status 200: {"sessionId":"None","value":{"message":"UiAutomator2 Server is ready to accept commands","ready":true}}
&amp#27;[38;5;32m[AndroidUiautomator2Driver@68c7 (161357d5)]&amp#27;[0m The initialization of the instrumentation process took 2185ms
&amp#27;[38;5;32m[AndroidUiautomator2Driver@68c7 (161357d5)]&amp#27;[0m Matched '/session' to command name 'createSession'
&amp#27;[38;5;32m[AndroidUiautomator2Driver@68c7 (161357d5)]&amp#27;[0m Proxying [POST /session] to [POST http://127.0.0.1:8205/session] with body: {"capabilities":{"firstMatch":[{"platformName":"ANDROID","deviceName":"emulator-5554","app":"C:\\Users\\sures\\Appium\\AppiumFrameWorkDesign\\src\\main\\java\\resources\\General-Store.apk","automationName":"UIAutomator2","platform":"LINUX","webStorageEnabled":false,"takesScreenshot":true,"javascriptEnabled":true,"databaseEnabled":false,"networkConnectionEnabled":true,"locationContextEnabled":false,"warnings":{},"desired":{"platformName":"ANDROID","deviceName":"Skemulatorr","app":"C:\\Users\\sures\\Appium\\AppiumFrameWorkDesign\\src\\main\\java\\resources\\General-Store.apk","automationName":"UIAutomator2"},"deviceUDID":"emulator-5554","appPackage":"com.androidsample.generalstore"}],"alwaysMatch":{}}}
&amp#27;[38;5;32m[AndroidUiautomator2Driver@68c7 (161357d5)]&amp#27;[0m Got response with status 200: {"sessionId":"12a2c0c4-62b9-4645-ac6a-039c1e58fde1","value":{"capabilities":{"firstMatch":[{"platformName":"ANDROID","deviceName":"emulator-5554","app":"C:\\Users\\sures\\Appium\\AppiumFrameWorkDesign\\src\\main\\java\\resources\\General-Store.apk","automationName":"UIAutomator2","platform":"LINUX","webStorageEnabled":false,"takesScreenshot":true,"javascriptEnabled":true,"databaseEnabled":false,"networkConnectionEnabled":true,"locationContextEnabled":false,"warnings":{},"desired":{"platformName":"ANDROID","deviceName":"Skemulatorr","app":"C:\\Users\\sures\\Appium\\AppiumFrameWorkDesign\\src\\main\\java\\resources\\General-Store.apk","automationName":"UIAutomator2"},"deviceUDID":"emulator-5554","appPackage":"com.androidsample.generalstore"}],"alwaysMatch":{}},"sessionId":"12a2c0c4-62b9-4645-ac6a-039c1e58fde1"}}
&amp#27;[38;5;32m[AndroidUiautomator2Driver@68c7 (161357d5)]&amp#27;[0m Determined the downstream protocol as 'W3C'
&amp#27;[38;5;32m[AndroidUiautomator2Driver@68c7 (161357d5)]&amp#27;[0m Proxying [GET /appium/device/pixel_ratio] to [GET http://127.0.0.1:8205/session/12a2c0c4-62b9-4645-ac6a-039c1e58fde1/appium/device/pixel_ratio] with no body
&amp#27;[38;5;32m[AndroidUiautomator2Driver@68c7 (161357d5)]&amp#27;[0m Matched '/appium/device/system_bars' to command name 'getSystemBars'
&amp#27;[38;5;32m[AndroidUiautomator2Driver@68c7 (161357d5)]&amp#27;[0m Proxying [GET /appium/device/system_bars] to [GET http://127.0.0.1:8205/session/12a2c0c4-62b9-4645-ac6a-039c1e58fde1/appium/device/system_bars] with no body
&amp#27;[38;5;32m[AndroidUiautomator2Driver@68c7 (161357d5)]&amp#27;[0m Matched '/window/current/size' to command name 'getWindowSize'
&amp#27;[38;5;32m[AndroidUiautomator2Driver@68c7 (161357d5)]&amp#27;[0m Proxying [GET /window/current/size] to [GET http://127.0.0.1:8205/session/12a2c0c4-62b9-4645-ac6a-039c1e58fde1/window/current/size] with no body
&amp#27;[38;5;32m[AndroidUiautomator2Driver@68c7 (161357d5)]&amp#27;[0m Proxying [GET /appium/device/info] to [GET http://127.0.0.1:8205/session/12a2c0c4-62b9-4645-ac6a-039c1e58fde1/appium/device/info] with no body
&amp#27;[38;5;48m[ADB]&amp#27;[0m Running 'C:\Users\sures\AppData\Local\Android\Sdk\platform-tools\adb.exe -P 5037 -s emulator-5554 shell dumpsys window'
&amp#27;[38;5;48m[ADB]&amp#27;[0m Running 'C:\Users\sures\AppData\Local\Android\Sdk\platform-tools\adb.exe -P 5037 -s emulator-5554 shell dumpsys power'
&amp#27;[38;5;32m[AndroidUiautomator2Driver@68c7 (161357d5)]&amp#27;[0m Got response with status 200: {"sessionId":"12a2c0c4-62b9-4645-ac6a-039c1e58fde1","value":3.5}
&amp#27;[38;5;32m[AndroidUiautomator2Driver@68c7 (161357d5)]&amp#27;[0m Got response with status 200: {"sessionId":"12a2c0c4-62b9-4645-ac6a-039c1e58fde1","value":{"statusBar":98}}
&amp#27;[38;5;32m[AndroidUiautomator2Driver@68c7 (161357d5)]&amp#27;[0m Got response with status 200: {"sessionId":"12a2c0c4-62b9-4645-ac6a-039c1e58fde1","value":{"height":2880,"width":1440}}
&amp#27;[38;5;32m[AndroidUiautomator2Driver@68c7 (161357d5)]&amp#27;[0m Got response with status 200: {"sessionId":"12a2c0c4-62b9-4645-ac6a-039c1e58fde1","value":{"androidId":"802ad8cedf02d4cb","apiVersion":"34","bluetooth":{"state":"OFF"},"brand":"google","carrierName":"T-Mobile","displayDensity":560,"locale":"en_US","manufacturer":"Google","model":"sdk_gphone64_x86_64","networks":[{"capabilities":{"SSID":null,"linkDownBandwidthKbps":30000,"linkUpstreamBandwidthKbps":12000,"networkCapabilities":"NET_CAPABILITY_NOT_METERED,NET_CAPABILITY_INTERNET,NET_CAPABILITY_NOT_RESTRICTED,NET_CAPABILITY_TRUSTED,NET_CAPABILITY_NOT_VPN,NET_CAPABILITY_VALIDATED,NET_CAPABILITY_NOT_ROAMING,NET_CAPABILITY_FOREGROUND,NET_CAPABILITY_NOT_CONGESTED,NET_CAPABILITY_NOT_SUSPENDED","signalStrength":-50,"transportTypes":"TRANSPORT_WIFI"},"detailedState":"CONNECTED","extraInfo":"","isAvailable":true,"isConnected":true,"isFailover":false,"isRoaming":false,"state":"CONNECTED","subtype":-1,"subtypeName":"","type":1,"typeName":"WIFI"},{"capabilities":{"SSID":null,"linkDownBandwidthKbps":4300,"linkUpstreamBandwidthKbps":1800,"networkCapabi...
&amp#27;[38;5;32m[AndroidUiautomator2Driver@68c7 (161357d5)]&amp#27;[0m Screen already unlocked, doing nothing
&amp#27;[38;5;32m[AndroidUiautomator2Driver@68c7 (161357d5)]&amp#27;[0m Starting 'com.androidsample.generalstore/com.androidsample.generalstore.SplashActivity and waiting for 'com.androidsample.generalstore/com.androidsample.generalstore.SplashActivity'
&amp#27;[38;5;48m[ADB]&amp#27;[0m Running 'C:\Users\sures\AppData\Local\Android\Sdk\platform-tools\adb.exe -P 5037 -s emulator-5554 shell am start -W -n com.androidsample.generalstore/com.androidsample.generalstore.SplashActivity -S -a android.intent.action.MAIN -c android.intent.category.LAUNCHER -f 0x10200000'
&amp#27;[38;5;48m[ADB]&amp#27;[0m Waiting up to 20000ms for activity matching pkg: 'com.androidsample.generalstore' and activity: 'com.androidsample.generalstore.SplashActivity' to be focused
&amp#27;[38;5;48m[ADB]&amp#27;[0m Possible activities, to be checked: 'com.androidsample.generalstore.SplashActivity', 'com.androidsample.generalstore.com.androidsample.generalstore.SplashActivity'
&amp#27;[38;5;48m[ADB]&amp#27;[0m Getting focused package and activity
&amp#27;[38;5;48m[ADB]&amp#27;[0m Running 'C:\Users\sures\AppData\Local\Android\Sdk\platform-tools\adb.exe -P 5037 -s emulator-5554 shell dumpsys window displays'
&amp#27;[38;5;48m[ADB]&amp#27;[0m Found package: 'com.androidsample.generalstore' and fully qualified activity name : 'com.androidsample.generalstore.SplashActivity'
&amp#27;[38;5;16m[AppiumDriver@3f1e]&amp#27;[0m New AndroidUiautomator2Driver session created successfully, session 161357d5-fcc6-4eaa-9d90-5323de6c23e8 added to master session list
&amp#27;[38;5;16m[AppiumDriver@3f1e]&amp#27;[0m Event 'newSessionStarted' logged at 1721192081527 (10:24:41 GMT+0530 (India Standard Time))
&amp#27;[38;5;32m[AndroidUiautomator2Driver@68c7 (161357d5)]&amp#27;[0m Cached the protocol value 'W3C' for the new session 161357d5-fcc6-4eaa-9d90-5323de6c23e8
&amp#27;[38;5;32m[AndroidUiautomator2Driver@68c7 (161357d5)]&amp#27;[0m Responding to client with driver.createSession() result: {"capabilities":{"platformName":"ANDROID","deviceName":"emulator-5554","app":"C:\\Users\\sures\\Appium\\AppiumFrameWorkDesign\\src\\main\\java\\resources\\General-Store.apk","automationName":"UIAutomator2","platform":"LINUX","webStorageEnabled":false,"takesScreenshot":true,"javascriptEnabled":true,"databaseEnabled":false,"networkConnectionEnabled":true,"locationContextEnabled":false,"warnings":{},"desired":{"platformName":"ANDROID","deviceName":"Skemulatorr","app":"C:\\Users\\sures\\Appium\\AppiumFrameWorkDesign\\src\\main\\java\\resources\\General-Store.apk","automationName":"UIAutomator2"},"deviceUDID":"emulator-5554","appPackage":"com.androidsample.generalstore","pixelRatio":"3.5","statBarHeight":98,"viewportRect":{"left":0,"top":98,"width":1440,"height":2782},"deviceApiLevel":34,"platformVersion":"14","deviceManufacturer":"Google","deviceModel":"sdk_gphone64_x86_64","deviceScreenSize":"1440x2880","deviceScreenDensity":560}}
&amp#27;[38;5;0m[HTTP]&amp#27;[0m &amp#27;[37m<-- POST /session &amp#27;[39m&amp#27;[32m200&amp#27;[39m &amp#27;[90m6245 ms - 1002&amp#27;[39m
&amp#27;[38;5;0m[HTTP]&amp#27;[0m &amp#27;[90m&amp#27;[39m
&amp#27;[38;5;0m[HTTP]&amp#27;[0m &amp#27;[37m-->&amp#27;[39m &amp#27;[37mPOST&amp#27;[39m &amp#27;[37m/session/161357d5-fcc6-4eaa-9d90-5323de6c23e8/timeouts&amp#27;[39m
&amp#27;[38;5;0m[HTTP]&amp#27;[0m &amp#27;[90m{"implicit":10000}&amp#27;[39m
&amp#27;[38;5;32m[AndroidUiautomator2Driver@68c7 (161357d5)]&amp#27;[0m Calling AppiumDriver.timeouts() with args: [null,null,null,null,10000,"161357d5-fcc6-4eaa-9d90-5323de6c23e8"]
&amp#27;[38;5;32m[AndroidUiautomator2Driver@68c7 (161357d5)]&amp#27;[0m W3C timeout argument: {"implicit":10000}}
&amp#27;[38;5;32m[AndroidUiautomator2Driver@68c7 (161357d5)]&amp#27;[0m Set implicit wait to 10000ms
&amp#27;[38;5;32m[AndroidUiautomator2Driver@68c7 (161357d5)]&amp#27;[0m Responding to client with driver.timeouts() result: null
&amp#27;[38;5;0m[HTTP]&amp#27;[0m &amp#27;[37m<-- POST /session/161357d5-fcc6-4eaa-9d90-5323de6c23e8/timeouts &amp#27;[39m&amp#27;[32m200&amp#27;[39m &amp#27;[90m6 ms - 14&amp#27;[39m
&amp#27;[38;5;0m[HTTP]&amp#27;[0m &amp#27;[90m&amp#27;[39m
&amp#27;[38;5;0m[HTTP]&amp#27;[0m &amp#27;[37m-->&amp#27;[39m &amp#27;[37mPOST&amp#27;[39m &amp#27;[37m/session/161357d5-fcc6-4eaa-9d90-5323de6c23e8/execute/sync&amp#27;[39m
&amp#27;[38;5;0m[HTTP]&amp#27;[0m &amp#27;[90m{"args":[{"intent":"com.androidsample.generalstore/com.androidsample.generalstore.SplashActivity"}],"script":"mobile: startActivity"}&amp#27;[39m
&amp#27;[38;5;32m[AndroidUiautomator2Driver@68c7 (161357d5)]&amp#27;[0m Calling AppiumDriver.execute() with args: ["mobile: startActivity",[{"intent":"com.androidsample.generalstore/com.androidsample.generalstore.SplashActivity"}],"161357d5-fcc6-4eaa-9d90-5323de6c23e8"]
&amp#27;[38;5;32m[AndroidUiautomator2Driver@68c7 (161357d5)]&amp#27;[0m Executing native command 'mobile: startActivity'
&amp#27;[38;5;48m[ADB]&amp#27;[0m Running 'C:\Users\sures\AppData\Local\Android\Sdk\platform-tools\adb.exe -P 5037 -s emulator-5554 shell am start-activity com.androidsample.generalstore/com.androidsample.generalstore.SplashActivity'
&amp#27;[38;5;32m[AndroidUiautomator2Driver@68c7 (161357d5)]&amp#27;[0m Responding to client with driver.execute() result: "Starting: Intent { act=android.intent.action.MAIN cat=[android.intent.category.LAUNCHER] cmp=com.androidsample.generalstore/.SplashActivity }"
&amp#27;[38;5;0m[HTTP]&amp#27;[0m &amp#27;[37m<-- POST /session/161357d5-fcc6-4eaa-9d90-5323de6c23e8/execute/sync &amp#27;[39m&amp#27;[32m200&amp#27;[39m &amp#27;[90m77 ms - 153&amp#27;[39m
&amp#27;[38;5;0m[HTTP]&amp#27;[0m &amp#27;[90m&amp#27;[39m
&amp#27;[38;5;0m[HTTP]&amp#27;[0m &amp#27;[37m-->&amp#27;[39m &amp#27;[37mPOST&amp#27;[39m &amp#27;[37m/session/161357d5-fcc6-4eaa-9d90-5323de6c23e8/timeouts&amp#27;[39m
&amp#27;[38;5;0m[HTTP]&amp#27;[0m &amp#27;[90m{"implicit":10000}&amp#27;[39m
&amp#27;[38;5;32m[AndroidUiautomator2Driver@68c7 (161357d5)]&amp#27;[0m Calling AppiumDriver.timeouts() with args: [null,null,null,null,10000,"161357d5-fcc6-4eaa-9d90-5323de6c23e8"]
&amp#27;[38;5;32m[AndroidUiautomator2Driver@68c7 (161357d5)]&amp#27;[0m W3C timeout argument: {"implicit":10000}}
&amp#27;[38;5;32m[AndroidUiautomator2Driver@68c7 (161357d5)]&amp#27;[0m Set implicit wait to 10000ms
&amp#27;[38;5;32m[AndroidUiautomator2Driver@68c7 (161357d5)]&amp#27;[0m Responding to client with driver.timeouts() result: null
&amp#27;[38;5;0m[HTTP]&amp#27;[0m &amp#27;[37m<-- POST /session/161357d5-fcc6-4eaa-9d90-5323de6c23e8/timeouts &amp#27;[39m&amp#27;[32m200&amp#27;[39m &amp#27;[90m2 ms - 14&amp#27;[39m
&amp#27;[38;5;0m[HTTP]&amp#27;[0m &amp#27;[90m&amp#27;[39m
&amp#27;[38;5;0m[HTTP]&amp#27;[0m &amp#27;[37m-->&amp#27;[39m &amp#27;[37mGET&amp#27;[39m &amp#27;[37m/session/161357d5-fcc6-4eaa-9d90-5323de6c23e8/context&amp#27;[39m
&amp#27;[38;5;0m[HTTP]&amp#27;[0m &amp#27;[90m{}&amp#27;[39m
&amp#27;[38;5;32m[AndroidUiautomator2Driver@68c7 (161357d5)]&amp#27;[0m Calling AppiumDriver.getCurrentContext() with args: ["161357d5-fcc6-4eaa-9d90-5323de6c23e8"]
&amp#27;[38;5;32m[AndroidUiautomator2Driver@68c7 (161357d5)]&amp#27;[0m Responding to client with driver.getCurrentContext() result: "NATIVE_APP"
&amp#27;[38;5;0m[HTTP]&amp#27;[0m &amp#27;[37m<-- GET /session/161357d5-fcc6-4eaa-9d90-5323de6c23e8/context &amp#27;[39m&amp#27;[32m200&amp#27;[39m &amp#27;[90m5 ms - 22&amp#27;[39m
&amp#27;[38;5;0m[HTTP]&amp#27;[0m &amp#27;[90m&amp#27;[39m
&amp#27;[38;5;0m[HTTP]&amp#27;[0m &amp#27;[37m-->&amp#27;[39m &amp#27;[37mPOST&amp#27;[39m &amp#27;[37m/session/161357d5-fcc6-4eaa-9d90-5323de6c23e8/element&amp#27;[39m
&amp#27;[38;5;0m[HTTP]&amp#27;[0m &amp#27;[90m{"value":"com.androidsample.generalstore:id/nameField","using":"id"}&amp#27;[39m
&amp#27;[38;5;32m[AndroidUiautomator2Driver@68c7 (161357d5)]&amp#27;[0m Calling AppiumDriver.findElement() with args: ["id","com.androidsample.generalstore:id/nameField","161357d5-fcc6-4eaa-9d90-5323de6c23e8"]
&amp#27;[38;5;32m[AndroidUiautomator2Driver@68c7 (161357d5)]&amp#27;[0m Valid locator strategies for this request: xpath, id, class name, accessibility id, css selector, -android uiautomator
&amp#27;[38;5;32m[AndroidUiautomator2Driver@68c7 (161357d5)]&amp#27;[0m Waiting up to 10000 ms for condition
&amp#27;[38;5;32m[AndroidUiautomator2Driver@68c7 (161357d5)]&amp#27;[0m Matched '/element' to command name 'findElement'
&amp#27;[38;5;32m[AndroidUiautomator2Driver@68c7 (161357d5)]&amp#27;[0m Proxying [POST /element] to [POST http://127.0.0.1:8205/session/12a2c0c4-62b9-4645-ac6a-039c1e58fde1/element] with body: {"strategy":"id","selector":"com.androidsample.generalstore:id/nameField","context":"","multiple":false}
&amp#27;[38;5;32m[AndroidUiautomator2Driver@68c7 (161357d5)]&amp#27;[0m Got response with status 404: {"sessionId":"12a2c0c4-62b9-4645-ac6a-039c1e58fde1","value":{"error":"no such element","message":"An element could not be located on the page using the given search parameters","stacktrace":"io.appium.uiautomator2.common.exceptions.ElementNotFoundException: An element could not be located on the page using the given search parameters\n\tat io.appium.uiautomator2.handler.FindElement.safeHandle(FindElement.java:63)\n\tat io.appium.uiautomator2.handler.request.SafeRequestHandler.handle(SafeRequestHandler.java:59)\n\tat io.appium.uiautomator2.server.AppiumServlet.handleRequest(AppiumServlet.java:259)\n\tat io.appium.uiautomator2.server.AppiumServlet.handleHttpRequest(AppiumServlet.java:253)\n\tat io.appium.uiautomator2.http.ServerHandler.channelRead(ServerHandler.java:77)\n\tat io.netty.channel.AbstractChannelHandlerContext.invokeChannelRead(AbstractChannelHandlerContext.java:366)\n\tat io.netty.channel.AbstractChannelHandlerContext.invokeChannelRead(AbstractChannelHandlerContext.java:352)\n\tat io.netty.chann...
&amp#27;[38;5;112m[W3C]&amp#27;[0m Matched W3C error code 'no such element' to NoSuchElementError
&amp#27;[38;5;32m[AndroidUiautomator2Driver@68c7 (161357d5)]&amp#27;[0m Waited for 62 ms so far
&amp#27;[38;5;32m[AndroidUiautomator2Driver@68c7 (161357d5)]&amp#27;[0m Matched '/element' to command name 'findElement'
&amp#27;[38;5;32m[AndroidUiautomator2Driver@68c7 (161357d5)]&amp#27;[0m Proxying [POST /element] to [POST http://127.0.0.1:8205/session/12a2c0c4-62b9-4645-ac6a-039c1e58fde1/element] with body: {"strategy":"id","selector":"com.androidsample.generalstore:id/nameField","context":"","multiple":false}
&amp#27;[38;5;32m[AndroidUiautomator2Driver@68c7 (161357d5)]&amp#27;[0m Got response with status 404: {"sessionId":"12a2c0c4-62b9-4645-ac6a-039c1e58fde1","value":{"error":"no such element","message":"An element could not be located on the page using the given search parameters","stacktrace":"io.appium.uiautomator2.common.exceptions.ElementNotFoundException: An element could not be located on the page using the given search parameters\n\tat io.appium.uiautomator2.handler.FindElement.safeHandle(FindElement.java:63)\n\tat io.appium.uiautomator2.handler.request.SafeRequestHandler.handle(SafeRequestHandler.java:59)\n\tat io.appium.uiautomator2.server.AppiumServlet.handleRequest(AppiumServlet.java:259)\n\tat io.appium.uiautomator2.server.AppiumServlet.handleHttpRequest(AppiumServlet.java:253)\n\tat io.appium.uiautomator2.http.ServerHandler.channelRead(ServerHandler.java:77)\n\tat io.netty.channel.AbstractChannelHandlerContext.invokeChannelRead(AbstractChannelHandlerContext.java:366)\n\tat io.netty.channel.AbstractChannelHandlerContext.invokeChannelRead(AbstractChannelHandlerContext.java:352)\n\tat io.netty.chann...
&amp#27;[38;5;112m[W3C]&amp#27;[0m Matched W3C error code 'no such element' to NoSuchElementError
&amp#27;[38;5;32m[AndroidUiautomator2Driver@68c7 (161357d5)]&amp#27;[0m Waited for 633 ms so far
&amp#27;[38;5;32m[AndroidUiautomator2Driver@68c7 (161357d5)]&amp#27;[0m Matched '/element' to command name 'findElement'
&amp#27;[38;5;32m[AndroidUiautomator2Driver@68c7 (161357d5)]&amp#27;[0m Proxying [POST /element] to [POST http://127.0.0.1:8205/session/12a2c0c4-62b9-4645-ac6a-039c1e58fde1/element] with body: {"strategy":"id","selector":"com.androidsample.generalstore:id/nameField","context":"","multiple":false}
&amp#27;[38;5;32m[AndroidUiautomator2Driver@68c7 (161357d5)]&amp#27;[0m Got response with status 404: {"sessionId":"12a2c0c4-62b9-4645-ac6a-039c1e58fde1","value":{"error":"no such element","message":"An element could not be located on the page using the given search parameters","stacktrace":"io.appium.uiautomator2.common.exceptions.ElementNotFoundException: An element could not be located on the page using the given search parameters\n\tat io.appium.uiautomator2.handler.FindElement.safeHandle(FindElement.java:63)\n\tat io.appium.uiautomator2.handler.request.SafeRequestHandler.handle(SafeRequestHandler.java:59)\n\tat io.appium.uiautomator2.server.AppiumServlet.handleRequest(AppiumServlet.java:259)\n\tat io.appium.uiautomator2.server.AppiumServlet.handleHttpRequest(AppiumServlet.java:253)\n\tat io.appium.uiautomator2.http.ServerHandler.channelRead(ServerHandler.java:77)\n\tat io.netty.channel.AbstractChannelHandlerContext.invokeChannelRead(AbstractChannelHandlerContext.java:366)\n\tat io.netty.channel.AbstractChannelHandlerContext.invokeChannelRead(AbstractChannelHandlerContext.java:352)\n\tat io.netty.chann...
&amp#27;[38;5;112m[W3C]&amp#27;[0m Matched W3C error code 'no such element' to NoSuchElementError
&amp#27;[38;5;32m[AndroidUiautomator2Driver@68c7 (161357d5)]&amp#27;[0m Waited for 1164 ms so far
&amp#27;[38;5;32m[AndroidUiautomator2Driver@68c7 (161357d5)]&amp#27;[0m Matched '/element' to command name 'findElement'
&amp#27;[38;5;32m[AndroidUiautomator2Driver@68c7 (161357d5)]&amp#27;[0m Proxying [POST /element] to [POST http://127.0.0.1:8205/session/12a2c0c4-62b9-4645-ac6a-039c1e58fde1/element] with body: {"strategy":"id","selector":"com.androidsample.generalstore:id/nameField","context":"","multiple":false}
&amp#27;[38;5;32m[AndroidUiautomator2Driver@68c7 (161357d5)]&amp#27;[0m Got response with status 404: {"sessionId":"12a2c0c4-62b9-4645-ac6a-039c1e58fde1","value":{"error":"no such element","message":"An element could not be located on the page using the given search parameters","stacktrace":"io.appium.uiautomator2.common.exceptions.ElementNotFoundException: An element could not be located on the page using the given search parameters\n\tat io.appium.uiautomator2.handler.FindElement.safeHandle(FindElement.java:63)\n\tat io.appium.uiautomator2.handler.request.SafeRequestHandler.handle(SafeRequestHandler.java:59)\n\tat io.appium.uiautomator2.server.AppiumServlet.handleRequest(AppiumServlet.java:259)\n\tat io.appium.uiautomator2.server.AppiumServlet.handleHttpRequest(AppiumServlet.java:253)\n\tat io.appium.uiautomator2.http.ServerHandler.channelRead(ServerHandler.java:77)\n\tat io.netty.channel.AbstractChannelHandlerContext.invokeChannelRead(AbstractChannelHandlerContext.java:366)\n\tat io.netty.channel.AbstractChannelHandlerContext.invokeChannelRead(AbstractChannelHandlerContext.java:352)\n\tat io.netty.chann...
&amp#27;[38;5;112m[W3C]&amp#27;[0m Matched W3C error code 'no such element' to NoSuchElementError
&amp#27;[38;5;32m[AndroidUiautomator2Driver@68c7 (161357d5)]&amp#27;[0m Waited for 2755 ms so far
&amp#27;[38;5;32m[AndroidUiautomator2Driver@68c7 (161357d5)]&amp#27;[0m Matched '/element' to command name 'findElement'
&amp#27;[38;5;32m[AndroidUiautomator2Driver@68c7 (161357d5)]&amp#27;[0m Proxying [POST /element] to [POST http://127.0.0.1:8205/session/12a2c0c4-62b9-4645-ac6a-039c1e58fde1/element] with body: {"strategy":"id","selector":"com.androidsample.generalstore:id/nameField","context":"","multiple":false}
&amp#27;[38;5;32m[AndroidUiautomator2Driver@68c7 (161357d5)]&amp#27;[0m Got response with status 200: {"sessionId":"12a2c0c4-62b9-4645-ac6a-039c1e58fde1","value":{"ELEMENT":"00000000-0000-0081-ffff-ffff0000001c","element-6066-11e4-a52e-4f735466cecf":"00000000-0000-0081-ffff-ffff0000001c"}}
&amp#27;[38;5;32m[AndroidUiautomator2Driver@68c7 (161357d5)]&amp#27;[0m Responding to client with driver.findElement() result: {"element-6066-11e4-a52e-4f735466cecf":"00000000-0000-0081-ffff-ffff0000001c","ELEMENT":"00000000-0000-0081-ffff-ffff0000001c"}
&amp#27;[38;5;0m[HTTP]&amp#27;[0m &amp#27;[37m<-- POST /session/161357d5-fcc6-4eaa-9d90-5323de6c23e8/element &amp#27;[39m&amp#27;[32m200&amp#27;[39m &amp#27;[90m4093 ms - 137&amp#27;[39m
&amp#27;[38;5;0m[HTTP]&amp#27;[0m &amp#27;[90m&amp#27;[39m
&amp#27;[38;5;0m[HTTP]&amp#27;[0m &amp#27;[37m-->&amp#27;[39m &amp#27;[37mPOST&amp#27;[39m &amp#27;[37m/session/161357d5-fcc6-4eaa-9d90-5323de6c23e8/element/00000000-0000-0081-ffff-ffff0000001c/value&amp#27;[39m
&amp#27;[38;5;0m[HTTP]&amp#27;[0m &amp#27;[90m{"value":["K","a","l","p","a","n","a"],"id":"00000000-0000-0081-ffff-ffff0000001c","text":"Kalpana"}&amp#27;[39m
&amp#27;[38;5;32m[AndroidUiautomator2Driver@68c7 (161357d5)]&amp#27;[0m Calling AppiumDriver.setValue() with args: [["K","a","l","p","a","n","a"],"00000000-0000-0081-ffff-ffff0000001c","161357d5-fcc6-4eaa-9d90-5323de6c23e8"]
&amp#27;[38;5;32m[AndroidUiautomator2Driver@68c7 (161357d5)]&amp#27;[0m Matched '/element/00000000-0000-0081-ffff-ffff0000001c/value' to command name 'setValue'
&amp#27;[38;5;32m[AndroidUiautomator2Driver@68c7 (161357d5)]&amp#27;[0m Added 'value' property ["K","a","l","p","a","n","a"] to 'setValue' request body
&amp#27;[38;5;32m[AndroidUiautomator2Driver@68c7 (161357d5)]&amp#27;[0m Proxying [POST /element/00000000-0000-0081-ffff-ffff0000001c/value] to [POST http://127.0.0.1:8205/session/12a2c0c4-62b9-4645-ac6a-039c1e58fde1/element/00000000-0000-0081-ffff-ffff0000001c/value] with body: {"elementId":"00000000-0000-0081-ffff-ffff0000001c","text":"Kalpana","replace":false,"value":["K","a","l","p","a","n","a"]}
&amp#27;[38;5;32m[AndroidUiautomator2Driver@68c7 (161357d5)]&amp#27;[0m Got response with status 200: {"sessionId":"12a2c0c4-62b9-4645-ac6a-039c1e58fde1","value":null}
&amp#27;[38;5;32m[AndroidUiautomator2Driver@68c7 (161357d5)]&amp#27;[0m Responding to client with driver.setValue() result: null
&amp#27;[38;5;0m[HTTP]&amp#27;[0m &amp#27;[37m<-- POST /session/161357d5-fcc6-4eaa-9d90-5323de6c23e8/element/00000000-0000-0081-ffff-ffff0000001c/value &amp#27;[39m&amp#27;[32m200&amp#27;[39m &amp#27;[90m549 ms - 14&amp#27;[39m
&amp#27;[38;5;0m[HTTP]&amp#27;[0m &amp#27;[90m&amp#27;[39m
&amp#27;[38;5;0m[HTTP]&amp#27;[0m &amp#27;[37m-->&amp#27;[39m &amp#27;[37mPOST&amp#27;[39m &amp#27;[37m/session/161357d5-fcc6-4eaa-9d90-5323de6c23e8/execute/sync&amp#27;[39m
&amp#27;[38;5;0m[HTTP]&amp#27;[0m &amp#27;[90m{"args":[],"script":"mobile: hideKeyboard"}&amp#27;[39m
&amp#27;[38;5;32m[AndroidUiautomator2Driver@68c7 (161357d5)]&amp#27;[0m Calling AppiumDriver.execute() with args: ["mobile: hideKeyboard",[],"161357d5-fcc6-4eaa-9d90-5323de6c23e8"]
&amp#27;[38;5;32m[AndroidUiautomator2Driver@68c7 (161357d5)]&amp#27;[0m Executing native command 'mobile: hideKeyboard'
&amp#27;[38;5;48m[ADB]&amp#27;[0m Running 'C:\Users\sures\AppData\Local\Android\Sdk\platform-tools\adb.exe -P 5037 -s emulator-5554 shell dumpsys input_method'
&amp#27;[38;5;48m[ADB]&amp#27;[0m Keyboard has no UI; no closing necessary
&amp#27;[38;5;32m[AndroidUiautomator2Driver@68c7 (161357d5)]&amp#27;[0m Responding to client with driver.execute() result: false
&amp#27;[38;5;0m[HTTP]&amp#27;[0m &amp#27;[37m<-- POST /session/161357d5-fcc6-4eaa-9d90-5323de6c23e8/execute/sync &amp#27;[39m&amp#27;[32m200&amp#27;[39m &amp#27;[90m221 ms - 15&amp#27;[39m
&amp#27;[38;5;0m[HTTP]&amp#27;[0m &amp#27;[90m&amp#27;[39m
&amp#27;[38;5;0m[HTTP]&amp#27;[0m &amp#27;[37m-->&amp#27;[39m &amp#27;[37mGET&amp#27;[39m &amp#27;[37m/session/161357d5-fcc6-4eaa-9d90-5323de6c23e8/context&amp#27;[39m
&amp#27;[38;5;0m[HTTP]&amp#27;[0m &amp#27;[90m{}&amp#27;[39m
&amp#27;[38;5;32m[AndroidUiautomator2Driver@68c7 (161357d5)]&amp#27;[0m Calling AppiumDriver.getCurrentContext() with args: ["161357d5-fcc6-4eaa-9d90-5323de6c23e8"]
&amp#27;[38;5;32m[AndroidUiautomator2Driver@68c7 (161357d5)]&amp#27;[0m Responding to client with driver.getCurrentContext() result: "NATIVE_APP"
&amp#27;[38;5;0m[HTTP]&amp#27;[0m &amp#27;[37m<-- GET /session/161357d5-fcc6-4eaa-9d90-5323de6c23e8/context &amp#27;[39m&amp#27;[32m200&amp#27;[39m &amp#27;[90m3 ms - 22&amp#27;[39m
&amp#27;[38;5;0m[HTTP]&amp#27;[0m &amp#27;[90m&amp#27;[39m
&amp#27;[38;5;0m[HTTP]&amp#27;[0m &amp#27;[37m-->&amp#27;[39m &amp#27;[37mPOST&amp#27;[39m &amp#27;[37m/session/161357d5-fcc6-4eaa-9d90-5323de6c23e8/element&amp#27;[39m
&amp#27;[38;5;0m[HTTP]&amp#27;[0m &amp#27;[90m{"value":"com.androidsample.generalstore:id/radioMale","using":"id"}&amp#27;[39m
&amp#27;[38;5;32m[AndroidUiautomator2Driver@68c7 (161357d5)]&amp#27;[0m Calling AppiumDriver.findElement() with args: ["id","com.androidsample.generalstore:id/radioMale","161357d5-fcc6-4eaa-9d90-5323de6c23e8"]
&amp#27;[38;5;32m[AndroidUiautomator2Driver@68c7 (161357d5)]&amp#27;[0m Valid locator strategies for this request: xpath, id, class name, accessibility id, css selector, -android uiautomator
&amp#27;[38;5;32m[AndroidUiautomator2Driver@68c7 (161357d5)]&amp#27;[0m Waiting up to 10000 ms for condition
&amp#27;[38;5;32m[AndroidUiautomator2Driver@68c7 (161357d5)]&amp#27;[0m Matched '/element' to command name 'findElement'
&amp#27;[38;5;32m[AndroidUiautomator2Driver@68c7 (161357d5)]&amp#27;[0m Proxying [POST /element] to [POST http://127.0.0.1:8205/session/12a2c0c4-62b9-4645-ac6a-039c1e58fde1/element] with body: {"strategy":"id","selector":"com.androidsample.generalstore:id/radioMale","context":"","multiple":false}
&amp#27;[38;5;32m[AndroidUiautomator2Driver@68c7 (161357d5)]&amp#27;[0m Got response with status 200: {"sessionId":"12a2c0c4-62b9-4645-ac6a-039c1e58fde1","value":{"ELEMENT":"00000000-0000-0081-ffff-ffff0000001f","element-6066-11e4-a52e-4f735466cecf":"00000000-0000-0081-ffff-ffff0000001f"}}
&amp#27;[38;5;32m[AndroidUiautomator2Driver@68c7 (161357d5)]&amp#27;[0m Responding to client with driver.findElement() result: {"element-6066-11e4-a52e-4f735466cecf":"00000000-0000-0081-ffff-ffff0000001f","ELEMENT":"00000000-0000-0081-ffff-ffff0000001f"}
&amp#27;[38;5;0m[HTTP]&amp#27;[0m &amp#27;[37m<-- POST /session/161357d5-fcc6-4eaa-9d90-5323de6c23e8/element &amp#27;[39m&amp#27;[32m200&amp#27;[39m &amp#27;[90m286 ms - 137&amp#27;[39m
&amp#27;[38;5;0m[HTTP]&amp#27;[0m &amp#27;[90m&amp#27;[39m
&amp#27;[38;5;0m[HTTP]&amp#27;[0m &amp#27;[37m-->&amp#27;[39m &amp#27;[37mPOST&amp#27;[39m &amp#27;[37m/session/161357d5-fcc6-4eaa-9d90-5323de6c23e8/element/00000000-0000-0081-ffff-ffff0000001f/click&amp#27;[39m
&amp#27;[38;5;0m[HTTP]&amp#27;[0m &amp#27;[90m{"id":"00000000-0000-0081-ffff-ffff0000001f"}&amp#27;[39m
&amp#27;[38;5;32m[AndroidUiautomator2Driver@68c7 (161357d5)]&amp#27;[0m Calling AppiumDriver.click() with args: ["00000000-0000-0081-ffff-ffff0000001f","161357d5-fcc6-4eaa-9d90-5323de6c23e8"]
&amp#27;[38;5;32m[AndroidUiautomator2Driver@68c7 (161357d5)]&amp#27;[0m Matched '/element/00000000-0000-0081-ffff-ffff0000001f/click' to command name 'click'
&amp#27;[38;5;32m[AndroidUiautomator2Driver@68c7 (161357d5)]&amp#27;[0m Proxying [POST /element/00000000-0000-0081-ffff-ffff0000001f/click] to [POST http://127.0.0.1:8205/session/12a2c0c4-62b9-4645-ac6a-039c1e58fde1/element/00000000-0000-0081-ffff-ffff0000001f/click] with body: {"element":"00000000-0000-0081-ffff-ffff0000001f"}
&amp#27;[38;5;32m[AndroidUiautomator2Driver@68c7 (161357d5)]&amp#27;[0m Got response with status 200: {"sessionId":"12a2c0c4-62b9-4645-ac6a-039c1e58fde1","value":null}
&amp#27;[38;5;32m[AndroidUiautomator2Driver@68c7 (161357d5)]&amp#27;[0m Responding to client with driver.click() result: null
&amp#27;[38;5;0m[HTTP]&amp#27;[0m &amp#27;[37m<-- POST /session/161357d5-fcc6-4eaa-9d90-5323de6c23e8/element/00000000-0000-0081-ffff-ffff0000001f/click &amp#27;[39m&amp#27;[32m200&amp#27;[39m &amp#27;[90m96 ms - 14&amp#27;[39m
&amp#27;[38;5;0m[HTTP]&amp#27;[0m &amp#27;[90m&amp#27;[39m
&amp#27;[38;5;0m[HTTP]&amp#27;[0m &amp#27;[37m-->&amp#27;[39m &amp#27;[37mGET&amp#27;[39m &amp#27;[37m/session/161357d5-fcc6-4eaa-9d90-5323de6c23e8/context&amp#27;[39m
&amp#27;[38;5;0m[HTTP]&amp#27;[0m &amp#27;[90m{}&amp#27;[39m
&amp#27;[38;5;32m[AndroidUiautomator2Driver@68c7 (161357d5)]&amp#27;[0m Calling AppiumDriver.getCurrentContext() with args: ["161357d5-fcc6-4eaa-9d90-5323de6c23e8"]
&amp#27;[38;5;32m[AndroidUiautomator2Driver@68c7 (161357d5)]&amp#27;[0m Responding to client with driver.getCurrentContext() result: "NATIVE_APP"
&amp#27;[38;5;0m[HTTP]&amp#27;[0m &amp#27;[37m<-- GET /session/161357d5-fcc6-4eaa-9d90-5323de6c23e8/context &amp#27;[39m&amp#27;[32m200&amp#27;[39m &amp#27;[90m1 ms - 22&amp#27;[39m
&amp#27;[38;5;0m[HTTP]&amp#27;[0m &amp#27;[90m&amp#27;[39m
&amp#27;[38;5;0m[HTTP]&amp#27;[0m &amp#27;[37m-->&amp#27;[39m &amp#27;[37mPOST&amp#27;[39m &amp#27;[37m/session/161357d5-fcc6-4eaa-9d90-5323de6c23e8/element&amp#27;[39m
&amp#27;[38;5;0m[HTTP]&amp#27;[0m &amp#27;[90m{"value":"com.androidsample.generalstore:id/spinnerCountry","using":"id"}&amp#27;[39m
&amp#27;[38;5;32m[AndroidUiautomator2Driver@68c7 (161357d5)]&amp#27;[0m Calling AppiumDriver.findElement() with args: ["id","com.androidsample.generalstore:id/spinnerCountry","161357d5-fcc6-4eaa-9d90-5323de6c23e8"]
&amp#27;[38;5;32m[AndroidUiautomator2Driver@68c7 (161357d5)]&amp#27;[0m Valid locator strategies for this request: xpath, id, class name, accessibility id, css selector, -android uiautomator
&amp#27;[38;5;32m[AndroidUiautomator2Driver@68c7 (161357d5)]&amp#27;[0m Waiting up to 10000 ms for condition
&amp#27;[38;5;32m[AndroidUiautomator2Driver@68c7 (161357d5)]&amp#27;[0m Matched '/element' to command name 'findElement'
&amp#27;[38;5;32m[AndroidUiautomator2Driver@68c7 (161357d5)]&amp#27;[0m Proxying [POST /element] to [POST http://127.0.0.1:8205/session/12a2c0c4-62b9-4645-ac6a-039c1e58fde1/element] with body: {"strategy":"id","selector":"com.androidsample.generalstore:id/spinnerCountry","context":"","multiple":false}
&amp#27;[38;5;32m[AndroidUiautomator2Driver@68c7 (161357d5)]&amp#27;[0m Got response with status 200: {"sessionId":"12a2c0c4-62b9-4645-ac6a-039c1e58fde1","value":{"ELEMENT":"00000000-0000-0081-ffff-ffff0000001a","element-6066-11e4-a52e-4f735466cecf":"00000000-0000-0081-ffff-ffff0000001a"}}
&amp#27;[38;5;32m[AndroidUiautomator2Driver@68c7 (161357d5)]&amp#27;[0m Responding to client with driver.findElement() result: {"element-6066-11e4-a52e-4f735466cecf":"00000000-0000-0081-ffff-ffff0000001a","ELEMENT":"00000000-0000-0081-ffff-ffff0000001a"}
&amp#27;[38;5;0m[HTTP]&amp#27;[0m &amp#27;[37m<-- POST /session/161357d5-fcc6-4eaa-9d90-5323de6c23e8/element &amp#27;[39m&amp#27;[32m200&amp#27;[39m &amp#27;[90m502 ms - 137&amp#27;[39m
&amp#27;[38;5;0m[HTTP]&amp#27;[0m &amp#27;[90m&amp#27;[39m
&amp#27;[38;5;0m[HTTP]&amp#27;[0m &amp#27;[37m-->&amp#27;[39m &amp#27;[37mPOST&amp#27;[39m &amp#27;[37m/session/161357d5-fcc6-4eaa-9d90-5323de6c23e8/element/00000000-0000-0081-ffff-ffff0000001a/click&amp#27;[39m
&amp#27;[38;5;0m[HTTP]&amp#27;[0m &amp#27;[90m{"id":"00000000-0000-0081-ffff-ffff0000001a"}&amp#27;[39m
&amp#27;[38;5;32m[AndroidUiautomator2Driver@68c7 (161357d5)]&amp#27;[0m Calling AppiumDriver.click() with args: ["00000000-0000-0081-ffff-ffff0000001a","161357d5-fcc6-4eaa-9d90-5323de6c23e8"]
&amp#27;[38;5;32m[AndroidUiautomator2Driver@68c7 (161357d5)]&amp#27;[0m Matched '/element/00000000-0000-0081-ffff-ffff0000001a/click' to command name 'click'
&amp#27;[38;5;32m[AndroidUiautomator2Driver@68c7 (161357d5)]&amp#27;[0m Proxying [POST /element/00000000-0000-0081-ffff-ffff0000001a/click] to [POST http://127.0.0.1:8205/session/12a2c0c4-62b9-4645-ac6a-039c1e58fde1/element/00000000-0000-0081-ffff-ffff0000001a/click] with body: {"element":"00000000-0000-0081-ffff-ffff0000001a"}
&amp#27;[38;5;32m[AndroidUiautomator2Driver@68c7 (161357d5)]&amp#27;[0m Got response with status 200: {"sessionId":"12a2c0c4-62b9-4645-ac6a-039c1e58fde1","value":null}
&amp#27;[38;5;32m[AndroidUiautomator2Driver@68c7 (161357d5)]&amp#27;[0m Responding to client with driver.click() result: null
&amp#27;[38;5;0m[HTTP]&amp#27;[0m &amp#27;[37m<-- POST /session/161357d5-fcc6-4eaa-9d90-5323de6c23e8/element/00000000-0000-0081-ffff-ffff0000001a/click &amp#27;[39m&amp#27;[32m200&amp#27;[39m &amp#27;[90m76 ms - 14&amp#27;[39m
&amp#27;[38;5;0m[HTTP]&amp#27;[0m &amp#27;[90m&amp#27;[39m
&amp#27;[38;5;0m[HTTP]&amp#27;[0m &amp#27;[37m-->&amp#27;[39m &amp#27;[37mPOST&amp#27;[39m &amp#27;[37m/session/161357d5-fcc6-4eaa-9d90-5323de6c23e8/element&amp#27;[39m
&amp#27;[38;5;0m[HTTP]&amp#27;[0m &amp#27;[90m{"value":"new UiScrollable(new UiSelector().scrollable(true)).scrollIntoView(new UiSelector().text(\"Austria\"));","using":"-android uiautomator"}&amp#27;[39m
&amp#27;[38;5;32m[AndroidUiautomator2Driver@68c7 (161357d5)]&amp#27;[0m Calling AppiumDriver.findElement() with args: ["-android uiautomator","new UiScrollable(new UiSelector().scrollable(true)).scrollIntoView(new UiSelector().text(\"Austria\"));","161357d5-fcc6-4eaa-9d90-5323de6c23e8"]
&amp#27;[38;5;32m[AndroidUiautomator2Driver@68c7 (161357d5)]&amp#27;[0m Valid locator strategies for this request: xpath, id, class name, accessibility id, css selector, -android uiautomator
&amp#27;[38;5;32m[AndroidUiautomator2Driver@68c7 (161357d5)]&amp#27;[0m Waiting up to 10000 ms for condition
&amp#27;[38;5;32m[AndroidUiautomator2Driver@68c7 (161357d5)]&amp#27;[0m Matched '/element' to command name 'findElement'
&amp#27;[38;5;32m[AndroidUiautomator2Driver@68c7 (161357d5)]&amp#27;[0m Proxying [POST /element] to [POST http://127.0.0.1:8205/session/12a2c0c4-62b9-4645-ac6a-039c1e58fde1/element] with body: {"strategy":"-android uiautomator","selector":"new UiScrollable(new UiSelector().scrollable(true)).scrollIntoView(new UiSelector().text(\"Austria\"));","context":"","multiple":false}
&amp#27;[38;5;32m[AndroidUiautomator2Driver@68c7 (161357d5)]&amp#27;[0m Got response with status 200: {"sessionId":"12a2c0c4-62b9-4645-ac6a-039c1e58fde1","value":{"ELEMENT":"00000000-0000-0082-ffff-ffff0000002c","element-6066-11e4-a52e-4f735466cecf":"00000000-0000-0082-ffff-ffff0000002c"}}
&amp#27;[38;5;32m[AndroidUiautomator2Driver@68c7 (161357d5)]&amp#27;[0m Responding to client with driver.findElement() result: {"element-6066-11e4-a52e-4f735466cecf":"00000000-0000-0082-ffff-ffff0000002c","ELEMENT":"00000000-0000-0082-ffff-ffff0000002c"}
&amp#27;[38;5;0m[HTTP]&amp#27;[0m &amp#27;[37m<-- POST /session/161357d5-fcc6-4eaa-9d90-5323de6c23e8/element &amp#27;[39m&amp#27;[32m200&amp#27;[39m &amp#27;[90m4792 ms - 137&amp#27;[39m
&amp#27;[38;5;0m[HTTP]&amp#27;[0m &amp#27;[90m&amp#27;[39m
&amp#27;[38;5;0m[HTTP]&amp#27;[0m &amp#27;[37m-->&amp#27;[39m &amp#27;[37mPOST&amp#27;[39m &amp#27;[37m/session/161357d5-fcc6-4eaa-9d90-5323de6c23e8/element&amp#27;[39m
&amp#27;[38;5;0m[HTTP]&amp#27;[0m &amp#27;[90m{"value":"//android.widget.TextView[@text='Austria']","using":"xpath"}&amp#27;[39m
&amp#27;[38;5;32m[AndroidUiautomator2Driver@68c7 (161357d5)]&amp#27;[0m Calling AppiumDriver.findElement() with args: ["xpath","//android.widget.TextView[@text='Austria']","161357d5-fcc6-4eaa-9d90-5323de6c23e8"]
&amp#27;[38;5;32m[AndroidUiautomator2Driver@68c7 (161357d5)]&amp#27;[0m Valid locator strategies for this request: xpath, id, class name, accessibility id, css selector, -android uiautomator
&amp#27;[38;5;32m[AndroidUiautomator2Driver@68c7 (161357d5)]&amp#27;[0m Waiting up to 10000 ms for condition
&amp#27;[38;5;32m[AndroidUiautomator2Driver@68c7 (161357d5)]&amp#27;[0m Matched '/element' to command name 'findElement'
&amp#27;[38;5;32m[AndroidUiautomator2Driver@68c7 (161357d5)]&amp#27;[0m Proxying [POST /element] to [POST http://127.0.0.1:8205/session/12a2c0c4-62b9-4645-ac6a-039c1e58fde1/element] with body: {"strategy":"xpath","selector":"//android.widget.TextView[@text='Austria']","context":"","multiple":false}
&amp#27;[38;5;32m[AndroidUiautomator2Driver@68c7 (161357d5)]&amp#27;[0m Got response with status 200: {"sessionId":"12a2c0c4-62b9-4645-ac6a-039c1e58fde1","value":{"ELEMENT":"00000000-0000-0082-ffff-ffff0000002c","element-6066-11e4-a52e-4f735466cecf":"00000000-0000-0082-ffff-ffff0000002c"}}
&amp#27;[38;5;32m[AndroidUiautomator2Driver@68c7 (161357d5)]&amp#27;[0m Responding to client with driver.findElement() result: {"element-6066-11e4-a52e-4f735466cecf":"00000000-0000-0082-ffff-ffff0000002c","ELEMENT":"00000000-0000-0082-ffff-ffff0000002c"}
&amp#27;[38;5;0m[HTTP]&amp#27;[0m &amp#27;[37m<-- POST /session/161357d5-fcc6-4eaa-9d90-5323de6c23e8/element &amp#27;[39m&amp#27;[32m200&amp#27;[39m &amp#27;[90m600 ms - 137&amp#27;[39m
&amp#27;[38;5;0m[HTTP]&amp#27;[0m &amp#27;[90m&amp#27;[39m
&amp#27;[38;5;0m[HTTP]&amp#27;[0m &amp#27;[37m-->&amp#27;[39m &amp#27;[37mPOST&amp#27;[39m &amp#27;[37m/session/161357d5-fcc6-4eaa-9d90-5323de6c23e8/element/00000000-0000-0082-ffff-ffff0000002c/click&amp#27;[39m
&amp#27;[38;5;0m[HTTP]&amp#27;[0m &amp#27;[90m{"id":"00000000-0000-0082-ffff-ffff0000002c"}&amp#27;[39m
&amp#27;[38;5;32m[AndroidUiautomator2Driver@68c7 (161357d5)]&amp#27;[0m Calling AppiumDriver.click() with args: ["00000000-0000-0082-ffff-ffff0000002c","161357d5-fcc6-4eaa-9d90-5323de6c23e8"]
&amp#27;[38;5;32m[AndroidUiautomator2Driver@68c7 (161357d5)]&amp#27;[0m Matched '/element/00000000-0000-0082-ffff-ffff0000002c/click' to command name 'click'
&amp#27;[38;5;32m[AndroidUiautomator2Driver@68c7 (161357d5)]&amp#27;[0m Proxying [POST /element/00000000-0000-0082-ffff-ffff0000002c/click] to [POST http://127.0.0.1:8205/session/12a2c0c4-62b9-4645-ac6a-039c1e58fde1/element/00000000-0000-0082-ffff-ffff0000002c/click] with body: {"element":"00000000-0000-0082-ffff-ffff0000002c"}
&amp#27;[38;5;32m[AndroidUiautomator2Driver@68c7 (161357d5)]&amp#27;[0m Got response with status 200: {"sessionId":"12a2c0c4-62b9-4645-ac6a-039c1e58fde1","value":null}
&amp#27;[38;5;32m[AndroidUiautomator2Driver@68c7 (161357d5)]&amp#27;[0m Responding to client with driver.click() result: null
&amp#27;[38;5;0m[HTTP]&amp#27;[0m &amp#27;[37m<-- POST /session/161357d5-fcc6-4eaa-9d90-5323de6c23e8/element/00000000-0000-0082-ffff-ffff0000002c/click &amp#27;[39m&amp#27;[32m200&amp#27;[39m &amp#27;[90m691 ms - 14&amp#27;[39m
&amp#27;[38;5;0m[HTTP]&amp#27;[0m &amp#27;[90m&amp#27;[39m
&amp#27;[38;5;0m[HTTP]&amp#27;[0m &amp#27;[37m-->&amp#27;[39m &amp#27;[37mGET&amp#27;[39m &amp#27;[37m/session/161357d5-fcc6-4eaa-9d90-5323de6c23e8/context&amp#27;[39m
&amp#27;[38;5;0m[HTTP]&amp#27;[0m &amp#27;[90m{}&amp#27;[39m
&amp#27;[38;5;32m[AndroidUiautomator2Driver@68c7 (161357d5)]&amp#27;[0m Calling AppiumDriver.getCurrentContext() with args: ["161357d5-fcc6-4eaa-9d90-5323de6c23e8"]
&amp#27;[38;5;32m[AndroidUiautomator2Driver@68c7 (161357d5)]&amp#27;[0m Responding to client with driver.getCurrentContext() result: "NATIVE_APP"
&amp#27;[38;5;0m[HTTP]&amp#27;[0m &amp#27;[37m<-- GET /session/161357d5-fcc6-4eaa-9d90-5323de6c23e8/context &amp#27;[39m&amp#27;[32m200&amp#27;[39m &amp#27;[90m2 ms - 22&amp#27;[39m
&amp#27;[38;5;0m[HTTP]&amp#27;[0m &amp#27;[90m&amp#27;[39m
&amp#27;[38;5;0m[HTTP]&amp#27;[0m &amp#27;[37m-->&amp#27;[39m &amp#27;[37mPOST&amp#27;[39m &amp#27;[37m/session/161357d5-fcc6-4eaa-9d90-5323de6c23e8/element&amp#27;[39m
&amp#27;[38;5;0m[HTTP]&amp#27;[0m &amp#27;[90m{"value":"com.androidsample.generalstore:id/btnLetsShop","using":"id"}&amp#27;[39m
&amp#27;[38;5;32m[AndroidUiautomator2Driver@68c7 (161357d5)]&amp#27;[0m Calling AppiumDriver.findElement() with args: ["id","com.androidsample.generalstore:id/btnLetsShop","161357d5-fcc6-4eaa-9d90-5323de6c23e8"]
&amp#27;[38;5;32m[AndroidUiautomator2Driver@68c7 (161357d5)]&amp#27;[0m Valid locator strategies for this request: xpath, id, class name, accessibility id, css selector, -android uiautomator
&amp#27;[38;5;32m[AndroidUiautomator2Driver@68c7 (161357d5)]&amp#27;[0m Waiting up to 10000 ms for condition
&amp#27;[38;5;32m[AndroidUiautomator2Driver@68c7 (161357d5)]&amp#27;[0m Matched '/element' to command name 'findElement'
&amp#27;[38;5;32m[AndroidUiautomator2Driver@68c7 (161357d5)]&amp#27;[0m Proxying [POST /element] to [POST http://127.0.0.1:8205/session/12a2c0c4-62b9-4645-ac6a-039c1e58fde1/element] with body: {"strategy":"id","selector":"com.androidsample.generalstore:id/btnLetsShop","context":"","multiple":false}
&amp#27;[38;5;32m[AndroidUiautomator2Driver@68c7 (161357d5)]&amp#27;[0m Got response with status 200: {"sessionId":"12a2c0c4-62b9-4645-ac6a-039c1e58fde1","value":{"ELEMENT":"00000000-0000-0081-ffff-ffff00000021","element-6066-11e4-a52e-4f735466cecf":"00000000-0000-0081-ffff-ffff00000021"}}
&amp#27;[38;5;32m[AndroidUiautomator2Driver@68c7 (161357d5)]&amp#27;[0m Responding to client with driver.findElement() result: {"element-6066-11e4-a52e-4f735466cecf":"00000000-0000-0081-ffff-ffff00000021","ELEMENT":"00000000-0000-0081-ffff-ffff00000021"}
&amp#27;[38;5;0m[HTTP]&amp#27;[0m &amp#27;[37m<-- POST /session/161357d5-fcc6-4eaa-9d90-5323de6c23e8/element &amp#27;[39m&amp#27;[32m200&amp#27;[39m &amp#27;[90m35 ms - 137&amp#27;[39m
&amp#27;[38;5;0m[HTTP]&amp#27;[0m &amp#27;[90m&amp#27;[39m
&amp#27;[38;5;0m[HTTP]&amp#27;[0m &amp#27;[37m-->&amp#27;[39m &amp#27;[37mPOST&amp#27;[39m &amp#27;[37m/session/161357d5-fcc6-4eaa-9d90-5323de6c23e8/element/00000000-0000-0081-ffff-ffff00000021/click&amp#27;[39m
&amp#27;[38;5;0m[HTTP]&amp#27;[0m &amp#27;[90m{"id":"00000000-0000-0081-ffff-ffff00000021"}&amp#27;[39m
&amp#27;[38;5;32m[AndroidUiautomator2Driver@68c7 (161357d5)]&amp#27;[0m Calling AppiumDriver.click() with args: ["00000000-0000-0081-ffff-ffff00000021","161357d5-fcc6-4eaa-9d90-5323de6c23e8"]
&amp#27;[38;5;32m[AndroidUiautomator2Driver@68c7 (161357d5)]&amp#27;[0m Matched '/element/00000000-0000-0081-ffff-ffff00000021/click' to command name 'click'
&amp#27;[38;5;32m[AndroidUiautomator2Driver@68c7 (161357d5)]&amp#27;[0m Proxying [POST /element/00000000-0000-0081-ffff-ffff00000021/click] to [POST http://127.0.0.1:8205/session/12a2c0c4-62b9-4645-ac6a-039c1e58fde1/element/00000000-0000-0081-ffff-ffff00000021/click] with body: {"element":"00000000-0000-0081-ffff-ffff00000021"}
&amp#27;[38;5;32m[AndroidUiautomator2Driver@68c7 (161357d5)]&amp#27;[0m Got response with status 200: {"sessionId":"12a2c0c4-62b9-4645-ac6a-039c1e58fde1","value":null}
&amp#27;[38;5;32m[AndroidUiautomator2Driver@68c7 (161357d5)]&amp#27;[0m Responding to client with driver.click() result: null
&amp#27;[38;5;0m[HTTP]&amp#27;[0m &amp#27;[37m<-- POST /session/161357d5-fcc6-4eaa-9d90-5323de6c23e8/element/00000000-0000-0081-ffff-ffff00000021/click &amp#27;[39m&amp#27;[32m200&amp#27;[39m &amp#27;[90m63 ms - 14&amp#27;[39m
&amp#27;[38;5;0m[HTTP]&amp#27;[0m &amp#27;[90m&amp#27;[39m
&amp#27;[38;5;0m[HTTP]&amp#27;[0m &amp#27;[37m-->&amp#27;[39m &amp#27;[37mGET&amp#27;[39m &amp#27;[37m/session/161357d5-fcc6-4eaa-9d90-5323de6c23e8/context&amp#27;[39m
&amp#27;[38;5;0m[HTTP]&amp#27;[0m &amp#27;[90m{}&amp#27;[39m
&amp#27;[38;5;32m[AndroidUiautomator2Driver@68c7 (161357d5)]&amp#27;[0m Calling AppiumDriver.getCurrentContext() with args: ["161357d5-fcc6-4eaa-9d90-5323de6c23e8"]
&amp#27;[38;5;32m[AndroidUiautomator2Driver@68c7 (161357d5)]&amp#27;[0m Responding to client with driver.getCurrentContext() result: "NATIVE_APP"
&amp#27;[38;5;0m[HTTP]&amp#27;[0m &amp#27;[37m<-- GET /session/161357d5-fcc6-4eaa-9d90-5323de6c23e8/context &amp#27;[39m&amp#27;[32m200&amp#27;[39m &amp#27;[90m1 ms - 22&amp#27;[39m
&amp#27;[38;5;0m[HTTP]&amp#27;[0m &amp#27;[90m&amp#27;[39m
&amp#27;[38;5;0m[HTTP]&amp#27;[0m &amp#27;[37m-->&amp#27;[39m &amp#27;[37mPOST&amp#27;[39m &amp#27;[37m/session/161357d5-fcc6-4eaa-9d90-5323de6c23e8/elements&amp#27;[39m
&amp#27;[38;5;0m[HTTP]&amp#27;[0m &amp#27;[90m{"value":"com.androidsample.generalstore:id/productAddCart","using":"id"}&amp#27;[39m
&amp#27;[38;5;32m[AndroidUiautomator2Driver@68c7 (161357d5)]&amp#27;[0m Calling AppiumDriver.findElements() with args: ["id","com.androidsample.generalstore:id/productAddCart","161357d5-fcc6-4eaa-9d90-5323de6c23e8"]
&amp#27;[38;5;32m[AndroidUiautomator2Driver@68c7 (161357d5)]&amp#27;[0m Valid locator strategies for this request: xpath, id, class name, accessibility id, css selector, -android uiautomator
&amp#27;[38;5;32m[AndroidUiautomator2Driver@68c7 (161357d5)]&amp#27;[0m Waiting up to 10000 ms for condition
&amp#27;[38;5;32m[AndroidUiautomator2Driver@68c7 (161357d5)]&amp#27;[0m Matched '/elements' to command name 'findElements'
&amp#27;[38;5;32m[AndroidUiautomator2Driver@68c7 (161357d5)]&amp#27;[0m Proxying [POST /elements] to [POST http://127.0.0.1:8205/session/12a2c0c4-62b9-4645-ac6a-039c1e58fde1/elements] with body: {"strategy":"id","selector":"com.androidsample.generalstore:id/productAddCart","context":"","multiple":true}
&amp#27;[38;5;32m[AndroidUiautomator2Driver@68c7 (161357d5)]&amp#27;[0m Got response with status 200: {"sessionId":"12a2c0c4-62b9-4645-ac6a-039c1e58fde1","value":[]}
&amp#27;[38;5;32m[AndroidUiautomator2Driver@68c7 (161357d5)]&amp#27;[0m Waited for 365 ms so far
&amp#27;[38;5;32m[AndroidUiautomator2Driver@68c7 (161357d5)]&amp#27;[0m Matched '/elements' to command name 'findElements'
&amp#27;[38;5;32m[AndroidUiautomator2Driver@68c7 (161357d5)]&amp#27;[0m Proxying [POST /elements] to [POST http://127.0.0.1:8205/session/12a2c0c4-62b9-4645-ac6a-039c1e58fde1/elements] with body: {"strategy":"id","selector":"com.androidsample.generalstore:id/productAddCart","context":"","multiple":true}
&amp#27;[38;5;32m[AndroidUiautomator2Driver@68c7 (161357d5)]&amp#27;[0m Got response with status 200: {"sessionId":"12a2c0c4-62b9-4645-ac6a-039c1e58fde1","value":[{"ELEMENT":"00000000-0000-0083-ffff-ffff00000051","element-6066-11e4-a52e-4f735466cecf":"00000000-0000-0083-ffff-ffff00000051"},{"ELEMENT":"00000000-0000-0083-ffff-ffff00000059","element-6066-11e4-a52e-4f735466cecf":"00000000-0000-0083-ffff-ffff00000059"}]}
&amp#27;[38;5;32m[AndroidUiautomator2Driver@68c7 (161357d5)]&amp#27;[0m Responding to client with driver.findElements() result: [{"element-6066-11e4-a52e-4f735466cecf":"00000000-0000-0083-ffff-ffff00000051","ELEMENT":"00000000-0000-0083-ffff-ffff00000051"},{"element-6066-11e4-a52e-4f735466cecf":"00000000-0000-0083-ffff-ffff00000059","ELEMENT":"00000000-0000-0083-ffff-ffff00000059"}]
&amp#27;[38;5;0m[HTTP]&amp#27;[0m &amp#27;[37m<-- POST /session/161357d5-fcc6-4eaa-9d90-5323de6c23e8/elements &amp#27;[39m&amp#27;[32m200&amp#27;[39m &amp#27;[90m1502 ms - 267&amp#27;[39m
&amp#27;[38;5;0m[HTTP]&amp#27;[0m &amp#27;[90m&amp#27;[39m
&amp#27;[38;5;0m[HTTP]&amp#27;[0m &amp#27;[37m-->&amp#27;[39m &amp#27;[37mPOST&amp#27;[39m &amp#27;[37m/session/161357d5-fcc6-4eaa-9d90-5323de6c23e8/element/00000000-0000-0083-ffff-ffff00000051/click&amp#27;[39m
&amp#27;[38;5;0m[HTTP]&amp#27;[0m &amp#27;[90m{"id":"00000000-0000-0083-ffff-ffff00000051"}&amp#27;[39m
&amp#27;[38;5;32m[AndroidUiautomator2Driver@68c7 (161357d5)]&amp#27;[0m Calling AppiumDriver.click() with args: ["00000000-0000-0083-ffff-ffff00000051","161357d5-fcc6-4eaa-9d90-5323de6c23e8"]
&amp#27;[38;5;32m[AndroidUiautomator2Driver@68c7 (161357d5)]&amp#27;[0m Matched '/element/00000000-0000-0083-ffff-ffff00000051/click' to command name 'click'
&amp#27;[38;5;32m[AndroidUiautomator2Driver@68c7 (161357d5)]&amp#27;[0m Proxying [POST /element/00000000-0000-0083-ffff-ffff00000051/click] to [POST http://127.0.0.1:8205/session/12a2c0c4-62b9-4645-ac6a-039c1e58fde1/element/00000000-0000-0083-ffff-ffff00000051/click] with body: {"element":"00000000-0000-0083-ffff-ffff00000051"}
&amp#27;[38;5;32m[AndroidUiautomator2Driver@68c7 (161357d5)]&amp#27;[0m Got response with status 200: {"sessionId":"12a2c0c4-62b9-4645-ac6a-039c1e58fde1","value":null}
&amp#27;[38;5;32m[AndroidUiautomator2Driver@68c7 (161357d5)]&amp#27;[0m Responding to client with driver.click() result: null
&amp#27;[38;5;0m[HTTP]&amp#27;[0m &amp#27;[37m<-- POST /session/161357d5-fcc6-4eaa-9d90-5323de6c23e8/element/00000000-0000-0083-ffff-ffff00000051/click &amp#27;[39m&amp#27;[32m200&amp#27;[39m &amp#27;[90m550 ms - 14&amp#27;[39m
&amp#27;[38;5;0m[HTTP]&amp#27;[0m &amp#27;[90m&amp#27;[39m
&amp#27;[38;5;0m[HTTP]&amp#27;[0m &amp#27;[37m-->&amp#27;[39m &amp#27;[37mGET&amp#27;[39m &amp#27;[37m/session/161357d5-fcc6-4eaa-9d90-5323de6c23e8/context&amp#27;[39m
&amp#27;[38;5;0m[HTTP]&amp#27;[0m &amp#27;[90m{}&amp#27;[39m
&amp#27;[38;5;32m[AndroidUiautomator2Driver@68c7 (161357d5)]&amp#27;[0m Calling AppiumDriver.getCurrentContext() with args: ["161357d5-fcc6-4eaa-9d90-5323de6c23e8"]
&amp#27;[38;5;32m[AndroidUiautomator2Driver@68c7 (161357d5)]&amp#27;[0m Responding to client with driver.getCurrentContext() result: "NATIVE_APP"
&amp#27;[38;5;0m[HTTP]&amp#27;[0m &amp#27;[37m<-- GET /session/161357d5-fcc6-4eaa-9d90-5323de6c23e8/context &amp#27;[39m&amp#27;[32m200&amp#27;[39m &amp#27;[90m2 ms - 22&amp#27;[39m
&amp#27;[38;5;0m[HTTP]&amp#27;[0m &amp#27;[90m&amp#27;[39m
&amp#27;[38;5;0m[HTTP]&amp#27;[0m &amp#27;[37m-->&amp#27;[39m &amp#27;[37mPOST&amp#27;[39m &amp#27;[37m/session/161357d5-fcc6-4eaa-9d90-5323de6c23e8/element&amp#27;[39m
&amp#27;[38;5;0m[HTTP]&amp#27;[0m &amp#27;[90m{"value":"com.androidsample.generalstore:id/appbar_btn_cart","using":"id"}&amp#27;[39m
&amp#27;[38;5;32m[AndroidUiautomator2Driver@68c7 (161357d5)]&amp#27;[0m Calling AppiumDriver.findElement() with args: ["id","com.androidsample.generalstore:id/appbar_btn_cart","161357d5-fcc6-4eaa-9d90-5323de6c23e8"]
&amp#27;[38;5;32m[AndroidUiautomator2Driver@68c7 (161357d5)]&amp#27;[0m Valid locator strategies for this request: xpath, id, class name, accessibility id, css selector, -android uiautomator
&amp#27;[38;5;32m[AndroidUiautomator2Driver@68c7 (161357d5)]&amp#27;[0m Waiting up to 10000 ms for condition
&amp#27;[38;5;32m[AndroidUiautomator2Driver@68c7 (161357d5)]&amp#27;[0m Matched '/element' to command name 'findElement'
&amp#27;[38;5;32m[AndroidUiautomator2Driver@68c7 (161357d5)]&amp#27;[0m Proxying [POST /element] to [POST http://127.0.0.1:8205/session/12a2c0c4-62b9-4645-ac6a-039c1e58fde1/element] with body: {"strategy":"id","selector":"com.androidsample.generalstore:id/appbar_btn_cart","context":"","multiple":false}
&amp#27;[38;5;32m[AndroidUiautomator2Driver@68c7 (161357d5)]&amp#27;[0m Got response with status 200: {"sessionId":"12a2c0c4-62b9-4645-ac6a-039c1e58fde1","value":{"ELEMENT":"00000000-0000-0083-ffff-ffff00000044","element-6066-11e4-a52e-4f735466cecf":"00000000-0000-0083-ffff-ffff00000044"}}
&amp#27;[38;5;32m[AndroidUiautomator2Driver@68c7 (161357d5)]&amp#27;[0m Responding to client with driver.findElement() result: {"element-6066-11e4-a52e-4f735466cecf":"00000000-0000-0083-ffff-ffff00000044","ELEMENT":"00000000-0000-0083-ffff-ffff00000044"}
&amp#27;[38;5;0m[HTTP]&amp#27;[0m &amp#27;[37m<-- POST /session/161357d5-fcc6-4eaa-9d90-5323de6c23e8/element &amp#27;[39m&amp#27;[32m200&amp#27;[39m &amp#27;[90m31 ms - 137&amp#27;[39m
&amp#27;[38;5;0m[HTTP]&amp#27;[0m &amp#27;[90m&amp#27;[39m
&amp#27;[38;5;0m[HTTP]&amp#27;[0m &amp#27;[37m-->&amp#27;[39m &amp#27;[37mPOST&amp#27;[39m &amp#27;[37m/session/161357d5-fcc6-4eaa-9d90-5323de6c23e8/element/00000000-0000-0083-ffff-ffff00000044/click&amp#27;[39m
&amp#27;[38;5;0m[HTTP]&amp#27;[0m &amp#27;[90m{"id":"00000000-0000-0083-ffff-ffff00000044"}&amp#27;[39m
&amp#27;[38;5;32m[AndroidUiautomator2Driver@68c7 (161357d5)]&amp#27;[0m Calling AppiumDriver.click() with args: ["00000000-0000-0083-ffff-ffff00000044","161357d5-fcc6-4eaa-9d90-5323de6c23e8"]
&amp#27;[38;5;32m[AndroidUiautomator2Driver@68c7 (161357d5)]&amp#27;[0m Matched '/element/00000000-0000-0083-ffff-ffff00000044/click' to command name 'click'
&amp#27;[38;5;32m[AndroidUiautomator2Driver@68c7 (161357d5)]&amp#27;[0m Proxying [POST /element/00000000-0000-0083-ffff-ffff00000044/click] to [POST http://127.0.0.1:8205/session/12a2c0c4-62b9-4645-ac6a-039c1e58fde1/element/00000000-0000-0083-ffff-ffff00000044/click] with body: {"element":"00000000-0000-0083-ffff-ffff00000044"}
&amp#27;[38;5;32m[AndroidUiautomator2Driver@68c7 (161357d5)]&amp#27;[0m Got response with status 200: {"sessionId":"12a2c0c4-62b9-4645-ac6a-039c1e58fde1","value":null}
&amp#27;[38;5;32m[AndroidUiautomator2Driver@68c7 (161357d5)]&amp#27;[0m Responding to client with driver.click() result: null
&amp#27;[38;5;0m[HTTP]&amp#27;[0m &amp#27;[37m<-- POST /session/161357d5-fcc6-4eaa-9d90-5323de6c23e8/element/00000000-0000-0083-ffff-ffff00000044/click &amp#27;[39m&amp#27;[32m200&amp#27;[39m &amp#27;[90m51 ms - 14&amp#27;[39m
&amp#27;[38;5;0m[HTTP]&amp#27;[0m &amp#27;[90m&amp#27;[39m
&amp#27;[38;5;0m[HTTP]&amp#27;[0m &amp#27;[37m-->&amp#27;[39m &amp#27;[37mGET&amp#27;[39m &amp#27;[37m/session/161357d5-fcc6-4eaa-9d90-5323de6c23e8/context&amp#27;[39m
&amp#27;[38;5;0m[HTTP]&amp#27;[0m &amp#27;[90m{}&amp#27;[39m
&amp#27;[38;5;32m[AndroidUiautomator2Driver@68c7 (161357d5)]&amp#27;[0m Calling AppiumDriver.getCurrentContext() with args: ["161357d5-fcc6-4eaa-9d90-5323de6c23e8"]
&amp#27;[38;5;32m[AndroidUiautomator2Driver@68c7 (161357d5)]&amp#27;[0m Responding to client with driver.getCurrentContext() result: "NATIVE_APP"
&amp#27;[38;5;0m[HTTP]&amp#27;[0m &amp#27;[37m<-- GET /session/161357d5-fcc6-4eaa-9d90-5323de6c23e8/context &amp#27;[39m&amp#27;[32m200&amp#27;[39m &amp#27;[90m1 ms - 22&amp#27;[39m
&amp#27;[38;5;0m[HTTP]&amp#27;[0m &amp#27;[90m&amp#27;[39m
&amp#27;[38;5;0m[HTTP]&amp#27;[0m &amp#27;[37m-->&amp#27;[39m &amp#27;[37mPOST&amp#27;[39m &amp#27;[37m/session/161357d5-fcc6-4eaa-9d90-5323de6c23e8/element&amp#27;[39m
&amp#27;[38;5;0m[HTTP]&amp#27;[0m &amp#27;[90m{"value":"com.androidsample.generalstore:id/toolbar_title","using":"id"}&amp#27;[39m
&amp#27;[38;5;32m[AndroidUiautomator2Driver@68c7 (161357d5)]&amp#27;[0m Calling AppiumDriver.findElement() with args: ["id","com.androidsample.generalstore:id/toolbar_title","161357d5-fcc6-4eaa-9d90-5323de6c23e8"]
&amp#27;[38;5;32m[AndroidUiautomator2Driver@68c7 (161357d5)]&amp#27;[0m Valid locator strategies for this request: xpath, id, class name, accessibility id, css selector, -android uiautomator
&amp#27;[38;5;32m[AndroidUiautomator2Driver@68c7 (161357d5)]&amp#27;[0m Waiting up to 10000 ms for condition
&amp#27;[38;5;32m[AndroidUiautomator2Driver@68c7 (161357d5)]&amp#27;[0m Matched '/element' to command name 'findElement'
&amp#27;[38;5;32m[AndroidUiautomator2Driver@68c7 (161357d5)]&amp#27;[0m Proxying [POST /element] to [POST http://127.0.0.1:8205/session/12a2c0c4-62b9-4645-ac6a-039c1e58fde1/element] with body: {"strategy":"id","selector":"com.androidsample.generalstore:id/toolbar_title","context":"","multiple":false}
&amp#27;[38;5;32m[AndroidUiautomator2Driver@68c7 (161357d5)]&amp#27;[0m Got response with status 200: {"sessionId":"12a2c0c4-62b9-4645-ac6a-039c1e58fde1","value":{"ELEMENT":"00000000-0000-0084-ffff-ffff0000006f","element-6066-11e4-a52e-4f735466cecf":"00000000-0000-0084-ffff-ffff0000006f"}}
&amp#27;[38;5;32m[AndroidUiautomator2Driver@68c7 (161357d5)]&amp#27;[0m Responding to client with driver.findElement() result: {"element-6066-11e4-a52e-4f735466cecf":"00000000-0000-0084-ffff-ffff0000006f","ELEMENT":"00000000-0000-0084-ffff-ffff0000006f"}
&amp#27;[38;5;0m[HTTP]&amp#27;[0m &amp#27;[37m<-- POST /session/161357d5-fcc6-4eaa-9d90-5323de6c23e8/element &amp#27;[39m&amp#27;[32m200&amp#27;[39m &amp#27;[90m32 ms - 137&amp#27;[39m
&amp#27;[38;5;0m[HTTP]&amp#27;[0m &amp#27;[90m&amp#27;[39m
&amp#27;[38;5;0m[HTTP]&amp#27;[0m &amp#27;[37m-->&amp#27;[39m &amp#27;[37mGET&amp#27;[39m &amp#27;[37m/session/161357d5-fcc6-4eaa-9d90-5323de6c23e8/element/00000000-0000-0084-ffff-ffff0000006f/attribute/text&amp#27;[39m
&amp#27;[38;5;0m[HTTP]&amp#27;[0m &amp#27;[90m{}&amp#27;[39m
&amp#27;[38;5;32m[AndroidUiautomator2Driver@68c7 (161357d5)]&amp#27;[0m Calling AppiumDriver.getAttribute() with args: ["text","00000000-0000-0084-ffff-ffff0000006f","161357d5-fcc6-4eaa-9d90-5323de6c23e8"]
&amp#27;[38;5;32m[AndroidUiautomator2Driver@68c7 (161357d5)]&amp#27;[0m Matched '/element/00000000-0000-0084-ffff-ffff0000006f/attribute/text' to command name 'getAttribute'
&amp#27;[38;5;32m[AndroidUiautomator2Driver@68c7 (161357d5)]&amp#27;[0m Proxying [GET /element/00000000-0000-0084-ffff-ffff0000006f/attribute/text] to [GET http://127.0.0.1:8205/session/12a2c0c4-62b9-4645-ac6a-039c1e58fde1/element/00000000-0000-0084-ffff-ffff0000006f/attribute/text] with no body
&amp#27;[38;5;32m[AndroidUiautomator2Driver@68c7 (161357d5)]&amp#27;[0m Got response with status 200: {"sessionId":"12a2c0c4-62b9-4645-ac6a-039c1e58fde1","value":"Cart"}
&amp#27;[38;5;32m[AndroidUiautomator2Driver@68c7 (161357d5)]&amp#27;[0m Responding to client with driver.getAttribute() result: "Cart"
&amp#27;[38;5;0m[HTTP]&amp#27;[0m &amp#27;[37m<-- GET /session/161357d5-fcc6-4eaa-9d90-5323de6c23e8/element/00000000-0000-0084-ffff-ffff0000006f/attribute/text &amp#27;[39m&amp#27;[32m200&amp#27;[39m &amp#27;[90m22 ms - 16&amp#27;[39m
&amp#27;[38;5;0m[HTTP]&amp#27;[0m &amp#27;[90m&amp#27;[39m
&amp#27;[38;5;0m[HTTP]&amp#27;[0m &amp#27;[37m-->&amp#27;[39m &amp#27;[37mGET&amp#27;[39m &amp#27;[37m/session/161357d5-fcc6-4eaa-9d90-5323de6c23e8/context&amp#27;[39m
&amp#27;[38;5;0m[HTTP]&amp#27;[0m &amp#27;[90m{}&amp#27;[39m
&amp#27;[38;5;32m[AndroidUiautomator2Driver@68c7 (161357d5)]&amp#27;[0m Calling AppiumDriver.getCurrentContext() with args: ["161357d5-fcc6-4eaa-9d90-5323de6c23e8"]
&amp#27;[38;5;32m[AndroidUiautomator2Driver@68c7 (161357d5)]&amp#27;[0m Responding to client with driver.getCurrentContext() result: "NATIVE_APP"
&amp#27;[38;5;0m[HTTP]&amp#27;[0m &amp#27;[37m<-- GET /session/161357d5-fcc6-4eaa-9d90-5323de6c23e8/context &amp#27;[39m&amp#27;[32m200&amp#27;[39m &amp#27;[90m1 ms - 22&amp#27;[39m
&amp#27;[38;5;0m[HTTP]&amp#27;[0m &amp#27;[90m&amp#27;[39m
&amp#27;[38;5;0m[HTTP]&amp#27;[0m &amp#27;[37m-->&amp#27;[39m &amp#27;[37mPOST&amp#27;[39m &amp#27;[37m/session/161357d5-fcc6-4eaa-9d90-5323de6c23e8/elements&amp#27;[39m
&amp#27;[38;5;0m[HTTP]&amp#27;[0m &amp#27;[90m{"value":"com.androidsample.generalstore:id/productPrice","using":"id"}&amp#27;[39m
&amp#27;[38;5;32m[AndroidUiautomator2Driver@68c7 (161357d5)]&amp#27;[0m Calling AppiumDriver.findElements() with args: ["id","com.androidsample.generalstore:id/productPrice","161357d5-fcc6-4eaa-9d90-5323de6c23e8"]
&amp#27;[38;5;32m[AndroidUiautomator2Driver@68c7 (161357d5)]&amp#27;[0m Valid locator strategies for this request: xpath, id, class name, accessibility id, css selector, -android uiautomator
&amp#27;[38;5;32m[AndroidUiautomator2Driver@68c7 (161357d5)]&amp#27;[0m Waiting up to 10000 ms for condition
&amp#27;[38;5;32m[AndroidUiautomator2Driver@68c7 (161357d5)]&amp#27;[0m Matched '/elements' to command name 'findElements'
&amp#27;[38;5;32m[AndroidUiautomator2Driver@68c7 (161357d5)]&amp#27;[0m Proxying [POST /elements] to [POST http://127.0.0.1:8205/session/12a2c0c4-62b9-4645-ac6a-039c1e58fde1/elements] with body: {"strategy":"id","selector":"com.androidsample.generalstore:id/productPrice","context":"","multiple":true}
&amp#27;[38;5;32m[AndroidUiautomator2Driver@68c7 (161357d5)]&amp#27;[0m Got response with status 200: {"sessionId":"12a2c0c4-62b9-4645-ac6a-039c1e58fde1","value":[{"ELEMENT":"00000000-0000-0084-ffff-ffff00000086","element-6066-11e4-a52e-4f735466cecf":"00000000-0000-0084-ffff-ffff00000086"}]}
&amp#27;[38;5;32m[AndroidUiautomator2Driver@68c7 (161357d5)]&amp#27;[0m Responding to client with driver.findElements() result: [{"element-6066-11e4-a52e-4f735466cecf":"00000000-0000-0084-ffff-ffff00000086","ELEMENT":"00000000-0000-0084-ffff-ffff00000086"}]
&amp#27;[38;5;0m[HTTP]&amp#27;[0m &amp#27;[37m<-- POST /session/161357d5-fcc6-4eaa-9d90-5323de6c23e8/elements &amp#27;[39m&amp#27;[32m200&amp#27;[39m &amp#27;[90m53 ms - 139&amp#27;[39m
&amp#27;[38;5;0m[HTTP]&amp#27;[0m &amp#27;[90m&amp#27;[39m
&amp#27;[38;5;0m[HTTP]&amp#27;[0m &amp#27;[37m-->&amp#27;[39m &amp#27;[37mGET&amp#27;[39m &amp#27;[37m/session/161357d5-fcc6-4eaa-9d90-5323de6c23e8/context&amp#27;[39m
&amp#27;[38;5;0m[HTTP]&amp#27;[0m &amp#27;[90m{}&amp#27;[39m
&amp#27;[38;5;32m[AndroidUiautomator2Driver@68c7 (161357d5)]&amp#27;[0m Calling AppiumDriver.getCurrentContext() with args: ["161357d5-fcc6-4eaa-9d90-5323de6c23e8"]
&amp#27;[38;5;32m[AndroidUiautomator2Driver@68c7 (161357d5)]&amp#27;[0m Responding to client with driver.getCurrentContext() result: "NATIVE_APP"
&amp#27;[38;5;0m[HTTP]&amp#27;[0m &amp#27;[37m<-- GET /session/161357d5-fcc6-4eaa-9d90-5323de6c23e8/context &amp#27;[39m&amp#27;[32m200&amp#27;[39m &amp#27;[90m1 ms - 22&amp#27;[39m
&amp#27;[38;5;0m[HTTP]&amp#27;[0m &amp#27;[90m&amp#27;[39m
&amp#27;[38;5;0m[HTTP]&amp#27;[0m &amp#27;[37m-->&amp#27;[39m &amp#27;[37mPOST&amp#27;[39m &amp#27;[37m/session/161357d5-fcc6-4eaa-9d90-5323de6c23e8/elements&amp#27;[39m
&amp#27;[38;5;0m[HTTP]&amp#27;[0m &amp#27;[90m{"value":"com.androidsample.generalstore:id/productPrice","using":"id"}&amp#27;[39m
&amp#27;[38;5;32m[AndroidUiautomator2Driver@68c7 (161357d5)]&amp#27;[0m Calling AppiumDriver.findElements() with args: ["id","com.androidsample.generalstore:id/productPrice","161357d5-fcc6-4eaa-9d90-5323de6c23e8"]
&amp#27;[38;5;32m[AndroidUiautomator2Driver@68c7 (161357d5)]&amp#27;[0m Valid locator strategies for this request: xpath, id, class name, accessibility id, css selector, -android uiautomator
&amp#27;[38;5;32m[AndroidUiautomator2Driver@68c7 (161357d5)]&amp#27;[0m Waiting up to 10000 ms for condition
&amp#27;[38;5;32m[AndroidUiautomator2Driver@68c7 (161357d5)]&amp#27;[0m Matched '/elements' to command name 'findElements'
&amp#27;[38;5;32m[AndroidUiautomator2Driver@68c7 (161357d5)]&amp#27;[0m Proxying [POST /elements] to [POST http://127.0.0.1:8205/session/12a2c0c4-62b9-4645-ac6a-039c1e58fde1/elements] with body: {"strategy":"id","selector":"com.androidsample.generalstore:id/productPrice","context":"","multiple":true}
&amp#27;[38;5;32m[AndroidUiautomator2Driver@68c7 (161357d5)]&amp#27;[0m Got response with status 200: {"sessionId":"12a2c0c4-62b9-4645-ac6a-039c1e58fde1","value":[{"ELEMENT":"00000000-0000-0084-ffff-ffff00000086","element-6066-11e4-a52e-4f735466cecf":"00000000-0000-0084-ffff-ffff00000086"}]}
&amp#27;[38;5;32m[AndroidUiautomator2Driver@68c7 (161357d5)]&amp#27;[0m Responding to client with driver.findElements() result: [{"element-6066-11e4-a52e-4f735466cecf":"00000000-0000-0084-ffff-ffff00000086","ELEMENT":"00000000-0000-0084-ffff-ffff00000086"}]
&amp#27;[38;5;0m[HTTP]&amp#27;[0m &amp#27;[37m<-- POST /session/161357d5-fcc6-4eaa-9d90-5323de6c23e8/elements &amp#27;[39m&amp#27;[32m200&amp#27;[39m &amp#27;[90m43 ms - 139&amp#27;[39m
&amp#27;[38;5;0m[HTTP]&amp#27;[0m &amp#27;[90m&amp#27;[39m
&amp#27;[38;5;0m[HTTP]&amp#27;[0m &amp#27;[37m-->&amp#27;[39m &amp#27;[37mGET&amp#27;[39m &amp#27;[37m/session/161357d5-fcc6-4eaa-9d90-5323de6c23e8/element/00000000-0000-0084-ffff-ffff00000086/text&amp#27;[39m
&amp#27;[38;5;0m[HTTP]&amp#27;[0m &amp#27;[90m{}&amp#27;[39m
&amp#27;[38;5;32m[AndroidUiautomator2Driver@68c7 (161357d5)]&amp#27;[0m Driver proxy active, passing request on via HTTP proxy
&amp#27;[38;5;32m[AndroidUiautomator2Driver@68c7 (161357d5)]&amp#27;[0m Matched '/session/161357d5-fcc6-4eaa-9d90-5323de6c23e8/element/00000000-0000-0084-ffff-ffff00000086/text' to command name 'getText'
&amp#27;[38;5;32m[AndroidUiautomator2Driver@68c7 (161357d5)]&amp#27;[0m Proxying [GET /session/161357d5-fcc6-4eaa-9d90-5323de6c23e8/element/00000000-0000-0084-ffff-ffff00000086/text] to [GET http://127.0.0.1:8205/session/12a2c0c4-62b9-4645-ac6a-039c1e58fde1/element/00000000-0000-0084-ffff-ffff00000086/text] with no body
&amp#27;[38;5;32m[AndroidUiautomator2Driver@68c7 (161357d5)]&amp#27;[0m Got response with status 200: {"sessionId":"12a2c0c4-62b9-4645-ac6a-039c1e58fde1","value":"$160.97"}
&amp#27;[38;5;32m[AndroidUiautomator2Driver@68c7 (161357d5)]&amp#27;[0m Replacing sessionId 12a2c0c4-62b9-4645-ac6a-039c1e58fde1 with 161357d5-fcc6-4eaa-9d90-5323de6c23e8
&amp#27;[38;5;0m[HTTP]&amp#27;[0m &amp#27;[37m<-- GET /session/161357d5-fcc6-4eaa-9d90-5323de6c23e8/element/00000000-0000-0084-ffff-ffff00000086/text &amp#27;[39m&amp#27;[32m200&amp#27;[39m &amp#27;[90m18 ms - 70&amp#27;[39m
&amp#27;[38;5;0m[HTTP]&amp#27;[0m &amp#27;[90m&amp#27;[39m
&amp#27;[38;5;0m[HTTP]&amp#27;[0m &amp#27;[37m-->&amp#27;[39m &amp#27;[37mGET&amp#27;[39m &amp#27;[37m/session/161357d5-fcc6-4eaa-9d90-5323de6c23e8/context&amp#27;[39m
&amp#27;[38;5;0m[HTTP]&amp#27;[0m &amp#27;[90m{}&amp#27;[39m
&amp#27;[38;5;32m[AndroidUiautomator2Driver@68c7 (161357d5)]&amp#27;[0m Calling AppiumDriver.getCurrentContext() with args: ["161357d5-fcc6-4eaa-9d90-5323de6c23e8"]
&amp#27;[38;5;32m[AndroidUiautomator2Driver@68c7 (161357d5)]&amp#27;[0m Responding to client with driver.getCurrentContext() result: "NATIVE_APP"
&amp#27;[38;5;0m[HTTP]&amp#27;[0m &amp#27;[37m<-- GET /session/161357d5-fcc6-4eaa-9d90-5323de6c23e8/context &amp#27;[39m&amp#27;[32m200&amp#27;[39m &amp#27;[90m2 ms - 22&amp#27;[39m
&amp#27;[38;5;0m[HTTP]&amp#27;[0m &amp#27;[90m&amp#27;[39m
&amp#27;[38;5;0m[HTTP]&amp#27;[0m &amp#27;[37m-->&amp#27;[39m &amp#27;[37mPOST&amp#27;[39m &amp#27;[37m/session/161357d5-fcc6-4eaa-9d90-5323de6c23e8/element&amp#27;[39m
&amp#27;[38;5;0m[HTTP]&amp#27;[0m &amp#27;[90m{"value":"com.androidsample.generalstore:id/totalAmountLbl","using":"id"}&amp#27;[39m
&amp#27;[38;5;32m[AndroidUiautomator2Driver@68c7 (161357d5)]&amp#27;[0m Calling AppiumDriver.findElement() with args: ["id","com.androidsample.generalstore:id/totalAmountLbl","161357d5-fcc6-4eaa-9d90-5323de6c23e8"]
&amp#27;[38;5;32m[AndroidUiautomator2Driver@68c7 (161357d5)]&amp#27;[0m Valid locator strategies for this request: xpath, id, class name, accessibility id, css selector, -android uiautomator
&amp#27;[38;5;32m[AndroidUiautomator2Driver@68c7 (161357d5)]&amp#27;[0m Waiting up to 10000 ms for condition
&amp#27;[38;5;32m[AndroidUiautomator2Driver@68c7 (161357d5)]&amp#27;[0m Matched '/element' to command name 'findElement'
&amp#27;[38;5;32m[AndroidUiautomator2Driver@68c7 (161357d5)]&amp#27;[0m Proxying [POST /element] to [POST http://127.0.0.1:8205/session/12a2c0c4-62b9-4645-ac6a-039c1e58fde1/element] with body: {"strategy":"id","selector":"com.androidsample.generalstore:id/totalAmountLbl","context":"","multiple":false}
&amp#27;[38;5;32m[AndroidUiautomator2Driver@68c7 (161357d5)]&amp#27;[0m Got response with status 200: {"sessionId":"12a2c0c4-62b9-4645-ac6a-039c1e58fde1","value":{"ELEMENT":"00000000-0000-0084-ffff-ffff0000007a","element-6066-11e4-a52e-4f735466cecf":"00000000-0000-0084-ffff-ffff0000007a"}}
&amp#27;[38;5;32m[AndroidUiautomator2Driver@68c7 (161357d5)]&amp#27;[0m Responding to client with driver.findElement() result: {"element-6066-11e4-a52e-4f735466cecf":"00000000-0000-0084-ffff-ffff0000007a","ELEMENT":"00000000-0000-0084-ffff-ffff0000007a"}
&amp#27;[38;5;0m[HTTP]&amp#27;[0m &amp#27;[37m<-- POST /session/161357d5-fcc6-4eaa-9d90-5323de6c23e8/element &amp#27;[39m&amp#27;[32m200&amp#27;[39m &amp#27;[90m40 ms - 137&amp#27;[39m
&amp#27;[38;5;0m[HTTP]&amp#27;[0m &amp#27;[90m&amp#27;[39m
&amp#27;[38;5;0m[HTTP]&amp#27;[0m &amp#27;[37m-->&amp#27;[39m &amp#27;[37mGET&amp#27;[39m &amp#27;[37m/session/161357d5-fcc6-4eaa-9d90-5323de6c23e8/element/00000000-0000-0084-ffff-ffff0000007a/text&amp#27;[39m
&amp#27;[38;5;0m[HTTP]&amp#27;[0m &amp#27;[90m{}&amp#27;[39m
&amp#27;[38;5;32m[AndroidUiautomator2Driver@68c7 (161357d5)]&amp#27;[0m Driver proxy active, passing request on via HTTP proxy
&amp#27;[38;5;32m[AndroidUiautomator2Driver@68c7 (161357d5)]&amp#27;[0m Matched '/session/161357d5-fcc6-4eaa-9d90-5323de6c23e8/element/00000000-0000-0084-ffff-ffff0000007a/text' to command name 'getText'
&amp#27;[38;5;32m[AndroidUiautomator2Driver@68c7 (161357d5)]&amp#27;[0m Proxying [GET /session/161357d5-fcc6-4eaa-9d90-5323de6c23e8/element/00000000-0000-0084-ffff-ffff0000007a/text] to [GET http://127.0.0.1:8205/session/12a2c0c4-62b9-4645-ac6a-039c1e58fde1/element/00000000-0000-0084-ffff-ffff0000007a/text] with no body
&amp#27;[38;5;32m[AndroidUiautomator2Driver@68c7 (161357d5)]&amp#27;[0m Got response with status 200: {"sessionId":"12a2c0c4-62b9-4645-ac6a-039c1e58fde1","value":"$ 160.97"}
&amp#27;[38;5;32m[AndroidUiautomator2Driver@68c7 (161357d5)]&amp#27;[0m Replacing sessionId 12a2c0c4-62b9-4645-ac6a-039c1e58fde1 with 161357d5-fcc6-4eaa-9d90-5323de6c23e8
&amp#27;[38;5;0m[HTTP]&amp#27;[0m &amp#27;[37m<-- GET /session/161357d5-fcc6-4eaa-9d90-5323de6c23e8/element/00000000-0000-0084-ffff-ffff0000007a/text &amp#27;[39m&amp#27;[32m200&amp#27;[39m &amp#27;[90m13 ms - 71&amp#27;[39m
&amp#27;[38;5;0m[HTTP]&amp#27;[0m &amp#27;[90m&amp#27;[39m
&amp#27;[38;5;0m[HTTP]&amp#27;[0m &amp#27;[37m-->&amp#27;[39m &amp#27;[37mGET&amp#27;[39m &amp#27;[37m/session/161357d5-fcc6-4eaa-9d90-5323de6c23e8/context&amp#27;[39m
&amp#27;[38;5;0m[HTTP]&amp#27;[0m &amp#27;[90m{}&amp#27;[39m
&amp#27;[38;5;32m[AndroidUiautomator2Driver@68c7 (161357d5)]&amp#27;[0m Calling AppiumDriver.getCurrentContext() with args: ["161357d5-fcc6-4eaa-9d90-5323de6c23e8"]
&amp#27;[38;5;32m[AndroidUiautomator2Driver@68c7 (161357d5)]&amp#27;[0m Responding to client with driver.getCurrentContext() result: "NATIVE_APP"
&amp#27;[38;5;0m[HTTP]&amp#27;[0m &amp#27;[37m<-- GET /session/161357d5-fcc6-4eaa-9d90-5323de6c23e8/context &amp#27;[39m&amp#27;[32m200&amp#27;[39m &amp#27;[90m2 ms - 22&amp#27;[39m
&amp#27;[38;5;0m[HTTP]&amp#27;[0m &amp#27;[90m&amp#27;[39m
&amp#27;[38;5;0m[HTTP]&amp#27;[0m &amp#27;[37m-->&amp#27;[39m &amp#27;[37mPOST&amp#27;[39m &amp#27;[37m/session/161357d5-fcc6-4eaa-9d90-5323de6c23e8/element&amp#27;[39m
&amp#27;[38;5;0m[HTTP]&amp#27;[0m &amp#27;[90m{"value":"com.androidsample.generalstore:id/termsButton","using":"id"}&amp#27;[39m
&amp#27;[38;5;32m[AndroidUiautomator2Driver@68c7 (161357d5)]&amp#27;[0m Calling AppiumDriver.findElement() with args: ["id","com.androidsample.generalstore:id/termsButton","161357d5-fcc6-4eaa-9d90-5323de6c23e8"]
&amp#27;[38;5;32m[AndroidUiautomator2Driver@68c7 (161357d5)]&amp#27;[0m Valid locator strategies for this request: xpath, id, class name, accessibility id, css selector, -android uiautomator
&amp#27;[38;5;32m[AndroidUiautomator2Driver@68c7 (161357d5)]&amp#27;[0m Waiting up to 10000 ms for condition
&amp#27;[38;5;32m[AndroidUiautomator2Driver@68c7 (161357d5)]&amp#27;[0m Matched '/element' to command name 'findElement'
&amp#27;[38;5;32m[AndroidUiautomator2Driver@68c7 (161357d5)]&amp#27;[0m Proxying [POST /element] to [POST http://127.0.0.1:8205/session/12a2c0c4-62b9-4645-ac6a-039c1e58fde1/element] with body: {"strategy":"id","selector":"com.androidsample.generalstore:id/termsButton","context":"","multiple":false}
&amp#27;[38;5;32m[AndroidUiautomator2Driver@68c7 (161357d5)]&amp#27;[0m Got response with status 200: {"sessionId":"12a2c0c4-62b9-4645-ac6a-039c1e58fde1","value":{"ELEMENT":"00000000-0000-0084-ffff-ffff0000007d","element-6066-11e4-a52e-4f735466cecf":"00000000-0000-0084-ffff-ffff0000007d"}}
&amp#27;[38;5;32m[AndroidUiautomator2Driver@68c7 (161357d5)]&amp#27;[0m Responding to client with driver.findElement() result: {"element-6066-11e4-a52e-4f735466cecf":"00000000-0000-0084-ffff-ffff0000007d","ELEMENT":"00000000-0000-0084-ffff-ffff0000007d"}
&amp#27;[38;5;0m[HTTP]&amp#27;[0m &amp#27;[37m<-- POST /session/161357d5-fcc6-4eaa-9d90-5323de6c23e8/element &amp#27;[39m&amp#27;[32m200&amp#27;[39m &amp#27;[90m47 ms - 137&amp#27;[39m
&amp#27;[38;5;0m[HTTP]&amp#27;[0m &amp#27;[90m&amp#27;[39m
&amp#27;[38;5;0m[HTTP]&amp#27;[0m &amp#27;[37m-->&amp#27;[39m &amp#27;[37mPOST&amp#27;[39m &amp#27;[37m/session/161357d5-fcc6-4eaa-9d90-5323de6c23e8/execute/sync&amp#27;[39m
&amp#27;[38;5;0m[HTTP]&amp#27;[0m &amp#27;[90m{"args":[{"elementId":"00000000-0000-0084-ffff-ffff0000007d"}],"script":"mobile: longClickGesture"}&amp#27;[39m
&amp#27;[38;5;32m[AndroidUiautomator2Driver@68c7 (161357d5)]&amp#27;[0m Calling AppiumDriver.execute() with args: ["mobile: longClickGesture",[{"elementId":"00000000-0000-0084-ffff-ffff0000007d"}],"161357d5-fcc6-4eaa-9d90-5323de6c23e8"]
&amp#27;[38;5;32m[AndroidUiautomator2Driver@68c7 (161357d5)]&amp#27;[0m Executing native command 'mobile: longClickGesture'
&amp#27;[38;5;32m[AndroidUiautomator2Driver@68c7 (161357d5)]&amp#27;[0m Proxying [POST /appium/gestures/long_click] to [POST http://127.0.0.1:8205/session/12a2c0c4-62b9-4645-ac6a-039c1e58fde1/appium/gestures/long_click] with body: {"origin":{"ELEMENT":"00000000-0000-0084-ffff-ffff0000007d","element-6066-11e4-a52e-4f735466cecf":"00000000-0000-0084-ffff-ffff0000007d"}}
&amp#27;[38;5;32m[AndroidUiautomator2Driver@68c7 (161357d5)]&amp#27;[0m Got response with status 200: {"sessionId":"12a2c0c4-62b9-4645-ac6a-039c1e58fde1","value":null}
&amp#27;[38;5;32m[AndroidUiautomator2Driver@68c7 (161357d5)]&amp#27;[0m Responding to client with driver.execute() result: null
&amp#27;[38;5;0m[HTTP]&amp#27;[0m &amp#27;[37m<-- POST /session/161357d5-fcc6-4eaa-9d90-5323de6c23e8/execute/sync &amp#27;[39m&amp#27;[32m200&amp#27;[39m &amp#27;[90m660 ms - 14&amp#27;[39m
&amp#27;[38;5;0m[HTTP]&amp#27;[0m &amp#27;[90m&amp#27;[39m
&amp#27;[38;5;0m[HTTP]&amp#27;[0m &amp#27;[37m-->&amp#27;[39m &amp#27;[37mGET&amp#27;[39m &amp#27;[37m/session/161357d5-fcc6-4eaa-9d90-5323de6c23e8/context&amp#27;[39m
&amp#27;[38;5;0m[HTTP]&amp#27;[0m &amp#27;[90m{}&amp#27;[39m
&amp#27;[38;5;32m[AndroidUiautomator2Driver@68c7 (161357d5)]&amp#27;[0m Calling AppiumDriver.getCurrentContext() with args: ["161357d5-fcc6-4eaa-9d90-5323de6c23e8"]
&amp#27;[38;5;32m[AndroidUiautomator2Driver@68c7 (161357d5)]&amp#27;[0m Responding to client with driver.getCurrentContext() result: "NATIVE_APP"
&amp#27;[38;5;0m[HTTP]&amp#27;[0m &amp#27;[37m<-- GET /session/161357d5-fcc6-4eaa-9d90-5323de6c23e8/context &amp#27;[39m&amp#27;[32m200&amp#27;[39m &amp#27;[90m1 ms - 22&amp#27;[39m
&amp#27;[38;5;0m[HTTP]&amp#27;[0m &amp#27;[90m&amp#27;[39m
&amp#27;[38;5;0m[HTTP]&amp#27;[0m &amp#27;[37m-->&amp#27;[39m &amp#27;[37mPOST&amp#27;[39m &amp#27;[37m/session/161357d5-fcc6-4eaa-9d90-5323de6c23e8/element&amp#27;[39m
&amp#27;[38;5;0m[HTTP]&amp#27;[0m &amp#27;[90m{"value":"android:id/button1","using":"id"}&amp#27;[39m
&amp#27;[38;5;32m[AndroidUiautomator2Driver@68c7 (161357d5)]&amp#27;[0m Calling AppiumDriver.findElement() with args: ["id","android:id/button1","161357d5-fcc6-4eaa-9d90-5323de6c23e8"]
&amp#27;[38;5;32m[AndroidUiautomator2Driver@68c7 (161357d5)]&amp#27;[0m Valid locator strategies for this request: xpath, id, class name, accessibility id, css selector, -android uiautomator
&amp#27;[38;5;32m[AndroidUiautomator2Driver@68c7 (161357d5)]&amp#27;[0m Waiting up to 10000 ms for condition
&amp#27;[38;5;32m[AndroidUiautomator2Driver@68c7 (161357d5)]&amp#27;[0m Matched '/element' to command name 'findElement'
&amp#27;[38;5;32m[AndroidUiautomator2Driver@68c7 (161357d5)]&amp#27;[0m Proxying [POST /element] to [POST http://127.0.0.1:8205/session/12a2c0c4-62b9-4645-ac6a-039c1e58fde1/element] with body: {"strategy":"id","selector":"android:id/button1","context":"","multiple":false}
&amp#27;[38;5;32m[AndroidUiautomator2Driver@68c7 (161357d5)]&amp#27;[0m Got response with status 200: {"sessionId":"12a2c0c4-62b9-4645-ac6a-039c1e58fde1","value":{"ELEMENT":"00000000-0000-0085-ffff-ffff000000a1","element-6066-11e4-a52e-4f735466cecf":"00000000-0000-0085-ffff-ffff000000a1"}}
&amp#27;[38;5;32m[AndroidUiautomator2Driver@68c7 (161357d5)]&amp#27;[0m Responding to client with driver.findElement() result: {"element-6066-11e4-a52e-4f735466cecf":"00000000-0000-0085-ffff-ffff000000a1","ELEMENT":"00000000-0000-0085-ffff-ffff000000a1"}
&amp#27;[38;5;0m[HTTP]&amp#27;[0m &amp#27;[37m<-- POST /session/161357d5-fcc6-4eaa-9d90-5323de6c23e8/element &amp#27;[39m&amp#27;[32m200&amp#27;[39m &amp#27;[90m863 ms - 137&amp#27;[39m
&amp#27;[38;5;0m[HTTP]&amp#27;[0m &amp#27;[90m&amp#27;[39m
&amp#27;[38;5;0m[HTTP]&amp#27;[0m &amp#27;[37m-->&amp#27;[39m &amp#27;[37mPOST&amp#27;[39m &amp#27;[37m/session/161357d5-fcc6-4eaa-9d90-5323de6c23e8/element/00000000-0000-0085-ffff-ffff000000a1/click&amp#27;[39m
&amp#27;[38;5;0m[HTTP]&amp#27;[0m &amp#27;[90m{"id":"00000000-0000-0085-ffff-ffff000000a1"}&amp#27;[39m
&amp#27;[38;5;32m[AndroidUiautomator2Driver@68c7 (161357d5)]&amp#27;[0m Calling AppiumDriver.click() with args: ["00000000-0000-0085-ffff-ffff000000a1","161357d5-fcc6-4eaa-9d90-5323de6c23e8"]
&amp#27;[38;5;32m[AndroidUiautomator2Driver@68c7 (161357d5)]&amp#27;[0m Matched '/element/00000000-0000-0085-ffff-ffff000000a1/click' to command name 'click'
&amp#27;[38;5;32m[AndroidUiautomator2Driver@68c7 (161357d5)]&amp#27;[0m Proxying [POST /element/00000000-0000-0085-ffff-ffff000000a1/click] to [POST http://127.0.0.1:8205/session/12a2c0c4-62b9-4645-ac6a-039c1e58fde1/element/00000000-0000-0085-ffff-ffff000000a1/click] with body: {"element":"00000000-0000-0085-ffff-ffff000000a1"}
&amp#27;[38;5;32m[AndroidUiautomator2Driver@68c7 (161357d5)]&amp#27;[0m Got response with status 200: {"sessionId":"12a2c0c4-62b9-4645-ac6a-039c1e58fde1","value":null}
&amp#27;[38;5;32m[AndroidUiautomator2Driver@68c7 (161357d5)]&amp#27;[0m Responding to client with driver.click() result: null
&amp#27;[38;5;0m[HTTP]&amp#27;[0m &amp#27;[37m<-- POST /session/161357d5-fcc6-4eaa-9d90-5323de6c23e8/element/00000000-0000-0085-ffff-ffff000000a1/click &amp#27;[39m&amp#27;[32m200&amp#27;[39m &amp#27;[90m96 ms - 14&amp#27;[39m
&amp#27;[38;5;0m[HTTP]&amp#27;[0m &amp#27;[90m&amp#27;[39m
&amp#27;[38;5;0m[HTTP]&amp#27;[0m &amp#27;[37m-->&amp#27;[39m &amp#27;[37mGET&amp#27;[39m &amp#27;[37m/session/161357d5-fcc6-4eaa-9d90-5323de6c23e8/context&amp#27;[39m
&amp#27;[38;5;0m[HTTP]&amp#27;[0m &amp#27;[90m{}&amp#27;[39m
&amp#27;[38;5;32m[AndroidUiautomator2Driver@68c7 (161357d5)]&amp#27;[0m Calling AppiumDriver.getCurrentContext() with args: ["161357d5-fcc6-4eaa-9d90-5323de6c23e8"]
&amp#27;[38;5;32m[AndroidUiautomator2Driver@68c7 (161357d5)]&amp#27;[0m Responding to client with driver.getCurrentContext() result: "NATIVE_APP"
&amp#27;[38;5;0m[HTTP]&amp#27;[0m &amp#27;[37m<-- GET /session/161357d5-fcc6-4eaa-9d90-5323de6c23e8/context &amp#27;[39m&amp#27;[32m200&amp#27;[39m &amp#27;[90m2 ms - 22&amp#27;[39m
&amp#27;[38;5;0m[HTTP]&amp#27;[0m &amp#27;[90m&amp#27;[39m
&amp#27;[38;5;0m[HTTP]&amp#27;[0m &amp#27;[37m-->&amp#27;[39m &amp#27;[37mPOST&amp#27;[39m &amp#27;[37m/session/161357d5-fcc6-4eaa-9d90-5323de6c23e8/element&amp#27;[39m
&amp#27;[38;5;0m[HTTP]&amp#27;[0m &amp#27;[90m{"value":"//android.widget.CheckBox[@text='Send me e-mails on discounts related to selected products in future']","using":"xpath"}&amp#27;[39m
&amp#27;[38;5;32m[AndroidUiautomator2Driver@68c7 (161357d5)]&amp#27;[0m Calling AppiumDriver.findElement() with args: ["xpath","//android.widget.CheckBox[@text='Send me e-mails on discounts related to selected products in future']","161357d5-fcc6-4eaa-9d90-5323de6c23e8"]
&amp#27;[38;5;32m[AndroidUiautomator2Driver@68c7 (161357d5)]&amp#27;[0m Valid locator strategies for this request: xpath, id, class name, accessibility id, css selector, -android uiautomator
&amp#27;[38;5;32m[AndroidUiautomator2Driver@68c7 (161357d5)]&amp#27;[0m Waiting up to 10000 ms for condition
&amp#27;[38;5;32m[AndroidUiautomator2Driver@68c7 (161357d5)]&amp#27;[0m Matched '/element' to command name 'findElement'
&amp#27;[38;5;32m[AndroidUiautomator2Driver@68c7 (161357d5)]&amp#27;[0m Proxying [POST /element] to [POST http://127.0.0.1:8205/session/12a2c0c4-62b9-4645-ac6a-039c1e58fde1/element] with body: {"strategy":"xpath","selector":"//android.widget.CheckBox[@text='Send me e-mails on discounts related to selected products in future']","context":"","multiple":false}
&amp#27;[38;5;32m[AndroidUiautomator2Driver@68c7 (161357d5)]&amp#27;[0m Got response with status 200: {"sessionId":"12a2c0c4-62b9-4645-ac6a-039c1e58fde1","value":{"ELEMENT":"00000000-0000-0084-ffff-ffff0000007b","element-6066-11e4-a52e-4f735466cecf":"00000000-0000-0084-ffff-ffff0000007b"}}
&amp#27;[38;5;32m[AndroidUiautomator2Driver@68c7 (161357d5)]&amp#27;[0m Responding to client with driver.findElement() result: {"element-6066-11e4-a52e-4f735466cecf":"00000000-0000-0084-ffff-ffff0000007b","ELEMENT":"00000000-0000-0084-ffff-ffff0000007b"}
&amp#27;[38;5;0m[HTTP]&amp#27;[0m &amp#27;[37m<-- POST /session/161357d5-fcc6-4eaa-9d90-5323de6c23e8/element &amp#27;[39m&amp#27;[32m200&amp#27;[39m &amp#27;[90m618 ms - 137&amp#27;[39m
&amp#27;[38;5;0m[HTTP]&amp#27;[0m &amp#27;[90m&amp#27;[39m
&amp#27;[38;5;0m[HTTP]&amp#27;[0m &amp#27;[37m-->&amp#27;[39m &amp#27;[37mPOST&amp#27;[39m &amp#27;[37m/session/161357d5-fcc6-4eaa-9d90-5323de6c23e8/element/00000000-0000-0084-ffff-ffff0000007b/click&amp#27;[39m
&amp#27;[38;5;0m[HTTP]&amp#27;[0m &amp#27;[90m{"id":"00000000-0000-0084-ffff-ffff0000007b"}&amp#27;[39m
&amp#27;[38;5;32m[AndroidUiautomator2Driver@68c7 (161357d5)]&amp#27;[0m Calling AppiumDriver.click() with args: ["00000000-0000-0084-ffff-ffff0000007b","161357d5-fcc6-4eaa-9d90-5323de6c23e8"]
&amp#27;[38;5;32m[AndroidUiautomator2Driver@68c7 (161357d5)]&amp#27;[0m Matched '/element/00000000-0000-0084-ffff-ffff0000007b/click' to command name 'click'
&amp#27;[38;5;32m[AndroidUiautomator2Driver@68c7 (161357d5)]&amp#27;[0m Proxying [POST /element/00000000-0000-0084-ffff-ffff0000007b/click] to [POST http://127.0.0.1:8205/session/12a2c0c4-62b9-4645-ac6a-039c1e58fde1/element/00000000-0000-0084-ffff-ffff0000007b/click] with body: {"element":"00000000-0000-0084-ffff-ffff0000007b"}
&amp#27;[38;5;32m[AndroidUiautomator2Driver@68c7 (161357d5)]&amp#27;[0m Got response with status 200: {"sessionId":"12a2c0c4-62b9-4645-ac6a-039c1e58fde1","value":null}
&amp#27;[38;5;32m[AndroidUiautomator2Driver@68c7 (161357d5)]&amp#27;[0m Responding to client with driver.click() result: null
&amp#27;[38;5;0m[HTTP]&amp#27;[0m &amp#27;[37m<-- POST /session/161357d5-fcc6-4eaa-9d90-5323de6c23e8/element/00000000-0000-0084-ffff-ffff0000007b/click &amp#27;[39m&amp#27;[32m200&amp#27;[39m &amp#27;[90m76 ms - 14&amp#27;[39m
&amp#27;[38;5;0m[HTTP]&amp#27;[0m &amp#27;[90m&amp#27;[39m
&amp#27;[38;5;0m[HTTP]&amp#27;[0m &amp#27;[37m-->&amp#27;[39m &amp#27;[37mGET&amp#27;[39m &amp#27;[37m/session/161357d5-fcc6-4eaa-9d90-5323de6c23e8/context&amp#27;[39m
&amp#27;[38;5;0m[HTTP]&amp#27;[0m &amp#27;[90m{}&amp#27;[39m
&amp#27;[38;5;32m[AndroidUiautomator2Driver@68c7 (161357d5)]&amp#27;[0m Calling AppiumDriver.getCurrentContext() with args: ["161357d5-fcc6-4eaa-9d90-5323de6c23e8"]
&amp#27;[38;5;32m[AndroidUiautomator2Driver@68c7 (161357d5)]&amp#27;[0m Responding to client with driver.getCurrentContext() result: "NATIVE_APP"
&amp#27;[38;5;0m[HTTP]&amp#27;[0m &amp#27;[37m<-- GET /session/161357d5-fcc6-4eaa-9d90-5323de6c23e8/context &amp#27;[39m&amp#27;[32m200&amp#27;[39m &amp#27;[90m1 ms - 22&amp#27;[39m
&amp#27;[38;5;0m[HTTP]&amp#27;[0m &amp#27;[90m&amp#27;[39m
&amp#27;[38;5;0m[HTTP]&amp#27;[0m &amp#27;[37m-->&amp#27;[39m &amp#27;[37mPOST&amp#27;[39m &amp#27;[37m/session/161357d5-fcc6-4eaa-9d90-5323de6c23e8/element&amp#27;[39m
&amp#27;[38;5;0m[HTTP]&amp#27;[0m &amp#27;[90m{"value":"com.androidsample.generalstore:id/btnProceed","using":"id"}&amp#27;[39m
&amp#27;[38;5;32m[AndroidUiautomator2Driver@68c7 (161357d5)]&amp#27;[0m Calling AppiumDriver.findElement() with args: ["id","com.androidsample.generalstore:id/btnProceed","161357d5-fcc6-4eaa-9d90-5323de6c23e8"]
&amp#27;[38;5;32m[AndroidUiautomator2Driver@68c7 (161357d5)]&amp#27;[0m Valid locator strategies for this request: xpath, id, class name, accessibility id, css selector, -android uiautomator
&amp#27;[38;5;32m[AndroidUiautomator2Driver@68c7 (161357d5)]&amp#27;[0m Waiting up to 10000 ms for condition
&amp#27;[38;5;32m[AndroidUiautomator2Driver@68c7 (161357d5)]&amp#27;[0m Matched '/element' to command name 'findElement'
&amp#27;[38;5;32m[AndroidUiautomator2Driver@68c7 (161357d5)]&amp#27;[0m Proxying [POST /element] to [POST http://127.0.0.1:8205/session/12a2c0c4-62b9-4645-ac6a-039c1e58fde1/element] with body: {"strategy":"id","selector":"com.androidsample.generalstore:id/btnProceed","context":"","multiple":false}
&amp#27;[38;5;32m[AndroidUiautomator2Driver@68c7 (161357d5)]&amp#27;[0m Got response with status 200: {"sessionId":"12a2c0c4-62b9-4645-ac6a-039c1e58fde1","value":{"ELEMENT":"00000000-0000-0084-ffff-ffff0000007c","element-6066-11e4-a52e-4f735466cecf":"00000000-0000-0084-ffff-ffff0000007c"}}
&amp#27;[38;5;32m[AndroidUiautomator2Driver@68c7 (161357d5)]&amp#27;[0m Responding to client with driver.findElement() result: {"element-6066-11e4-a52e-4f735466cecf":"00000000-0000-0084-ffff-ffff0000007c","ELEMENT":"00000000-0000-0084-ffff-ffff0000007c"}
&amp#27;[38;5;0m[HTTP]&amp#27;[0m &amp#27;[37m<-- POST /session/161357d5-fcc6-4eaa-9d90-5323de6c23e8/element &amp#27;[39m&amp#27;[32m200&amp#27;[39m &amp#27;[90m644 ms - 137&amp#27;[39m
&amp#27;[38;5;0m[HTTP]&amp#27;[0m &amp#27;[90m&amp#27;[39m
&amp#27;[38;5;0m[HTTP]&amp#27;[0m &amp#27;[37m-->&amp#27;[39m &amp#27;[37mPOST&amp#27;[39m &amp#27;[37m/session/161357d5-fcc6-4eaa-9d90-5323de6c23e8/element/00000000-0000-0084-ffff-ffff0000007c/click&amp#27;[39m
&amp#27;[38;5;0m[HTTP]&amp#27;[0m &amp#27;[90m{"id":"00000000-0000-0084-ffff-ffff0000007c"}&amp#27;[39m
&amp#27;[38;5;32m[AndroidUiautomator2Driver@68c7 (161357d5)]&amp#27;[0m Calling AppiumDriver.click() with args: ["00000000-0000-0084-ffff-ffff0000007c","161357d5-fcc6-4eaa-9d90-5323de6c23e8"]
&amp#27;[38;5;32m[AndroidUiautomator2Driver@68c7 (161357d5)]&amp#27;[0m Matched '/element/00000000-0000-0084-ffff-ffff0000007c/click' to command name 'click'
&amp#27;[38;5;32m[AndroidUiautomator2Driver@68c7 (161357d5)]&amp#27;[0m Proxying [POST /element/00000000-0000-0084-ffff-ffff0000007c/click] to [POST http://127.0.0.1:8205/session/12a2c0c4-62b9-4645-ac6a-039c1e58fde1/element/00000000-0000-0084-ffff-ffff0000007c/click] with body: {"element":"00000000-0000-0084-ffff-ffff0000007c"}
&amp#27;[38;5;32m[AndroidUiautomator2Driver@68c7 (161357d5)]&amp#27;[0m Got response with status 200: {"sessionId":"12a2c0c4-62b9-4645-ac6a-039c1e58fde1","value":null}
&amp#27;[38;5;32m[AndroidUiautomator2Driver@68c7 (161357d5)]&amp#27;[0m Responding to client with driver.click() result: null
&amp#27;[38;5;0m[HTTP]&amp#27;[0m &amp#27;[37m<-- POST /session/161357d5-fcc6-4eaa-9d90-5323de6c23e8/element/00000000-0000-0084-ffff-ffff0000007c/click &amp#27;[39m&amp#27;[32m200&amp#27;[39m &amp#27;[90m104 ms - 14&amp#27;[39m
&amp#27;[38;5;0m[HTTP]&amp#27;[0m &amp#27;[90m&amp#27;[39m
&amp#27;[38;5;0m[HTTP]&amp#27;[0m &amp#27;[37m-->&amp#27;[39m &amp#27;[37mGET&amp#27;[39m &amp#27;[37m/session/161357d5-fcc6-4eaa-9d90-5323de6c23e8/contexts&amp#27;[39m
&amp#27;[38;5;0m[HTTP]&amp#27;[0m &amp#27;[90m{}&amp#27;[39m
&amp#27;[38;5;32m[AndroidUiautomator2Driver@68c7 (161357d5)]&amp#27;[0m Calling AppiumDriver.getContexts() with args: ["161357d5-fcc6-4eaa-9d90-5323de6c23e8"]
&amp#27;[38;5;32m[AndroidUiautomator2Driver@68c7 (161357d5)]&amp#27;[0m Getting a list of available webviews
&amp#27;[38;5;48m[ADB]&amp#27;[0m Running 'C:\Users\sures\AppData\Local\Android\Sdk\platform-tools\adb.exe -P 5037 -s emulator-5554 shell cat /proc/net/unix'
&amp#27;[38;5;32m[AndroidUiautomator2Driver@68c7 (161357d5)]&amp#27;[0m Parsed 1 active devtools socket: ["@webview_devtools_remote_7674"]
&amp#27;[38;5;32m[AndroidUiautomator2Driver@68c7 (161357d5)]&amp#27;[0m Collecting CDP data of 1 webview
&amp#27;[38;5;32m[AndroidUiautomator2Driver@68c7 (161357d5)]&amp#27;[0m Forwarding remote port webview_devtools_remote_7674 to a local port in range 10900..11000
&amp#27;[38;5;32m[AndroidUiautomator2Driver@68c7 (161357d5)]&amp#27;[0m You could use the 'webviewDevtoolsPort' capability to customize the starting port number
&amp#27;[38;5;48m[ADB]&amp#27;[0m Running 'C:\Users\sures\AppData\Local\Android\Sdk\platform-tools\adb.exe -P 5037 -s emulator-5554 forward tcp:10900 localabstract:webview_devtools_remote_7674'
&amp#27;[38;5;48m[ADB]&amp#27;[0m Removing forwarded port socket connection: 10900 
&amp#27;[38;5;48m[ADB]&amp#27;[0m Running 'C:\Users\sures\AppData\Local\Android\Sdk\platform-tools\adb.exe -P 5037 -s emulator-5554 forward --remove tcp:10900'
&amp#27;[38;5;32m[AndroidUiautomator2Driver@68c7 (161357d5)]&amp#27;[0m CDP data collection completed
&amp#27;[38;5;32m[AndroidUiautomator2Driver@68c7 (161357d5)]&amp#27;[0m WEBVIEW_7674 mapped to pid 7674
&amp#27;[38;5;32m[AndroidUiautomator2Driver@68c7 (161357d5)]&amp#27;[0m Getting process name for webview 'WEBVIEW_7674'
&amp#27;[38;5;48m[ADB]&amp#27;[0m Running 'C:\Users\sures\AppData\Local\Android\Sdk\platform-tools\adb.exe -P 5037 -s emulator-5554 shell ps --help'
&amp#27;[38;5;48m[ADB]&amp#27;[0m Running 'C:\Users\sures\AppData\Local\Android\Sdk\platform-tools\adb.exe -P 5037 -s emulator-5554 shell ps -A'
&amp#27;[38;5;32m[AndroidUiautomator2Driver@68c7 (161357d5)]&amp#27;[0m Got process name: 'com.androidsample.generalstore'
&amp#27;[38;5;32m[AndroidUiautomator2Driver@68c7 (161357d5)]&amp#27;[0m Found 1 webview: ["WEBVIEW_com.androidsample.generalstore"]
&amp#27;[38;5;32m[AndroidUiautomator2Driver@68c7 (161357d5)]&amp#27;[0m Available contexts: ["NATIVE_APP","WEBVIEW_com.androidsample.generalstore"]
&amp#27;[38;5;32m[AndroidUiautomator2Driver@68c7 (161357d5)]&amp#27;[0m Responding to client with driver.getContexts() result: ["NATIVE_APP","WEBVIEW_com.androidsample.generalstore"]
&amp#27;[38;5;0m[HTTP]&amp#27;[0m &amp#27;[37m<-- GET /session/161357d5-fcc6-4eaa-9d90-5323de6c23e8/contexts &amp#27;[39m&amp#27;[32m200&amp#27;[39m &amp#27;[90m247 ms - 65&amp#27;[39m
&amp#27;[38;5;0m[HTTP]&amp#27;[0m &amp#27;[90m&amp#27;[39m
NATIVE_APP
WEBVIEW_com.androidsample.generalstore
&amp#27;[38;5;0m[HTTP]&amp#27;[0m &amp#27;[37m-->&amp#27;[39m &amp#27;[37mPOST&amp#27;[39m &amp#27;[37m/session/161357d5-fcc6-4eaa-9d90-5323de6c23e8/context&amp#27;[39m
&amp#27;[38;5;0m[HTTP]&amp#27;[0m &amp#27;[90m{"name":"WEBVIEW_com.androidsample.generalstore"}&amp#27;[39m
&amp#27;[38;5;32m[AndroidUiautomator2Driver@68c7 (161357d5)]&amp#27;[0m Calling AppiumDriver.setContext() with args: ["WEBVIEW_com.androidsample.generalstore","161357d5-fcc6-4eaa-9d90-5323de6c23e8"]
&amp#27;[38;5;32m[AndroidUiautomator2Driver@68c7 (161357d5)]&amp#27;[0m Getting a list of available webviews
&amp#27;[38;5;48m[ADB]&amp#27;[0m Running 'C:\Users\sures\AppData\Local\Android\Sdk\platform-tools\adb.exe -P 5037 -s emulator-5554 shell cat /proc/net/unix'
&amp#27;[38;5;32m[AndroidUiautomator2Driver@68c7 (161357d5)]&amp#27;[0m Parsed 1 active devtools socket: ["@webview_devtools_remote_7674"]
&amp#27;[38;5;32m[AndroidUiautomator2Driver@68c7 (161357d5)]&amp#27;[0m Collecting CDP data of 1 webview
&amp#27;[38;5;32m[AndroidUiautomator2Driver@68c7 (161357d5)]&amp#27;[0m Forwarding remote port webview_devtools_remote_7674 to a local port in range 10900..11000
&amp#27;[38;5;32m[AndroidUiautomator2Driver@68c7 (161357d5)]&amp#27;[0m You could use the 'webviewDevtoolsPort' capability to customize the starting port number
&amp#27;[38;5;48m[ADB]&amp#27;[0m Running 'C:\Users\sures\AppData\Local\Android\Sdk\platform-tools\adb.exe -P 5037 -s emulator-5554 forward tcp:10900 localabstract:webview_devtools_remote_7674'
&amp#27;[38;5;48m[ADB]&amp#27;[0m Removing forwarded port socket connection: 10900 
&amp#27;[38;5;48m[ADB]&amp#27;[0m Running 'C:\Users\sures\AppData\Local\Android\Sdk\platform-tools\adb.exe -P 5037 -s emulator-5554 forward --remove tcp:10900'
&amp#27;[38;5;32m[AndroidUiautomator2Driver@68c7 (161357d5)]&amp#27;[0m CDP data collection completed
&amp#27;[38;5;32m[AndroidUiautomator2Driver@68c7 (161357d5)]&amp#27;[0m WEBVIEW_7674 mapped to pid 7674
&amp#27;[38;5;32m[AndroidUiautomator2Driver@68c7 (161357d5)]&amp#27;[0m Getting process name for webview 'WEBVIEW_7674'
&amp#27;[38;5;48m[ADB]&amp#27;[0m Running 'C:\Users\sures\AppData\Local\Android\Sdk\platform-tools\adb.exe -P 5037 -s emulator-5554 shell ps -A'
&amp#27;[38;5;32m[AndroidUiautomator2Driver@68c7 (161357d5)]&amp#27;[0m Got process name: 'com.androidsample.generalstore'
&amp#27;[38;5;32m[AndroidUiautomator2Driver@68c7 (161357d5)]&amp#27;[0m Found 1 webview: ["WEBVIEW_com.androidsample.generalstore"]
&amp#27;[38;5;32m[AndroidUiautomator2Driver@68c7 (161357d5)]&amp#27;[0m Available contexts: ["NATIVE_APP","WEBVIEW_com.androidsample.generalstore"]
&amp#27;[38;5;32m[AndroidUiautomator2Driver@68c7 (161357d5)]&amp#27;[0m Connecting to chrome-backed webview context 'WEBVIEW_com.androidsample.generalstore'
&amp#27;[38;5;32m[AndroidUiautomator2Driver@68c7 (161357d5)]&amp#27;[0m A port was not given, using random free port: 64853
&amp#27;[38;5;32m[AndroidUiautomator2Driver@68c7 (161357d5)]&amp#27;[0m Passing web view details to the Chromedriver constructor: {
&amp#27;[38;5;32m[AndroidUiautomator2Driver@68c7 (161357d5)]&amp#27;[0m   "info": {
&amp#27;[38;5;32m[AndroidUiautomator2Driver@68c7 (161357d5)]&amp#27;[0m     "Android-Package": "com.androidsample.generalstore",
&amp#27;[38;5;32m[AndroidUiautomator2Driver@68c7 (161357d5)]&amp#27;[0m     "Browser": "Chrome/113.0.5672.136",
&amp#27;[38;5;32m[AndroidUiautomator2Driver@68c7 (161357d5)]&amp#27;[0m     "Protocol-Version": "1.3",
&amp#27;[38;5;32m[AndroidUiautomator2Driver@68c7 (161357d5)]&amp#27;[0m     "User-Agent": "Mozilla/5.0 (Linux; Android 14; sdk_gphone64_x86_64 Build/UE1A.230829.036.A2; wv) AppleWebKit/537.36 (KHTML, like Gecko) Version/4.0 Chrome/113.0.5672.136 Mobile Safari/537.36",
&amp#27;[38;5;32m[AndroidUiautomator2Driver@68c7 (161357d5)]&amp#27;[0m     "V8-Version": "11.3.244.11",
&amp#27;[38;5;32m[AndroidUiautomator2Driver@68c7 (161357d5)]&amp#27;[0m     "WebKit-Version": "537.36 (@2d54072eb2f350d37f3f304c4ba0fafcddbd7e82)",
&amp#27;[38;5;32m[AndroidUiautomator2Driver@68c7 (161357d5)]&amp#27;[0m     "webSocketDebuggerUrl": "ws://127.0.0.1:10900/devtools/browser"
&amp#27;[38;5;32m[AndroidUiautomator2Driver@68c7 (161357d5)]&amp#27;[0m   },
&amp#27;[38;5;32m[AndroidUiautomator2Driver@68c7 (161357d5)]&amp#27;[0m   "process": {
&amp#27;[38;5;32m[AndroidUiautomator2Driver@68c7 (161357d5)]&amp#27;[0m     "name": "com.androidsample.generalstore",
&amp#27;[38;5;32m[AndroidUiautomator2Driver@68c7 (161357d5)]&amp#27;[0m     "id": "7674"
&amp#27;[38;5;32m[AndroidUiautomator2Driver@68c7 (161357d5)]&amp#27;[0m   }
&amp#27;[38;5;32m[AndroidUiautomator2Driver@68c7 (161357d5)]&amp#27;[0m }
&amp#27;[38;5;32m[AndroidUiautomator2Driver@68c7 (161357d5)]&amp#27;[0m Automated Chromedriver download is disabled. Use 'chromedriver_autodownload' server feature to enable it
&amp#27;[38;5;32m[AndroidUiautomator2Driver@68c7 (161357d5)]&amp#27;[0m Precalculated Chromedriver capabilities: {
&amp#27;[38;5;32m[AndroidUiautomator2Driver@68c7 (161357d5)]&amp#27;[0m   "androidPackage": "com.androidsample.generalstore",
&amp#27;[38;5;32m[AndroidUiautomator2Driver@68c7 (161357d5)]&amp#27;[0m   "androidUseRunningApp": true,
&amp#27;[38;5;32m[AndroidUiautomator2Driver@68c7 (161357d5)]&amp#27;[0m   "androidProcess": "com.androidsample.generalstore",
&amp#27;[38;5;32m[AndroidUiautomator2Driver@68c7 (161357d5)]&amp#27;[0m   "androidDeviceSerial": "emulator-5554"
&amp#27;[38;5;32m[AndroidUiautomator2Driver@68c7 (161357d5)]&amp#27;[0m }
&amp#27;[38;5;32m[AndroidUiautomator2Driver@68c7 (161357d5)]&amp#27;[0m Before starting chromedriver, androidPackage is 'com.androidsample.generalstore'
&amp#27;[38;5;128m[Chromedriver@7617]&amp#27;[0m Changed state to 'starting'
&amp#27;[38;5;128m[Chromedriver@7617]&amp#27;[0m Using the static Chromedriver->Chrome mapping
&amp#27;[38;5;128m[Chromedriver@7617]&amp#27;[0m The most recent known Chrome version: 124.0.6367
&amp#27;[38;5;128m[Chromedriver@7617]&amp#27;[0m Found 2 executables in 'C:\Users\sures\.appium\node_modules\appium-uiautomator2-driver\node_modules\appium-chromedriver\chromedriver\win'
&amp#27;[38;5;128m[Chromedriver@7617]&amp#27;[0m The following Chromedriver executables were found:
&amp#27;[38;5;128m[Chromedriver@7617]&amp#27;[0m     'C:\Users\sures\.appium\node_modules\appium-uiautomator2-driver\node_modules\appium-chromedriver\chromedriver\win\chromedriver-win64_v124.0.6367.201.exe' (version '124.0.6367.201', minimum Chrome version '124.0.6367')
&amp#27;[38;5;128m[Chromedriver@7617]&amp#27;[0m     'C:\Users\sures\.appium\node_modules\appium-uiautomator2-driver\node_modules\appium-chromedriver\chromedriver\win\chromedriver_win32_v113.0.5672.63.exe' (version '113.0.5672.63', minimum Chrome version '113.0.5672')
&amp#27;[38;5;128m[Chromedriver@7617]&amp#27;[0m Browser version in the supplied details: Chrome/113.0.5672.136
&amp#27;[38;5;128m[Chromedriver@7617]&amp#27;[0m Found Chrome bundle 'undefined' version '113.0.5672'
&amp#27;[38;5;128m[Chromedriver@7617]&amp#27;[0m Found 1 executable capable of automating Chrome '113.0.5672'.
&amp#27;[38;5;128m[Chromedriver@7617]&amp#27;[0m Choosing the most recent, 'C:\Users\sures\.appium\node_modules\appium-uiautomator2-driver\node_modules\appium-chromedriver\chromedriver\win\chromedriver_win32_v113.0.5672.63.exe'.
&amp#27;[38;5;128m[Chromedriver@7617]&amp#27;[0m If a specific version is required, specify it with the `chromedriverExecutable`desired capability.
&amp#27;[38;5;128m[Chromedriver@7617]&amp#27;[0m Set chromedriver binary as: C:\Users\sures\.appium\node_modules\appium-uiautomator2-driver\node_modules\appium-chromedriver\chromedriver\win\chromedriver_win32_v113.0.5672.63.exe
&amp#27;[38;5;128m[Chromedriver@7617]&amp#27;[0m Killing any old chromedrivers, running: wmic process where "commandline like '%chromedriver.exe%--port=64853%'" delete
&amp#27;[38;5;128m[Chromedriver@7617]&amp#27;[0m Successfully cleaned up old chromedrivers
&amp#27;[38;5;128m[Chromedriver@7617]&amp#27;[0m Cleaning this device's adb forwarded port socket connections: emulator-5554
&amp#27;[38;5;48m[ADB]&amp#27;[0m List forwarding ports
&amp#27;[38;5;48m[ADB]&amp#27;[0m Running 'C:\Users\sures\AppData\Local\Android\Sdk\platform-tools\adb.exe -P 5037 -s emulator-5554 forward --list'
&amp#27;[38;5;48m[ADB]&amp#27;[0m Removing forwarded port socket connection: 64478 
&amp#27;[38;5;48m[ADB]&amp#27;[0m Running 'C:\Users\sures\AppData\Local\Android\Sdk\platform-tools\adb.exe -P 5037 -s emulator-5554 forward --remove tcp:64478'
&amp#27;[38;5;128m[Chromedriver@7617]&amp#27;[0m Spawning chromedriver with: C:\Users\sures\.appium\node_modules\appium-uiautomator2-driver\node_modules\appium-chromedriver\chromedriver\win\chromedriver_win32_v113.0.5672.63.exe --port=64853 --adb-port=5037 --verbose
&amp#27;[38;5;128m[Chromedriver@7617]&amp#27;[0m ChromeDriver version: '113.0.5672.63'
&amp#27;[38;5;128m[Chromedriver@7617]&amp#27;[0m Matched '/status' to command name 'getStatus'
&amp#27;[38;5;128m[Chromedriver@7617]&amp#27;[0m Proxying [GET /status] to [GET http://127.0.0.1:64853/status] with no body
&amp#27;[38;5;128m[Chromedriver@7617]&amp#27;[0m connect ECONNREFUSED 127.0.0.1:64853
&amp#27;[38;5;128m[Chromedriver@7617]&amp#27;[0m Matched '/status' to command name 'getStatus'
&amp#27;[38;5;128m[Chromedriver@7617]&amp#27;[0m Proxying [GET /status] to [GET http://127.0.0.1:64853/status] with no body
&amp#27;[38;5;128m[Chromedriver@7617]&amp#27;[0m Got response with status 200: {"value":{"build":{"version":"113.0.5672.63 (0e1a4471d5ae5bf128b1bd8f4d627c8cbd55f70c-refs/branch-heads/5672@{#912})"},"message":"ChromeDriver ready for new sessions.","os":{"arch":"x86_64","name":"Windows NT","version":"10.0.22631"},"ready":true}}
&amp#27;[38;5;128m[Chromedriver@7617]&amp#27;[0m Starting W3C Chromedriver session with capabilities: {
&amp#27;[38;5;128m[Chromedriver@7617]&amp#27;[0m   "capabilities": {
&amp#27;[38;5;128m[Chromedriver@7617]&amp#27;[0m     "alwaysMatch": {
&amp#27;[38;5;128m[Chromedriver@7617]&amp#27;[0m       "goog:chromeOptions": {
&amp#27;[38;5;128m[Chromedriver@7617]&amp#27;[0m         "androidPackage": "com.androidsample.generalstore",
&amp#27;[38;5;128m[Chromedriver@7617]&amp#27;[0m         "androidUseRunningApp": true,
&amp#27;[38;5;128m[Chromedriver@7617]&amp#27;[0m         "androidProcess": "com.androidsample.generalstore",
&amp#27;[38;5;128m[Chromedriver@7617]&amp#27;[0m         "androidDeviceSerial": "emulator-5554"
&amp#27;[38;5;128m[Chromedriver@7617]&amp#27;[0m       },
&amp#27;[38;5;128m[Chromedriver@7617]&amp#27;[0m       "goog:loggingPrefs": {
&amp#27;[38;5;128m[Chromedriver@7617]&amp#27;[0m         "browser": "ALL"
&amp#27;[38;5;128m[Chromedriver@7617]&amp#27;[0m       }
&amp#27;[38;5;128m[Chromedriver@7617]&amp#27;[0m     }
&amp#27;[38;5;128m[Chromedriver@7617]&amp#27;[0m   }
&amp#27;[38;5;128m[Chromedriver@7617]&amp#27;[0m }
&amp#27;[38;5;128m[Chromedriver@7617]&amp#27;[0m Matched '/session' to command name 'createSession'
&amp#27;[38;5;128m[Chromedriver@7617]&amp#27;[0m Proxying [POST /session] to [POST http://127.0.0.1:64853/session] with body: {"capabilities":{"alwaysMatch":{"goog:chromeOptions":{"androidPackage":"com.androidsample.generalstore","androidUseRunningApp":true,"androidProcess":"com.androidsample.generalstore","androidDeviceSerial":"emulator-5554"},"goog:loggingPrefs":{"browser":"ALL"}}}}
&amp#27;[38;5;128m[Chromedriver@7617]&amp#27;[0m Webview version: 'Chrome/113.0.5672.136'
&amp#27;[38;5;128m[Chromedriver@7617]&amp#27;[0m Got response with status 200: {"value":{"capabilities":{"acceptInsecureCerts":false,"browserName":"chrome","browserVersion":"113.0.5672.136","chrome":{"chromedriverVersion":"113.0.5672.63 (0e1a4471d5ae5bf128b1bd8f4d627c8cbd55f70c-refs/branch-heads/5672@{#912})"},"goog:chromeOptions":{"debuggerAddress":"localhost:64865"},"pageLoadStrategy":"normal","platformName":"android","proxy":{},"setWindowRect":false,"strictFileInteractability":false,"timeouts":{"implicit":0,"pageLoad":300000,"script":30000},"unhandledPromptBehavior":"dismiss and notify","webauthn:extension:credBlob":false,"webauthn:extension:largeBlob":false,"webauthn:extension:minPinLength":false,"webauthn:extension:prf":false,"webauthn:virtualAuthenticators":false},"sessionId":"5760aa37e436a5f28669ed43a8f8d837"}}
&amp#27;[38;5;128m[Chromedriver@7617]&amp#27;[0m Determined the downstream protocol as 'W3C'
&amp#27;[38;5;128m[Chromedriver@7617 (5760aa37)]&amp#27;[0m Changed state to 'online'
&amp#27;[38;5;32m[AndroidUiautomator2Driver@68c7 (161357d5)]&amp#27;[0m Responding to client with driver.setContext() result: null
&amp#27;[38;5;0m[HTTP]&amp#27;[0m &amp#27;[37m<-- POST /session/161357d5-fcc6-4eaa-9d90-5323de6c23e8/context &amp#27;[39m&amp#27;[32m200&amp#27;[39m &amp#27;[90m1403 ms - 14&amp#27;[39m
&amp#27;[38;5;0m[HTTP]&amp#27;[0m &amp#27;[90m&amp#27;[39m
&amp#27;[38;5;0m[HTTP]&amp#27;[0m &amp#27;[37m-->&amp#27;[39m &amp#27;[37mPOST&amp#27;[39m &amp#27;[37m/session/161357d5-fcc6-4eaa-9d90-5323de6c23e8/element&amp#27;[39m
&amp#27;[38;5;0m[HTTP]&amp#27;[0m &amp#27;[90m{"value":"q","using":"name"}&amp#27;[39m
&amp#27;[38;5;32m[AndroidUiautomator2Driver@68c7 (161357d5)]&amp#27;[0m Driver proxy active, passing request on via HTTP proxy
&amp#27;[38;5;128m[Chromedriver@7617 (5760aa37)]&amp#27;[0m Matched '/session/161357d5-fcc6-4eaa-9d90-5323de6c23e8/element' to command name 'findElement'
&amp#27;[38;5;128m[Chromedriver@7617 (5760aa37)]&amp#27;[0m Proxying [POST /session/161357d5-fcc6-4eaa-9d90-5323de6c23e8/element] to [POST http://127.0.0.1:64853/session/5760aa37e436a5f28669ed43a8f8d837/element] with body: {"value":"q","using":"name"}
&amp#27;[38;5;128m[Chromedriver@7617 (5760aa37)]&amp#27;[0m Got response with status 400: {"value":{"error":"invalid argument","message":"invalid argument: invalid locator\n  (Session info: chrome=113.0.5672.136)","stacktrace":"Backtrace:\n\tGetHandleVerifier [0x00978893+48451]\n\t(No symbol) [0x0090B8A1]\n\t(No symbol) [0x00815058]\n\t(No symbol) [0x00840570]\n\t(No symbol) [0x0084069B]\n\t(No symbol) [0x0086DD92]\n\t(No symbol) [0x0085A304]\n\t(No symbol) [0x0086C482]\n\t(No symbol) [0x0085A0B6]\n\t(No symbol) [0x00837E08]\n\t(No symbol) [0x00838F2D]\n\tGetHandleVerifier [0x00BD8E3A+2540266]\n\tGetHandleVerifier [0x00C18959+2801161]\n\tGetHandleVerifier [0x00C1295C+2776588]\n\tGetHandleVerifier [0x00A02280+612144]\n\t(No symbol) [0x00914F6C]\n\t(No symbol) [0x009111D8]\n\t(No symbol) [0x009112BB]\n\t(No symbol) [0x00904857]\n\tBaseThreadInitThunk [0x77127BA9+25]\n\tRtlInitializeExceptionChain [0x775CC10B+107]\n\tRtlClearBits [0x775CC08F+191]\n"}}
&amp#27;[38;5;112m[W3C]&amp#27;[0m Matched W3C error code 'invalid argument' to InvalidArgumentError
&amp#27;[38;5;0m[HTTP]&amp#27;[0m &amp#27;[37m<-- POST /session/161357d5-fcc6-4eaa-9d90-5323de6c23e8/element &amp#27;[39m&amp#27;[33m400&amp#27;[39m &amp#27;[90m37 ms - 872&amp#27;[39m
&amp#27;[38;5;0m[HTTP]&amp#27;[0m &amp#27;[90m&amp#27;[39m
&amp#27;[38;5;0m[HTTP]&amp#27;[0m &amp#27;[37m-->&amp#27;[39m &amp#27;[37mPOST&amp#27;[39m &amp#27;[37m/session/161357d5-fcc6-4eaa-9d90-5323de6c23e8/element&amp#27;[39m
&amp#27;[38;5;0m[HTTP]&amp#27;[0m &amp#27;[90m{"value":"*[name='q']","using":"css selector"}&amp#27;[39m
&amp#27;[38;5;32m[AndroidUiautomator2Driver@68c7 (161357d5)]&amp#27;[0m Driver proxy active, passing request on via HTTP proxy
&amp#27;[38;5;128m[Chromedriver@7617 (5760aa37)]&amp#27;[0m Matched '/session/161357d5-fcc6-4eaa-9d90-5323de6c23e8/element' to command name 'findElement'
&amp#27;[38;5;128m[Chromedriver@7617 (5760aa37)]&amp#27;[0m Proxying [POST /session/161357d5-fcc6-4eaa-9d90-5323de6c23e8/element] to [POST http://127.0.0.1:64853/session/5760aa37e436a5f28669ed43a8f8d837/element] with body: {"value":"*[name='q']","using":"css selector"}
&amp#27;[38;5;128m[Chromedriver@7617 (5760aa37)]&amp#27;[0m Got response with status 200: {"value":{"element-6066-11e4-a52e-4f735466cecf":"DB3B3416595DFA6D097FA1210F81D106_element_11"}}
&amp#27;[38;5;0m[HTTP]&amp#27;[0m &amp#27;[37m<-- POST /session/161357d5-fcc6-4eaa-9d90-5323de6c23e8/element &amp#27;[39m&amp#27;[32m200&amp#27;[39m &amp#27;[90m49 ms - 151&amp#27;[39m
&amp#27;[38;5;0m[HTTP]&amp#27;[0m &amp#27;[90m&amp#27;[39m
&amp#27;[38;5;0m[HTTP]&amp#27;[0m &amp#27;[37m-->&amp#27;[39m &amp#27;[37mPOST&amp#27;[39m &amp#27;[37m/session/161357d5-fcc6-4eaa-9d90-5323de6c23e8/element/DB3B3416595DFA6D097FA1210F81D106_element_11/value&amp#27;[39m
&amp#27;[38;5;0m[HTTP]&amp#27;[0m &amp#27;[90m{"value":["r","a","h","u","l"," ","s","h","e","t","t","y"," ","a","c","a","d","e","m","y"],"id":"DB3B3416595DFA6D097FA1210F81D106_element_11","text":"rahul shetty academy"}&amp#27;[39m
&amp#27;[38;5;32m[AndroidUiautomator2Driver@68c7 (161357d5)]&amp#27;[0m Driver proxy active, passing request on via HTTP proxy
&amp#27;[38;5;128m[Chromedriver@7617 (5760aa37)]&amp#27;[0m Matched '/session/161357d5-fcc6-4eaa-9d90-5323de6c23e8/element/DB3B3416595DFA6D097FA1210F81D106_element_11/value' to command name 'setValue'
&amp#27;[38;5;128m[Chromedriver@7617 (5760aa37)]&amp#27;[0m Proxying [POST /session/161357d5-fcc6-4eaa-9d90-5323de6c23e8/element/DB3B3416595DFA6D097FA1210F81D106_element_11/value] to [POST http://127.0.0.1:64853/session/5760aa37e436a5f28669ed43a8f8d837/element/DB3B3416595DFA6D097FA1210F81D106_element_11/value] with body: {"value":["r","a","h","u","l"," ","s","h","e","t","t","y"," ","a","c","a","d","e","m","y"],"id":"DB3B3416595DFA6D097FA1210F81D106_element_11","text":"rahul shetty academy"}
&amp#27;[38;5;128m[Chromedriver@7617 (5760aa37)]&amp#27;[0m Got response with status 200: {"value":null}
&amp#27;[38;5;0m[HTTP]&amp#27;[0m &amp#27;[37m<-- POST /session/161357d5-fcc6-4eaa-9d90-5323de6c23e8/element/DB3B3416595DFA6D097FA1210F81D106_element_11/value &amp#27;[39m&amp#27;[32m200&amp#27;[39m &amp#27;[90m511 ms - 14&amp#27;[39m
&amp#27;[38;5;0m[HTTP]&amp#27;[0m &amp#27;[90m&amp#27;[39m
&amp#27;[38;5;0m[HTTP]&amp#27;[0m &amp#27;[37m-->&amp#27;[39m &amp#27;[37mPOST&amp#27;[39m &amp#27;[37m/session/161357d5-fcc6-4eaa-9d90-5323de6c23e8/element&amp#27;[39m
&amp#27;[38;5;0m[HTTP]&amp#27;[0m &amp#27;[90m{"value":"*[name='q']","using":"css selector"}&amp#27;[39m
&amp#27;[38;5;32m[AndroidUiautomator2Driver@68c7 (161357d5)]&amp#27;[0m Driver proxy active, passing request on via HTTP proxy
&amp#27;[38;5;128m[Chromedriver@7617 (5760aa37)]&amp#27;[0m Matched '/session/161357d5-fcc6-4eaa-9d90-5323de6c23e8/element' to command name 'findElement'
&amp#27;[38;5;128m[Chromedriver@7617 (5760aa37)]&amp#27;[0m Proxying [POST /session/161357d5-fcc6-4eaa-9d90-5323de6c23e8/element] to [POST http://127.0.0.1:64853/session/5760aa37e436a5f28669ed43a8f8d837/element] with body: {"value":"*[name='q']","using":"css selector"}
&amp#27;[38;5;128m[Chromedriver@7617 (5760aa37)]&amp#27;[0m Got response with status 200: {"value":{"element-6066-11e4-a52e-4f735466cecf":"DB3B3416595DFA6D097FA1210F81D106_element_11"}}
&amp#27;[38;5;0m[HTTP]&amp#27;[0m &amp#27;[37m<-- POST /session/161357d5-fcc6-4eaa-9d90-5323de6c23e8/element &amp#27;[39m&amp#27;[32m200&amp#27;[39m &amp#27;[90m54 ms - 151&amp#27;[39m
&amp#27;[38;5;0m[HTTP]&amp#27;[0m &amp#27;[90m&amp#27;[39m
&amp#27;[38;5;0m[HTTP]&amp#27;[0m &amp#27;[37m-->&amp#27;[39m &amp#27;[37mPOST&amp#27;[39m &amp#27;[37m/session/161357d5-fcc6-4eaa-9d90-5323de6c23e8/element/DB3B3416595DFA6D097FA1210F81D106_element_11/value&amp#27;[39m
&amp#27;[38;5;0m[HTTP]&amp#27;[0m &amp#27;[90m{"value":[""],"id":"DB3B3416595DFA6D097FA1210F81D106_element_11","text":""}&amp#27;[39m
&amp#27;[38;5;32m[AndroidUiautomator2Driver@68c7 (161357d5)]&amp#27;[0m Driver proxy active, passing request on via HTTP proxy
&amp#27;[38;5;128m[Chromedriver@7617 (5760aa37)]&amp#27;[0m Matched '/session/161357d5-fcc6-4eaa-9d90-5323de6c23e8/element/DB3B3416595DFA6D097FA1210F81D106_element_11/value' to command name 'setValue'
&amp#27;[38;5;128m[Chromedriver@7617 (5760aa37)]&amp#27;[0m Proxying [POST /session/161357d5-fcc6-4eaa-9d90-5323de6c23e8/element/DB3B3416595DFA6D097FA1210F81D106_element_11/value] to [POST http://127.0.0.1:64853/session/5760aa37e436a5f28669ed43a8f8d837/element/DB3B3416595DFA6D097FA1210F81D106_element_11/value] with body: {"value":[""],"id":"DB3B3416595DFA6D097FA1210F81D106_element_11","text":""}
&amp#27;[38;5;128m[Chromedriver@7617 (5760aa37)]&amp#27;[0m Got response with status 200: {"value":null}
&amp#27;[38;5;0m[HTTP]&amp#27;[0m &amp#27;[37m<-- POST /session/161357d5-fcc6-4eaa-9d90-5323de6c23e8/element/DB3B3416595DFA6D097FA1210F81D106_element_11/value &amp#27;[39m&amp#27;[32m200&amp#27;[39m &amp#27;[90m242 ms - 14&amp#27;[39m
&amp#27;[38;5;0m[HTTP]&amp#27;[0m &amp#27;[90m&amp#27;[39m
&amp#27;[38;5;0m[HTTP]&amp#27;[0m &amp#27;[37m-->&amp#27;[39m &amp#27;[37mPOST&amp#27;[39m &amp#27;[37m/session/161357d5-fcc6-4eaa-9d90-5323de6c23e8/execute/sync&amp#27;[39m
&amp#27;[38;5;0m[HTTP]&amp#27;[0m &amp#27;[90m{"args":[{"keycode":4}],"script":"mobile: pressKey"}&amp#27;[39m
&amp#27;[38;5;32m[AndroidUiautomator2Driver@68c7 (161357d5)]&amp#27;[0m Calling AppiumDriver.execute() with args: ["mobile: pressKey",[{"keycode":4}],"161357d5-fcc6-4eaa-9d90-5323de6c23e8"]
&amp#27;[38;5;32m[AndroidUiautomator2Driver@68c7 (161357d5)]&amp#27;[0m Executing native command 'mobile: pressKey'
&amp#27;[38;5;32m[AndroidUiautomator2Driver@68c7 (161357d5)]&amp#27;[0m Matched '/appium/device/press_keycode' to command name 'pressKeyCode'
&amp#27;[38;5;32m[AndroidUiautomator2Driver@68c7 (161357d5)]&amp#27;[0m Proxying [POST /appium/device/press_keycode] to [POST http://127.0.0.1:8205/session/12a2c0c4-62b9-4645-ac6a-039c1e58fde1/appium/device/press_keycode] with body: {"keycode":4}
&amp#27;[38;5;32m[AndroidUiautomator2Driver@68c7 (161357d5)]&amp#27;[0m Got response with status 200: {"sessionId":"12a2c0c4-62b9-4645-ac6a-039c1e58fde1","value":null}
&amp#27;[38;5;32m[AndroidUiautomator2Driver@68c7 (161357d5)]&amp#27;[0m Responding to client with driver.execute() result: null
&amp#27;[38;5;0m[HTTP]&amp#27;[0m &amp#27;[37m<-- POST /session/161357d5-fcc6-4eaa-9d90-5323de6c23e8/execute/sync &amp#27;[39m&amp#27;[32m200&amp#27;[39m &amp#27;[90m1009 ms - 14&amp#27;[39m
&amp#27;[38;5;0m[HTTP]&amp#27;[0m &amp#27;[90m&amp#27;[39m
&amp#27;[38;5;0m[HTTP]&amp#27;[0m &amp#27;[37m-->&amp#27;[39m &amp#27;[37mPOST&amp#27;[39m &amp#27;[37m/session/161357d5-fcc6-4eaa-9d90-5323de6c23e8/context&amp#27;[39m
&amp#27;[38;5;0m[HTTP]&amp#27;[0m &amp#27;[90m{"name":"NATIVE_APP"}&amp#27;[39m
&amp#27;[38;5;32m[AndroidUiautomator2Driver@68c7 (161357d5)]&amp#27;[0m Calling AppiumDriver.setContext() with args: ["NATIVE_APP","161357d5-fcc6-4eaa-9d90-5323de6c23e8"]
&amp#27;[38;5;32m[AndroidUiautomator2Driver@68c7 (161357d5)]&amp#27;[0m Getting a list of available webviews
&amp#27;[38;5;48m[ADB]&amp#27;[0m Running 'C:\Users\sures\AppData\Local\Android\Sdk\platform-tools\adb.exe -P 5037 -s emulator-5554 shell cat /proc/net/unix'
&amp#27;[38;5;32m[AndroidUiautomator2Driver@68c7 (161357d5)]&amp#27;[0m Parsed 1 active devtools socket: ["@webview_devtools_remote_7674"]
&amp#27;[38;5;32m[AndroidUiautomator2Driver@68c7 (161357d5)]&amp#27;[0m Collecting CDP data of 1 webview
&amp#27;[38;5;32m[AndroidUiautomator2Driver@68c7 (161357d5)]&amp#27;[0m Forwarding remote port webview_devtools_remote_7674 to a local port in range 10900..11000
&amp#27;[38;5;32m[AndroidUiautomator2Driver@68c7 (161357d5)]&amp#27;[0m You could use the 'webviewDevtoolsPort' capability to customize the starting port number
&amp#27;[38;5;48m[ADB]&amp#27;[0m Running 'C:\Users\sures\AppData\Local\Android\Sdk\platform-tools\adb.exe -P 5037 -s emulator-5554 forward tcp:10900 localabstract:webview_devtools_remote_7674'
&amp#27;[38;5;48m[ADB]&amp#27;[0m Removing forwarded port socket connection: 10900 
&amp#27;[38;5;48m[ADB]&amp#27;[0m Running 'C:\Users\sures\AppData\Local\Android\Sdk\platform-tools\adb.exe -P 5037 -s emulator-5554 forward --remove tcp:10900'
&amp#27;[38;5;32m[AndroidUiautomator2Driver@68c7 (161357d5)]&amp#27;[0m CDP data collection completed
&amp#27;[38;5;32m[AndroidUiautomator2Driver@68c7 (161357d5)]&amp#27;[0m WEBVIEW_7674 mapped to pid 7674
&amp#27;[38;5;32m[AndroidUiautomator2Driver@68c7 (161357d5)]&amp#27;[0m Getting process name for webview 'WEBVIEW_7674'
&amp#27;[38;5;48m[ADB]&amp#27;[0m Running 'C:\Users\sures\AppData\Local\Android\Sdk\platform-tools\adb.exe -P 5037 -s emulator-5554 shell ps -A'
&amp#27;[38;5;32m[AndroidUiautomator2Driver@68c7 (161357d5)]&amp#27;[0m Got process name: 'com.androidsample.generalstore'
&amp#27;[38;5;32m[AndroidUiautomator2Driver@68c7 (161357d5)]&amp#27;[0m Found 1 webview: ["WEBVIEW_com.androidsample.generalstore"]
&amp#27;[38;5;32m[AndroidUiautomator2Driver@68c7 (161357d5)]&amp#27;[0m Available contexts: ["NATIVE_APP","WEBVIEW_com.androidsample.generalstore"]
&amp#27;[38;5;32m[AndroidUiautomator2Driver@68c7 (161357d5)]&amp#27;[0m Responding to client with driver.setContext() result: null
&amp#27;[38;5;0m[HTTP]&amp#27;[0m &amp#27;[37m<-- POST /session/161357d5-fcc6-4eaa-9d90-5323de6c23e8/context &amp#27;[39m&amp#27;[32m200&amp#27;[39m &amp#27;[90m256 ms - 14&amp#27;[39m
&amp#27;[38;5;0m[HTTP]&amp#27;[0m &amp#27;[90m&amp#27;[39m
]]></system-out>
    <system-err><![CDATA[SLF4J(W): No SLF4J providers were found.
SLF4J(W): Defaulting to no-operation (NOP) logger implementation
SLF4J(W): See https://www.slf4j.org/codes.html#noProviders for further details.
]]></system-err>
  </testcase>
  <testcase name="FilForm[Vinay, Male, Austria](2)" classname="skappium.AppiumFrameWorkDesign.eCommerce_tc_3_Hybrid" time="23.879">
    <system-out><![CDATA[&amp#27;[38;5;0m[HTTP]&amp#27;[0m &amp#27;[37m-->&amp#27;[39m &amp#27;[37mPOST&amp#27;[39m &amp#27;[37m/session/161357d5-fcc6-4eaa-9d90-5323de6c23e8/execute/sync&amp#27;[39m
&amp#27;[38;5;0m[HTTP]&amp#27;[0m &amp#27;[90m{"args":[{"intent":"com.androidsample.generalstore/com.androidsample.generalstore.SplashActivity"}],"script":"mobile: startActivity"}&amp#27;[39m
&amp#27;[38;5;32m[AndroidUiautomator2Driver@68c7 (161357d5)]&amp#27;[0m Calling AppiumDriver.execute() with args: ["mobile: startActivity",[{"intent":"com.androidsample.generalstore/com.androidsample.generalstore.SplashActivity"}],"161357d5-fcc6-4eaa-9d90-5323de6c23e8"]
&amp#27;[38;5;32m[AndroidUiautomator2Driver@68c7 (161357d5)]&amp#27;[0m Executing native command 'mobile: startActivity'
&amp#27;[38;5;48m[ADB]&amp#27;[0m Running 'C:\Users\sures\AppData\Local\Android\Sdk\platform-tools\adb.exe -P 5037 -s emulator-5554 shell am start-activity com.androidsample.generalstore/com.androidsample.generalstore.SplashActivity'
&amp#27;[38;5;32m[AndroidUiautomator2Driver@68c7 (161357d5)]&amp#27;[0m Responding to client with driver.execute() result: "Starting: Intent { act=android.intent.action.MAIN cat=[android.intent.category.LAUNCHER] cmp=com.androidsample.generalstore/.SplashActivity }"
&amp#27;[38;5;0m[HTTP]&amp#27;[0m &amp#27;[37m<-- POST /session/161357d5-fcc6-4eaa-9d90-5323de6c23e8/execute/sync &amp#27;[39m&amp#27;[32m200&amp#27;[39m &amp#27;[90m77 ms - 153&amp#27;[39m
&amp#27;[38;5;0m[HTTP]&amp#27;[0m &amp#27;[90m&amp#27;[39m
&amp#27;[38;5;0m[HTTP]&amp#27;[0m &amp#27;[37m-->&amp#27;[39m &amp#27;[37mPOST&amp#27;[39m &amp#27;[37m/session/161357d5-fcc6-4eaa-9d90-5323de6c23e8/timeouts&amp#27;[39m
&amp#27;[38;5;0m[HTTP]&amp#27;[0m &amp#27;[90m{"implicit":10000}&amp#27;[39m
&amp#27;[38;5;32m[AndroidUiautomator2Driver@68c7 (161357d5)]&amp#27;[0m Calling AppiumDriver.timeouts() with args: [null,null,null,null,10000,"161357d5-fcc6-4eaa-9d90-5323de6c23e8"]
&amp#27;[38;5;32m[AndroidUiautomator2Driver@68c7 (161357d5)]&amp#27;[0m W3C timeout argument: {"implicit":10000}}
&amp#27;[38;5;32m[AndroidUiautomator2Driver@68c7 (161357d5)]&amp#27;[0m Set implicit wait to 10000ms
&amp#27;[38;5;32m[AndroidUiautomator2Driver@68c7 (161357d5)]&amp#27;[0m Responding to client with driver.timeouts() result: null
&amp#27;[38;5;0m[HTTP]&amp#27;[0m &amp#27;[37m<-- POST /session/161357d5-fcc6-4eaa-9d90-5323de6c23e8/timeouts &amp#27;[39m&amp#27;[32m200&amp#27;[39m &amp#27;[90m2 ms - 14&amp#27;[39m
&amp#27;[38;5;0m[HTTP]&amp#27;[0m &amp#27;[90m&amp#27;[39m
&amp#27;[38;5;0m[HTTP]&amp#27;[0m &amp#27;[37m-->&amp#27;[39m &amp#27;[37mGET&amp#27;[39m &amp#27;[37m/session/161357d5-fcc6-4eaa-9d90-5323de6c23e8/context&amp#27;[39m
&amp#27;[38;5;0m[HTTP]&amp#27;[0m &amp#27;[90m{}&amp#27;[39m
&amp#27;[38;5;32m[AndroidUiautomator2Driver@68c7 (161357d5)]&amp#27;[0m Calling AppiumDriver.getCurrentContext() with args: ["161357d5-fcc6-4eaa-9d90-5323de6c23e8"]
&amp#27;[38;5;32m[AndroidUiautomator2Driver@68c7 (161357d5)]&amp#27;[0m Responding to client with driver.getCurrentContext() result: "NATIVE_APP"
&amp#27;[38;5;0m[HTTP]&amp#27;[0m &amp#27;[37m<-- GET /session/161357d5-fcc6-4eaa-9d90-5323de6c23e8/context &amp#27;[39m&amp#27;[32m200&amp#27;[39m &amp#27;[90m2 ms - 22&amp#27;[39m
&amp#27;[38;5;0m[HTTP]&amp#27;[0m &amp#27;[90m&amp#27;[39m
&amp#27;[38;5;0m[HTTP]&amp#27;[0m &amp#27;[37m-->&amp#27;[39m &amp#27;[37mPOST&amp#27;[39m &amp#27;[37m/session/161357d5-fcc6-4eaa-9d90-5323de6c23e8/element&amp#27;[39m
&amp#27;[38;5;0m[HTTP]&amp#27;[0m &amp#27;[90m{"value":"com.androidsample.generalstore:id/nameField","using":"id"}&amp#27;[39m
&amp#27;[38;5;32m[AndroidUiautomator2Driver@68c7 (161357d5)]&amp#27;[0m Calling AppiumDriver.findElement() with args: ["id","com.androidsample.generalstore:id/nameField","161357d5-fcc6-4eaa-9d90-5323de6c23e8"]
&amp#27;[38;5;32m[AndroidUiautomator2Driver@68c7 (161357d5)]&amp#27;[0m Valid locator strategies for this request: xpath, id, class name, accessibility id, css selector, -android uiautomator
&amp#27;[38;5;32m[AndroidUiautomator2Driver@68c7 (161357d5)]&amp#27;[0m Waiting up to 10000 ms for condition
&amp#27;[38;5;32m[AndroidUiautomator2Driver@68c7 (161357d5)]&amp#27;[0m Matched '/element' to command name 'findElement'
&amp#27;[38;5;32m[AndroidUiautomator2Driver@68c7 (161357d5)]&amp#27;[0m Proxying [POST /element] to [POST http://127.0.0.1:8205/session/12a2c0c4-62b9-4645-ac6a-039c1e58fde1/element] with body: {"strategy":"id","selector":"com.androidsample.generalstore:id/nameField","context":"","multiple":false}
&amp#27;[38;5;32m[AndroidUiautomator2Driver@68c7 (161357d5)]&amp#27;[0m Got response with status 200: {"sessionId":"12a2c0c4-62b9-4645-ac6a-039c1e58fde1","value":{"ELEMENT":"00000000-0000-0088-ffff-ffff000000c2","element-6066-11e4-a52e-4f735466cecf":"00000000-0000-0088-ffff-ffff000000c2"}}
&amp#27;[38;5;32m[AndroidUiautomator2Driver@68c7 (161357d5)]&amp#27;[0m Responding to client with driver.findElement() result: {"element-6066-11e4-a52e-4f735466cecf":"00000000-0000-0088-ffff-ffff000000c2","ELEMENT":"00000000-0000-0088-ffff-ffff000000c2"}
&amp#27;[38;5;0m[HTTP]&amp#27;[0m &amp#27;[37m<-- POST /session/161357d5-fcc6-4eaa-9d90-5323de6c23e8/element &amp#27;[39m&amp#27;[32m200&amp#27;[39m &amp#27;[90m44 ms - 137&amp#27;[39m
&amp#27;[38;5;0m[HTTP]&amp#27;[0m &amp#27;[90m&amp#27;[39m
&amp#27;[38;5;0m[HTTP]&amp#27;[0m &amp#27;[37m-->&amp#27;[39m &amp#27;[37mPOST&amp#27;[39m &amp#27;[37m/session/161357d5-fcc6-4eaa-9d90-5323de6c23e8/element/00000000-0000-0088-ffff-ffff000000c2/value&amp#27;[39m
&amp#27;[38;5;0m[HTTP]&amp#27;[0m &amp#27;[90m{"value":["V","i","n","a","y"],"id":"00000000-0000-0088-ffff-ffff000000c2","text":"Vinay"}&amp#27;[39m
&amp#27;[38;5;32m[AndroidUiautomator2Driver@68c7 (161357d5)]&amp#27;[0m Calling AppiumDriver.setValue() with args: [["V","i","n","a","y"],"00000000-0000-0088-ffff-ffff000000c2","161357d5-fcc6-4eaa-9d90-5323de6c23e8"]
&amp#27;[38;5;32m[AndroidUiautomator2Driver@68c7 (161357d5)]&amp#27;[0m Matched '/element/00000000-0000-0088-ffff-ffff000000c2/value' to command name 'setValue'
&amp#27;[38;5;32m[AndroidUiautomator2Driver@68c7 (161357d5)]&amp#27;[0m Added 'value' property ["V","i","n","a","y"] to 'setValue' request body
&amp#27;[38;5;32m[AndroidUiautomator2Driver@68c7 (161357d5)]&amp#27;[0m Proxying [POST /element/00000000-0000-0088-ffff-ffff000000c2/value] to [POST http://127.0.0.1:8205/session/12a2c0c4-62b9-4645-ac6a-039c1e58fde1/element/00000000-0000-0088-ffff-ffff000000c2/value] with body: {"elementId":"00000000-0000-0088-ffff-ffff000000c2","text":"Vinay","replace":false,"value":["V","i","n","a","y"]}
&amp#27;[38;5;32m[AndroidUiautomator2Driver@68c7 (161357d5)]&amp#27;[0m Got response with status 200: {"sessionId":"12a2c0c4-62b9-4645-ac6a-039c1e58fde1","value":null}
&amp#27;[38;5;32m[AndroidUiautomator2Driver@68c7 (161357d5)]&amp#27;[0m Responding to client with driver.setValue() result: null
&amp#27;[38;5;0m[HTTP]&amp#27;[0m &amp#27;[37m<-- POST /session/161357d5-fcc6-4eaa-9d90-5323de6c23e8/element/00000000-0000-0088-ffff-ffff000000c2/value &amp#27;[39m&amp#27;[32m200&amp#27;[39m &amp#27;[90m557 ms - 14&amp#27;[39m
&amp#27;[38;5;0m[HTTP]&amp#27;[0m &amp#27;[90m&amp#27;[39m
&amp#27;[38;5;0m[HTTP]&amp#27;[0m &amp#27;[37m-->&amp#27;[39m &amp#27;[37mPOST&amp#27;[39m &amp#27;[37m/session/161357d5-fcc6-4eaa-9d90-5323de6c23e8/execute/sync&amp#27;[39m
&amp#27;[38;5;0m[HTTP]&amp#27;[0m &amp#27;[90m{"args":[],"script":"mobile: hideKeyboard"}&amp#27;[39m
&amp#27;[38;5;32m[AndroidUiautomator2Driver@68c7 (161357d5)]&amp#27;[0m Calling AppiumDriver.execute() with args: ["mobile: hideKeyboard",[],"161357d5-fcc6-4eaa-9d90-5323de6c23e8"]
&amp#27;[38;5;32m[AndroidUiautomator2Driver@68c7 (161357d5)]&amp#27;[0m Executing native command 'mobile: hideKeyboard'
&amp#27;[38;5;48m[ADB]&amp#27;[0m Running 'C:\Users\sures\AppData\Local\Android\Sdk\platform-tools\adb.exe -P 5037 -s emulator-5554 shell dumpsys input_method'
&amp#27;[38;5;48m[ADB]&amp#27;[0m Keyboard has no UI; no closing necessary
&amp#27;[38;5;32m[AndroidUiautomator2Driver@68c7 (161357d5)]&amp#27;[0m Responding to client with driver.execute() result: false
&amp#27;[38;5;0m[HTTP]&amp#27;[0m &amp#27;[37m<-- POST /session/161357d5-fcc6-4eaa-9d90-5323de6c23e8/execute/sync &amp#27;[39m&amp#27;[32m200&amp#27;[39m &amp#27;[90m218 ms - 15&amp#27;[39m
&amp#27;[38;5;0m[HTTP]&amp#27;[0m &amp#27;[90m&amp#27;[39m
&amp#27;[38;5;0m[HTTP]&amp#27;[0m &amp#27;[37m-->&amp#27;[39m &amp#27;[37mGET&amp#27;[39m &amp#27;[37m/session/161357d5-fcc6-4eaa-9d90-5323de6c23e8/context&amp#27;[39m
&amp#27;[38;5;0m[HTTP]&amp#27;[0m &amp#27;[90m{}&amp#27;[39m
&amp#27;[38;5;32m[AndroidUiautomator2Driver@68c7 (161357d5)]&amp#27;[0m Calling AppiumDriver.getCurrentContext() with args: ["161357d5-fcc6-4eaa-9d90-5323de6c23e8"]
&amp#27;[38;5;32m[AndroidUiautomator2Driver@68c7 (161357d5)]&amp#27;[0m Responding to client with driver.getCurrentContext() result: "NATIVE_APP"
&amp#27;[38;5;0m[HTTP]&amp#27;[0m &amp#27;[37m<-- GET /session/161357d5-fcc6-4eaa-9d90-5323de6c23e8/context &amp#27;[39m&amp#27;[32m200&amp#27;[39m &amp#27;[90m1 ms - 22&amp#27;[39m
&amp#27;[38;5;0m[HTTP]&amp#27;[0m &amp#27;[90m&amp#27;[39m
&amp#27;[38;5;0m[HTTP]&amp#27;[0m &amp#27;[37m-->&amp#27;[39m &amp#27;[37mPOST&amp#27;[39m &amp#27;[37m/session/161357d5-fcc6-4eaa-9d90-5323de6c23e8/element&amp#27;[39m
&amp#27;[38;5;0m[HTTP]&amp#27;[0m &amp#27;[90m{"value":"com.androidsample.generalstore:id/radioMale","using":"id"}&amp#27;[39m
&amp#27;[38;5;32m[AndroidUiautomator2Driver@68c7 (161357d5)]&amp#27;[0m Calling AppiumDriver.findElement() with args: ["id","com.androidsample.generalstore:id/radioMale","161357d5-fcc6-4eaa-9d90-5323de6c23e8"]
&amp#27;[38;5;32m[AndroidUiautomator2Driver@68c7 (161357d5)]&amp#27;[0m Valid locator strategies for this request: xpath, id, class name, accessibility id, css selector, -android uiautomator
&amp#27;[38;5;32m[AndroidUiautomator2Driver@68c7 (161357d5)]&amp#27;[0m Waiting up to 10000 ms for condition
&amp#27;[38;5;32m[AndroidUiautomator2Driver@68c7 (161357d5)]&amp#27;[0m Matched '/element' to command name 'findElement'
&amp#27;[38;5;32m[AndroidUiautomator2Driver@68c7 (161357d5)]&amp#27;[0m Proxying [POST /element] to [POST http://127.0.0.1:8205/session/12a2c0c4-62b9-4645-ac6a-039c1e58fde1/element] with body: {"strategy":"id","selector":"com.androidsample.generalstore:id/radioMale","context":"","multiple":false}
&amp#27;[38;5;32m[AndroidUiautomator2Driver@68c7 (161357d5)]&amp#27;[0m Got response with status 200: {"sessionId":"12a2c0c4-62b9-4645-ac6a-039c1e58fde1","value":{"ELEMENT":"00000000-0000-0088-ffff-ffff000000c5","element-6066-11e4-a52e-4f735466cecf":"00000000-0000-0088-ffff-ffff000000c5"}}
&amp#27;[38;5;32m[AndroidUiautomator2Driver@68c7 (161357d5)]&amp#27;[0m Responding to client with driver.findElement() result: {"element-6066-11e4-a52e-4f735466cecf":"00000000-0000-0088-ffff-ffff000000c5","ELEMENT":"00000000-0000-0088-ffff-ffff000000c5"}
&amp#27;[38;5;0m[HTTP]&amp#27;[0m &amp#27;[37m<-- POST /session/161357d5-fcc6-4eaa-9d90-5323de6c23e8/element &amp#27;[39m&amp#27;[32m200&amp#27;[39m &amp#27;[90m279 ms - 137&amp#27;[39m
&amp#27;[38;5;0m[HTTP]&amp#27;[0m &amp#27;[90m&amp#27;[39m
&amp#27;[38;5;0m[HTTP]&amp#27;[0m &amp#27;[37m-->&amp#27;[39m &amp#27;[37mPOST&amp#27;[39m &amp#27;[37m/session/161357d5-fcc6-4eaa-9d90-5323de6c23e8/element/00000000-0000-0088-ffff-ffff000000c5/click&amp#27;[39m
&amp#27;[38;5;0m[HTTP]&amp#27;[0m &amp#27;[90m{"id":"00000000-0000-0088-ffff-ffff000000c5"}&amp#27;[39m
&amp#27;[38;5;32m[AndroidUiautomator2Driver@68c7 (161357d5)]&amp#27;[0m Calling AppiumDriver.click() with args: ["00000000-0000-0088-ffff-ffff000000c5","161357d5-fcc6-4eaa-9d90-5323de6c23e8"]
&amp#27;[38;5;32m[AndroidUiautomator2Driver@68c7 (161357d5)]&amp#27;[0m Matched '/element/00000000-0000-0088-ffff-ffff000000c5/click' to command name 'click'
&amp#27;[38;5;32m[AndroidUiautomator2Driver@68c7 (161357d5)]&amp#27;[0m Proxying [POST /element/00000000-0000-0088-ffff-ffff000000c5/click] to [POST http://127.0.0.1:8205/session/12a2c0c4-62b9-4645-ac6a-039c1e58fde1/element/00000000-0000-0088-ffff-ffff000000c5/click] with body: {"element":"00000000-0000-0088-ffff-ffff000000c5"}
&amp#27;[38;5;32m[AndroidUiautomator2Driver@68c7 (161357d5)]&amp#27;[0m Got response with status 200: {"sessionId":"12a2c0c4-62b9-4645-ac6a-039c1e58fde1","value":null}
&amp#27;[38;5;32m[AndroidUiautomator2Driver@68c7 (161357d5)]&amp#27;[0m Responding to client with driver.click() result: null
&amp#27;[38;5;0m[HTTP]&amp#27;[0m &amp#27;[37m<-- POST /session/161357d5-fcc6-4eaa-9d90-5323de6c23e8/element/00000000-0000-0088-ffff-ffff000000c5/click &amp#27;[39m&amp#27;[32m200&amp#27;[39m &amp#27;[90m87 ms - 14&amp#27;[39m
&amp#27;[38;5;0m[HTTP]&amp#27;[0m &amp#27;[90m&amp#27;[39m
&amp#27;[38;5;0m[HTTP]&amp#27;[0m &amp#27;[37m-->&amp#27;[39m &amp#27;[37mGET&amp#27;[39m &amp#27;[37m/session/161357d5-fcc6-4eaa-9d90-5323de6c23e8/context&amp#27;[39m
&amp#27;[38;5;0m[HTTP]&amp#27;[0m &amp#27;[90m{}&amp#27;[39m
&amp#27;[38;5;32m[AndroidUiautomator2Driver@68c7 (161357d5)]&amp#27;[0m Calling AppiumDriver.getCurrentContext() with args: ["161357d5-fcc6-4eaa-9d90-5323de6c23e8"]
&amp#27;[38;5;32m[AndroidUiautomator2Driver@68c7 (161357d5)]&amp#27;[0m Responding to client with driver.getCurrentContext() result: "NATIVE_APP"
&amp#27;[38;5;0m[HTTP]&amp#27;[0m &amp#27;[37m<-- GET /session/161357d5-fcc6-4eaa-9d90-5323de6c23e8/context &amp#27;[39m&amp#27;[32m200&amp#27;[39m &amp#27;[90m1 ms - 22&amp#27;[39m
&amp#27;[38;5;0m[HTTP]&amp#27;[0m &amp#27;[90m&amp#27;[39m
&amp#27;[38;5;0m[HTTP]&amp#27;[0m &amp#27;[37m-->&amp#27;[39m &amp#27;[37mPOST&amp#27;[39m &amp#27;[37m/session/161357d5-fcc6-4eaa-9d90-5323de6c23e8/element&amp#27;[39m
&amp#27;[38;5;0m[HTTP]&amp#27;[0m &amp#27;[90m{"value":"com.androidsample.generalstore:id/spinnerCountry","using":"id"}&amp#27;[39m
&amp#27;[38;5;32m[AndroidUiautomator2Driver@68c7 (161357d5)]&amp#27;[0m Calling AppiumDriver.findElement() with args: ["id","com.androidsample.generalstore:id/spinnerCountry","161357d5-fcc6-4eaa-9d90-5323de6c23e8"]
&amp#27;[38;5;32m[AndroidUiautomator2Driver@68c7 (161357d5)]&amp#27;[0m Valid locator strategies for this request: xpath, id, class name, accessibility id, css selector, -android uiautomator
&amp#27;[38;5;32m[AndroidUiautomator2Driver@68c7 (161357d5)]&amp#27;[0m Waiting up to 10000 ms for condition
&amp#27;[38;5;32m[AndroidUiautomator2Driver@68c7 (161357d5)]&amp#27;[0m Matched '/element' to command name 'findElement'
&amp#27;[38;5;32m[AndroidUiautomator2Driver@68c7 (161357d5)]&amp#27;[0m Proxying [POST /element] to [POST http://127.0.0.1:8205/session/12a2c0c4-62b9-4645-ac6a-039c1e58fde1/element] with body: {"strategy":"id","selector":"com.androidsample.generalstore:id/spinnerCountry","context":"","multiple":false}
&amp#27;[38;5;32m[AndroidUiautomator2Driver@68c7 (161357d5)]&amp#27;[0m Got response with status 200: {"sessionId":"12a2c0c4-62b9-4645-ac6a-039c1e58fde1","value":{"ELEMENT":"00000000-0000-0088-ffff-ffff000000c0","element-6066-11e4-a52e-4f735466cecf":"00000000-0000-0088-ffff-ffff000000c0"}}
&amp#27;[38;5;32m[AndroidUiautomator2Driver@68c7 (161357d5)]&amp#27;[0m Responding to client with driver.findElement() result: {"element-6066-11e4-a52e-4f735466cecf":"00000000-0000-0088-ffff-ffff000000c0","ELEMENT":"00000000-0000-0088-ffff-ffff000000c0"}
&amp#27;[38;5;0m[HTTP]&amp#27;[0m &amp#27;[37m<-- POST /session/161357d5-fcc6-4eaa-9d90-5323de6c23e8/element &amp#27;[39m&amp#27;[32m200&amp#27;[39m &amp#27;[90m508 ms - 137&amp#27;[39m
&amp#27;[38;5;0m[HTTP]&amp#27;[0m &amp#27;[90m&amp#27;[39m
&amp#27;[38;5;0m[HTTP]&amp#27;[0m &amp#27;[37m-->&amp#27;[39m &amp#27;[37mPOST&amp#27;[39m &amp#27;[37m/session/161357d5-fcc6-4eaa-9d90-5323de6c23e8/element/00000000-0000-0088-ffff-ffff000000c0/click&amp#27;[39m
&amp#27;[38;5;0m[HTTP]&amp#27;[0m &amp#27;[90m{"id":"00000000-0000-0088-ffff-ffff000000c0"}&amp#27;[39m
&amp#27;[38;5;32m[AndroidUiautomator2Driver@68c7 (161357d5)]&amp#27;[0m Calling AppiumDriver.click() with args: ["00000000-0000-0088-ffff-ffff000000c0","161357d5-fcc6-4eaa-9d90-5323de6c23e8"]
&amp#27;[38;5;32m[AndroidUiautomator2Driver@68c7 (161357d5)]&amp#27;[0m Matched '/element/00000000-0000-0088-ffff-ffff000000c0/click' to command name 'click'
&amp#27;[38;5;32m[AndroidUiautomator2Driver@68c7 (161357d5)]&amp#27;[0m Proxying [POST /element/00000000-0000-0088-ffff-ffff000000c0/click] to [POST http://127.0.0.1:8205/session/12a2c0c4-62b9-4645-ac6a-039c1e58fde1/element/00000000-0000-0088-ffff-ffff000000c0/click] with body: {"element":"00000000-0000-0088-ffff-ffff000000c0"}
&amp#27;[38;5;32m[AndroidUiautomator2Driver@68c7 (161357d5)]&amp#27;[0m Got response with status 200: {"sessionId":"12a2c0c4-62b9-4645-ac6a-039c1e58fde1","value":null}
&amp#27;[38;5;32m[AndroidUiautomator2Driver@68c7 (161357d5)]&amp#27;[0m Responding to client with driver.click() result: null
&amp#27;[38;5;0m[HTTP]&amp#27;[0m &amp#27;[37m<-- POST /session/161357d5-fcc6-4eaa-9d90-5323de6c23e8/element/00000000-0000-0088-ffff-ffff000000c0/click &amp#27;[39m&amp#27;[32m200&amp#27;[39m &amp#27;[90m91 ms - 14&amp#27;[39m
&amp#27;[38;5;0m[HTTP]&amp#27;[0m &amp#27;[90m&amp#27;[39m
&amp#27;[38;5;0m[HTTP]&amp#27;[0m &amp#27;[37m-->&amp#27;[39m &amp#27;[37mPOST&amp#27;[39m &amp#27;[37m/session/161357d5-fcc6-4eaa-9d90-5323de6c23e8/element&amp#27;[39m
&amp#27;[38;5;0m[HTTP]&amp#27;[0m &amp#27;[90m{"value":"new UiScrollable(new UiSelector().scrollable(true)).scrollIntoView(new UiSelector().text(\"Austria\"));","using":"-android uiautomator"}&amp#27;[39m
&amp#27;[38;5;32m[AndroidUiautomator2Driver@68c7 (161357d5)]&amp#27;[0m Calling AppiumDriver.findElement() with args: ["-android uiautomator","new UiScrollable(new UiSelector().scrollable(true)).scrollIntoView(new UiSelector().text(\"Austria\"));","161357d5-fcc6-4eaa-9d90-5323de6c23e8"]
&amp#27;[38;5;32m[AndroidUiautomator2Driver@68c7 (161357d5)]&amp#27;[0m Valid locator strategies for this request: xpath, id, class name, accessibility id, css selector, -android uiautomator
&amp#27;[38;5;32m[AndroidUiautomator2Driver@68c7 (161357d5)]&amp#27;[0m Waiting up to 10000 ms for condition
&amp#27;[38;5;32m[AndroidUiautomator2Driver@68c7 (161357d5)]&amp#27;[0m Matched '/element' to command name 'findElement'
&amp#27;[38;5;32m[AndroidUiautomator2Driver@68c7 (161357d5)]&amp#27;[0m Proxying [POST /element] to [POST http://127.0.0.1:8205/session/12a2c0c4-62b9-4645-ac6a-039c1e58fde1/element] with body: {"strategy":"-android uiautomator","selector":"new UiScrollable(new UiSelector().scrollable(true)).scrollIntoView(new UiSelector().text(\"Austria\"));","context":"","multiple":false}
&amp#27;[38;5;32m[AndroidUiautomator2Driver@68c7 (161357d5)]&amp#27;[0m Got response with status 200: {"sessionId":"12a2c0c4-62b9-4645-ac6a-039c1e58fde1","value":{"ELEMENT":"00000000-0000-0089-ffff-ffff000000d2","element-6066-11e4-a52e-4f735466cecf":"00000000-0000-0089-ffff-ffff000000d2"}}
&amp#27;[38;5;32m[AndroidUiautomator2Driver@68c7 (161357d5)]&amp#27;[0m Responding to client with driver.findElement() result: {"element-6066-11e4-a52e-4f735466cecf":"00000000-0000-0089-ffff-ffff000000d2","ELEMENT":"00000000-0000-0089-ffff-ffff000000d2"}
&amp#27;[38;5;0m[HTTP]&amp#27;[0m &amp#27;[37m<-- POST /session/161357d5-fcc6-4eaa-9d90-5323de6c23e8/element &amp#27;[39m&amp#27;[32m200&amp#27;[39m &amp#27;[90m5292 ms - 137&amp#27;[39m
&amp#27;[38;5;0m[HTTP]&amp#27;[0m &amp#27;[90m&amp#27;[39m
&amp#27;[38;5;0m[HTTP]&amp#27;[0m &amp#27;[37m-->&amp#27;[39m &amp#27;[37mPOST&amp#27;[39m &amp#27;[37m/session/161357d5-fcc6-4eaa-9d90-5323de6c23e8/element&amp#27;[39m
&amp#27;[38;5;0m[HTTP]&amp#27;[0m &amp#27;[90m{"value":"//android.widget.TextView[@text='Austria']","using":"xpath"}&amp#27;[39m
&amp#27;[38;5;32m[AndroidUiautomator2Driver@68c7 (161357d5)]&amp#27;[0m Calling AppiumDriver.findElement() with args: ["xpath","//android.widget.TextView[@text='Austria']","161357d5-fcc6-4eaa-9d90-5323de6c23e8"]
&amp#27;[38;5;32m[AndroidUiautomator2Driver@68c7 (161357d5)]&amp#27;[0m Valid locator strategies for this request: xpath, id, class name, accessibility id, css selector, -android uiautomator
&amp#27;[38;5;32m[AndroidUiautomator2Driver@68c7 (161357d5)]&amp#27;[0m Waiting up to 10000 ms for condition
&amp#27;[38;5;32m[AndroidUiautomator2Driver@68c7 (161357d5)]&amp#27;[0m Matched '/element' to command name 'findElement'
&amp#27;[38;5;32m[AndroidUiautomator2Driver@68c7 (161357d5)]&amp#27;[0m Proxying [POST /element] to [POST http://127.0.0.1:8205/session/12a2c0c4-62b9-4645-ac6a-039c1e58fde1/element] with body: {"strategy":"xpath","selector":"//android.widget.TextView[@text='Austria']","context":"","multiple":false}
&amp#27;[38;5;32m[AndroidUiautomator2Driver@68c7 (161357d5)]&amp#27;[0m Got response with status 200: {"sessionId":"12a2c0c4-62b9-4645-ac6a-039c1e58fde1","value":{"ELEMENT":"00000000-0000-0089-ffff-ffff000000d2","element-6066-11e4-a52e-4f735466cecf":"00000000-0000-0089-ffff-ffff000000d2"}}
&amp#27;[38;5;32m[AndroidUiautomator2Driver@68c7 (161357d5)]&amp#27;[0m Responding to client with driver.findElement() result: {"element-6066-11e4-a52e-4f735466cecf":"00000000-0000-0089-ffff-ffff000000d2","ELEMENT":"00000000-0000-0089-ffff-ffff000000d2"}
&amp#27;[38;5;0m[HTTP]&amp#27;[0m &amp#27;[37m<-- POST /session/161357d5-fcc6-4eaa-9d90-5323de6c23e8/element &amp#27;[39m&amp#27;[32m200&amp#27;[39m &amp#27;[90m91 ms - 137&amp#27;[39m
&amp#27;[38;5;0m[HTTP]&amp#27;[0m &amp#27;[90m&amp#27;[39m
&amp#27;[38;5;0m[HTTP]&amp#27;[0m &amp#27;[37m-->&amp#27;[39m &amp#27;[37mPOST&amp#27;[39m &amp#27;[37m/session/161357d5-fcc6-4eaa-9d90-5323de6c23e8/element/00000000-0000-0089-ffff-ffff000000d2/click&amp#27;[39m
&amp#27;[38;5;0m[HTTP]&amp#27;[0m &amp#27;[90m{"id":"00000000-0000-0089-ffff-ffff000000d2"}&amp#27;[39m
&amp#27;[38;5;32m[AndroidUiautomator2Driver@68c7 (161357d5)]&amp#27;[0m Calling AppiumDriver.click() with args: ["00000000-0000-0089-ffff-ffff000000d2","161357d5-fcc6-4eaa-9d90-5323de6c23e8"]
&amp#27;[38;5;32m[AndroidUiautomator2Driver@68c7 (161357d5)]&amp#27;[0m Matched '/element/00000000-0000-0089-ffff-ffff000000d2/click' to command name 'click'
&amp#27;[38;5;32m[AndroidUiautomator2Driver@68c7 (161357d5)]&amp#27;[0m Proxying [POST /element/00000000-0000-0089-ffff-ffff000000d2/click] to [POST http://127.0.0.1:8205/session/12a2c0c4-62b9-4645-ac6a-039c1e58fde1/element/00000000-0000-0089-ffff-ffff000000d2/click] with body: {"element":"00000000-0000-0089-ffff-ffff000000d2"}
&amp#27;[38;5;32m[AndroidUiautomator2Driver@68c7 (161357d5)]&amp#27;[0m Got response with status 200: {"sessionId":"12a2c0c4-62b9-4645-ac6a-039c1e58fde1","value":null}
&amp#27;[38;5;32m[AndroidUiautomator2Driver@68c7 (161357d5)]&amp#27;[0m Responding to client with driver.click() result: null
&amp#27;[38;5;0m[HTTP]&amp#27;[0m &amp#27;[37m<-- POST /session/161357d5-fcc6-4eaa-9d90-5323de6c23e8/element/00000000-0000-0089-ffff-ffff000000d2/click &amp#27;[39m&amp#27;[32m200&amp#27;[39m &amp#27;[90m780 ms - 14&amp#27;[39m
&amp#27;[38;5;0m[HTTP]&amp#27;[0m &amp#27;[90m&amp#27;[39m
&amp#27;[38;5;0m[HTTP]&amp#27;[0m &amp#27;[37m-->&amp#27;[39m &amp#27;[37mGET&amp#27;[39m &amp#27;[37m/session/161357d5-fcc6-4eaa-9d90-5323de6c23e8/context&amp#27;[39m
&amp#27;[38;5;0m[HTTP]&amp#27;[0m &amp#27;[90m{}&amp#27;[39m
&amp#27;[38;5;32m[AndroidUiautomator2Driver@68c7 (161357d5)]&amp#27;[0m Calling AppiumDriver.getCurrentContext() with args: ["161357d5-fcc6-4eaa-9d90-5323de6c23e8"]
&amp#27;[38;5;32m[AndroidUiautomator2Driver@68c7 (161357d5)]&amp#27;[0m Responding to client with driver.getCurrentContext() result: "NATIVE_APP"
&amp#27;[38;5;0m[HTTP]&amp#27;[0m &amp#27;[37m<-- GET /session/161357d5-fcc6-4eaa-9d90-5323de6c23e8/context &amp#27;[39m&amp#27;[32m200&amp#27;[39m &amp#27;[90m1 ms - 22&amp#27;[39m
&amp#27;[38;5;0m[HTTP]&amp#27;[0m &amp#27;[90m&amp#27;[39m
&amp#27;[38;5;0m[HTTP]&amp#27;[0m &amp#27;[37m-->&amp#27;[39m &amp#27;[37mPOST&amp#27;[39m &amp#27;[37m/session/161357d5-fcc6-4eaa-9d90-5323de6c23e8/element&amp#27;[39m
&amp#27;[38;5;0m[HTTP]&amp#27;[0m &amp#27;[90m{"value":"com.androidsample.generalstore:id/btnLetsShop","using":"id"}&amp#27;[39m
&amp#27;[38;5;32m[AndroidUiautomator2Driver@68c7 (161357d5)]&amp#27;[0m Calling AppiumDriver.findElement() with args: ["id","com.androidsample.generalstore:id/btnLetsShop","161357d5-fcc6-4eaa-9d90-5323de6c23e8"]
&amp#27;[38;5;32m[AndroidUiautomator2Driver@68c7 (161357d5)]&amp#27;[0m Valid locator strategies for this request: xpath, id, class name, accessibility id, css selector, -android uiautomator
&amp#27;[38;5;32m[AndroidUiautomator2Driver@68c7 (161357d5)]&amp#27;[0m Waiting up to 10000 ms for condition
&amp#27;[38;5;32m[AndroidUiautomator2Driver@68c7 (161357d5)]&amp#27;[0m Matched '/element' to command name 'findElement'
&amp#27;[38;5;32m[AndroidUiautomator2Driver@68c7 (161357d5)]&amp#27;[0m Proxying [POST /element] to [POST http://127.0.0.1:8205/session/12a2c0c4-62b9-4645-ac6a-039c1e58fde1/element] with body: {"strategy":"id","selector":"com.androidsample.generalstore:id/btnLetsShop","context":"","multiple":false}
&amp#27;[38;5;32m[AndroidUiautomator2Driver@68c7 (161357d5)]&amp#27;[0m Got response with status 200: {"sessionId":"12a2c0c4-62b9-4645-ac6a-039c1e58fde1","value":{"ELEMENT":"00000000-0000-0088-ffff-ffff000000c7","element-6066-11e4-a52e-4f735466cecf":"00000000-0000-0088-ffff-ffff000000c7"}}
&amp#27;[38;5;32m[AndroidUiautomator2Driver@68c7 (161357d5)]&amp#27;[0m Responding to client with driver.findElement() result: {"element-6066-11e4-a52e-4f735466cecf":"00000000-0000-0088-ffff-ffff000000c7","ELEMENT":"00000000-0000-0088-ffff-ffff000000c7"}
&amp#27;[38;5;0m[HTTP]&amp#27;[0m &amp#27;[37m<-- POST /session/161357d5-fcc6-4eaa-9d90-5323de6c23e8/element &amp#27;[39m&amp#27;[32m200&amp#27;[39m &amp#27;[90m54 ms - 137&amp#27;[39m
&amp#27;[38;5;0m[HTTP]&amp#27;[0m &amp#27;[90m&amp#27;[39m
&amp#27;[38;5;0m[HTTP]&amp#27;[0m &amp#27;[37m-->&amp#27;[39m &amp#27;[37mPOST&amp#27;[39m &amp#27;[37m/session/161357d5-fcc6-4eaa-9d90-5323de6c23e8/element/00000000-0000-0088-ffff-ffff000000c7/click&amp#27;[39m
&amp#27;[38;5;0m[HTTP]&amp#27;[0m &amp#27;[90m{"id":"00000000-0000-0088-ffff-ffff000000c7"}&amp#27;[39m
&amp#27;[38;5;32m[AndroidUiautomator2Driver@68c7 (161357d5)]&amp#27;[0m Calling AppiumDriver.click() with args: ["00000000-0000-0088-ffff-ffff000000c7","161357d5-fcc6-4eaa-9d90-5323de6c23e8"]
&amp#27;[38;5;32m[AndroidUiautomator2Driver@68c7 (161357d5)]&amp#27;[0m Matched '/element/00000000-0000-0088-ffff-ffff000000c7/click' to command name 'click'
&amp#27;[38;5;32m[AndroidUiautomator2Driver@68c7 (161357d5)]&amp#27;[0m Proxying [POST /element/00000000-0000-0088-ffff-ffff000000c7/click] to [POST http://127.0.0.1:8205/session/12a2c0c4-62b9-4645-ac6a-039c1e58fde1/element/00000000-0000-0088-ffff-ffff000000c7/click] with body: {"element":"00000000-0000-0088-ffff-ffff000000c7"}
&amp#27;[38;5;32m[AndroidUiautomator2Driver@68c7 (161357d5)]&amp#27;[0m Got response with status 200: {"sessionId":"12a2c0c4-62b9-4645-ac6a-039c1e58fde1","value":null}
&amp#27;[38;5;32m[AndroidUiautomator2Driver@68c7 (161357d5)]&amp#27;[0m Responding to client with driver.click() result: null
&amp#27;[38;5;0m[HTTP]&amp#27;[0m &amp#27;[37m<-- POST /session/161357d5-fcc6-4eaa-9d90-5323de6c23e8/element/00000000-0000-0088-ffff-ffff000000c7/click &amp#27;[39m&amp#27;[32m200&amp#27;[39m &amp#27;[90m99 ms - 14&amp#27;[39m
&amp#27;[38;5;0m[HTTP]&amp#27;[0m &amp#27;[90m&amp#27;[39m
&amp#27;[38;5;0m[HTTP]&amp#27;[0m &amp#27;[37m-->&amp#27;[39m &amp#27;[37mGET&amp#27;[39m &amp#27;[37m/session/161357d5-fcc6-4eaa-9d90-5323de6c23e8/context&amp#27;[39m
&amp#27;[38;5;0m[HTTP]&amp#27;[0m &amp#27;[90m{}&amp#27;[39m
&amp#27;[38;5;32m[AndroidUiautomator2Driver@68c7 (161357d5)]&amp#27;[0m Calling AppiumDriver.getCurrentContext() with args: ["161357d5-fcc6-4eaa-9d90-5323de6c23e8"]
&amp#27;[38;5;32m[AndroidUiautomator2Driver@68c7 (161357d5)]&amp#27;[0m Responding to client with driver.getCurrentContext() result: "NATIVE_APP"
&amp#27;[38;5;0m[HTTP]&amp#27;[0m &amp#27;[37m<-- GET /session/161357d5-fcc6-4eaa-9d90-5323de6c23e8/context &amp#27;[39m&amp#27;[32m200&amp#27;[39m &amp#27;[90m2 ms - 22&amp#27;[39m
&amp#27;[38;5;0m[HTTP]&amp#27;[0m &amp#27;[90m&amp#27;[39m
&amp#27;[38;5;0m[HTTP]&amp#27;[0m &amp#27;[37m-->&amp#27;[39m &amp#27;[37mPOST&amp#27;[39m &amp#27;[37m/session/161357d5-fcc6-4eaa-9d90-5323de6c23e8/elements&amp#27;[39m
&amp#27;[38;5;0m[HTTP]&amp#27;[0m &amp#27;[90m{"value":"com.androidsample.generalstore:id/productAddCart","using":"id"}&amp#27;[39m
&amp#27;[38;5;32m[AndroidUiautomator2Driver@68c7 (161357d5)]&amp#27;[0m Calling AppiumDriver.findElements() with args: ["id","com.androidsample.generalstore:id/productAddCart","161357d5-fcc6-4eaa-9d90-5323de6c23e8"]
&amp#27;[38;5;32m[AndroidUiautomator2Driver@68c7 (161357d5)]&amp#27;[0m Valid locator strategies for this request: xpath, id, class name, accessibility id, css selector, -android uiautomator
&amp#27;[38;5;32m[AndroidUiautomator2Driver@68c7 (161357d5)]&amp#27;[0m Waiting up to 10000 ms for condition
&amp#27;[38;5;32m[AndroidUiautomator2Driver@68c7 (161357d5)]&amp#27;[0m Matched '/elements' to command name 'findElements'
&amp#27;[38;5;32m[AndroidUiautomator2Driver@68c7 (161357d5)]&amp#27;[0m Proxying [POST /elements] to [POST http://127.0.0.1:8205/session/12a2c0c4-62b9-4645-ac6a-039c1e58fde1/elements] with body: {"strategy":"id","selector":"com.androidsample.generalstore:id/productAddCart","context":"","multiple":true}
&amp#27;[38;5;32m[AndroidUiautomator2Driver@68c7 (161357d5)]&amp#27;[0m Got response with status 200: {"sessionId":"12a2c0c4-62b9-4645-ac6a-039c1e58fde1","value":[]}
&amp#27;[38;5;32m[AndroidUiautomator2Driver@68c7 (161357d5)]&amp#27;[0m Waited for 451 ms so far
&amp#27;[38;5;32m[AndroidUiautomator2Driver@68c7 (161357d5)]&amp#27;[0m Matched '/elements' to command name 'findElements'
&amp#27;[38;5;32m[AndroidUiautomator2Driver@68c7 (161357d5)]&amp#27;[0m Proxying [POST /elements] to [POST http://127.0.0.1:8205/session/12a2c0c4-62b9-4645-ac6a-039c1e58fde1/elements] with body: {"strategy":"id","selector":"com.androidsample.generalstore:id/productAddCart","context":"","multiple":true}
&amp#27;[38;5;32m[AndroidUiautomator2Driver@68c7 (161357d5)]&amp#27;[0m Got response with status 200: {"sessionId":"12a2c0c4-62b9-4645-ac6a-039c1e58fde1","value":[{"ELEMENT":"00000000-0000-008a-ffff-ffff000000f7","element-6066-11e4-a52e-4f735466cecf":"00000000-0000-008a-ffff-ffff000000f7"},{"ELEMENT":"00000000-0000-008a-ffff-ffff000000ff","element-6066-11e4-a52e-4f735466cecf":"00000000-0000-008a-ffff-ffff000000ff"}]}
&amp#27;[38;5;32m[AndroidUiautomator2Driver@68c7 (161357d5)]&amp#27;[0m Responding to client with driver.findElements() result: [{"element-6066-11e4-a52e-4f735466cecf":"00000000-0000-008a-ffff-ffff000000f7","ELEMENT":"00000000-0000-008a-ffff-ffff000000f7"},{"element-6066-11e4-a52e-4f735466cecf":"00000000-0000-008a-ffff-ffff000000ff","ELEMENT":"00000000-0000-008a-ffff-ffff000000ff"}]
&amp#27;[38;5;0m[HTTP]&amp#27;[0m &amp#27;[37m<-- POST /session/161357d5-fcc6-4eaa-9d90-5323de6c23e8/elements &amp#27;[39m&amp#27;[32m200&amp#27;[39m &amp#27;[90m1551 ms - 267&amp#27;[39m
&amp#27;[38;5;0m[HTTP]&amp#27;[0m &amp#27;[90m&amp#27;[39m
&amp#27;[38;5;0m[HTTP]&amp#27;[0m &amp#27;[37m-->&amp#27;[39m &amp#27;[37mPOST&amp#27;[39m &amp#27;[37m/session/161357d5-fcc6-4eaa-9d90-5323de6c23e8/element/00000000-0000-008a-ffff-ffff000000f7/click&amp#27;[39m
&amp#27;[38;5;0m[HTTP]&amp#27;[0m &amp#27;[90m{"id":"00000000-0000-008a-ffff-ffff000000f7"}&amp#27;[39m
&amp#27;[38;5;32m[AndroidUiautomator2Driver@68c7 (161357d5)]&amp#27;[0m Calling AppiumDriver.click() with args: ["00000000-0000-008a-ffff-ffff000000f7","161357d5-fcc6-4eaa-9d90-5323de6c23e8"]
&amp#27;[38;5;32m[AndroidUiautomator2Driver@68c7 (161357d5)]&amp#27;[0m Matched '/element/00000000-0000-008a-ffff-ffff000000f7/click' to command name 'click'
&amp#27;[38;5;32m[AndroidUiautomator2Driver@68c7 (161357d5)]&amp#27;[0m Proxying [POST /element/00000000-0000-008a-ffff-ffff000000f7/click] to [POST http://127.0.0.1:8205/session/12a2c0c4-62b9-4645-ac6a-039c1e58fde1/element/00000000-0000-008a-ffff-ffff000000f7/click] with body: {"element":"00000000-0000-008a-ffff-ffff000000f7"}
&amp#27;[38;5;32m[AndroidUiautomator2Driver@68c7 (161357d5)]&amp#27;[0m Got response with status 200: {"sessionId":"12a2c0c4-62b9-4645-ac6a-039c1e58fde1","value":null}
&amp#27;[38;5;32m[AndroidUiautomator2Driver@68c7 (161357d5)]&amp#27;[0m Responding to client with driver.click() result: null
&amp#27;[38;5;0m[HTTP]&amp#27;[0m &amp#27;[37m<-- POST /session/161357d5-fcc6-4eaa-9d90-5323de6c23e8/element/00000000-0000-008a-ffff-ffff000000f7/click &amp#27;[39m&amp#27;[32m200&amp#27;[39m &amp#27;[90m571 ms - 14&amp#27;[39m
&amp#27;[38;5;0m[HTTP]&amp#27;[0m &amp#27;[90m&amp#27;[39m
&amp#27;[38;5;0m[HTTP]&amp#27;[0m &amp#27;[37m-->&amp#27;[39m &amp#27;[37mGET&amp#27;[39m &amp#27;[37m/session/161357d5-fcc6-4eaa-9d90-5323de6c23e8/context&amp#27;[39m
&amp#27;[38;5;0m[HTTP]&amp#27;[0m &amp#27;[90m{}&amp#27;[39m
&amp#27;[38;5;32m[AndroidUiautomator2Driver@68c7 (161357d5)]&amp#27;[0m Calling AppiumDriver.getCurrentContext() with args: ["161357d5-fcc6-4eaa-9d90-5323de6c23e8"]
&amp#27;[38;5;32m[AndroidUiautomator2Driver@68c7 (161357d5)]&amp#27;[0m Responding to client with driver.getCurrentContext() result: "NATIVE_APP"
&amp#27;[38;5;0m[HTTP]&amp#27;[0m &amp#27;[37m<-- GET /session/161357d5-fcc6-4eaa-9d90-5323de6c23e8/context &amp#27;[39m&amp#27;[32m200&amp#27;[39m &amp#27;[90m1 ms - 22&amp#27;[39m
&amp#27;[38;5;0m[HTTP]&amp#27;[0m &amp#27;[90m&amp#27;[39m
&amp#27;[38;5;0m[HTTP]&amp#27;[0m &amp#27;[37m-->&amp#27;[39m &amp#27;[37mPOST&amp#27;[39m &amp#27;[37m/session/161357d5-fcc6-4eaa-9d90-5323de6c23e8/element&amp#27;[39m
&amp#27;[38;5;0m[HTTP]&amp#27;[0m &amp#27;[90m{"value":"com.androidsample.generalstore:id/appbar_btn_cart","using":"id"}&amp#27;[39m
&amp#27;[38;5;32m[AndroidUiautomator2Driver@68c7 (161357d5)]&amp#27;[0m Calling AppiumDriver.findElement() with args: ["id","com.androidsample.generalstore:id/appbar_btn_cart","161357d5-fcc6-4eaa-9d90-5323de6c23e8"]
&amp#27;[38;5;32m[AndroidUiautomator2Driver@68c7 (161357d5)]&amp#27;[0m Valid locator strategies for this request: xpath, id, class name, accessibility id, css selector, -android uiautomator
&amp#27;[38;5;32m[AndroidUiautomator2Driver@68c7 (161357d5)]&amp#27;[0m Waiting up to 10000 ms for condition
&amp#27;[38;5;32m[AndroidUiautomator2Driver@68c7 (161357d5)]&amp#27;[0m Matched '/element' to command name 'findElement'
&amp#27;[38;5;32m[AndroidUiautomator2Driver@68c7 (161357d5)]&amp#27;[0m Proxying [POST /element] to [POST http://127.0.0.1:8205/session/12a2c0c4-62b9-4645-ac6a-039c1e58fde1/element] with body: {"strategy":"id","selector":"com.androidsample.generalstore:id/appbar_btn_cart","context":"","multiple":false}
&amp#27;[38;5;32m[AndroidUiautomator2Driver@68c7 (161357d5)]&amp#27;[0m Got response with status 200: {"sessionId":"12a2c0c4-62b9-4645-ac6a-039c1e58fde1","value":{"ELEMENT":"00000000-0000-008a-ffff-ffff000000ea","element-6066-11e4-a52e-4f735466cecf":"00000000-0000-008a-ffff-ffff000000ea"}}
&amp#27;[38;5;32m[AndroidUiautomator2Driver@68c7 (161357d5)]&amp#27;[0m Responding to client with driver.findElement() result: {"element-6066-11e4-a52e-4f735466cecf":"00000000-0000-008a-ffff-ffff000000ea","ELEMENT":"00000000-0000-008a-ffff-ffff000000ea"}
&amp#27;[38;5;0m[HTTP]&amp#27;[0m &amp#27;[37m<-- POST /session/161357d5-fcc6-4eaa-9d90-5323de6c23e8/element &amp#27;[39m&amp#27;[32m200&amp#27;[39m &amp#27;[90m39 ms - 137&amp#27;[39m
&amp#27;[38;5;0m[HTTP]&amp#27;[0m &amp#27;[90m&amp#27;[39m
&amp#27;[38;5;0m[HTTP]&amp#27;[0m &amp#27;[37m-->&amp#27;[39m &amp#27;[37mPOST&amp#27;[39m &amp#27;[37m/session/161357d5-fcc6-4eaa-9d90-5323de6c23e8/element/00000000-0000-008a-ffff-ffff000000ea/click&amp#27;[39m
&amp#27;[38;5;0m[HTTP]&amp#27;[0m &amp#27;[90m{"id":"00000000-0000-008a-ffff-ffff000000ea"}&amp#27;[39m
&amp#27;[38;5;32m[AndroidUiautomator2Driver@68c7 (161357d5)]&amp#27;[0m Calling AppiumDriver.click() with args: ["00000000-0000-008a-ffff-ffff000000ea","161357d5-fcc6-4eaa-9d90-5323de6c23e8"]
&amp#27;[38;5;32m[AndroidUiautomator2Driver@68c7 (161357d5)]&amp#27;[0m Matched '/element/00000000-0000-008a-ffff-ffff000000ea/click' to command name 'click'
&amp#27;[38;5;32m[AndroidUiautomator2Driver@68c7 (161357d5)]&amp#27;[0m Proxying [POST /element/00000000-0000-008a-ffff-ffff000000ea/click] to [POST http://127.0.0.1:8205/session/12a2c0c4-62b9-4645-ac6a-039c1e58fde1/element/00000000-0000-008a-ffff-ffff000000ea/click] with body: {"element":"00000000-0000-008a-ffff-ffff000000ea"}
&amp#27;[38;5;32m[AndroidUiautomator2Driver@68c7 (161357d5)]&amp#27;[0m Got response with status 200: {"sessionId":"12a2c0c4-62b9-4645-ac6a-039c1e58fde1","value":null}
&amp#27;[38;5;32m[AndroidUiautomator2Driver@68c7 (161357d5)]&amp#27;[0m Responding to client with driver.click() result: null
&amp#27;[38;5;0m[HTTP]&amp#27;[0m &amp#27;[37m<-- POST /session/161357d5-fcc6-4eaa-9d90-5323de6c23e8/element/00000000-0000-008a-ffff-ffff000000ea/click &amp#27;[39m&amp#27;[32m200&amp#27;[39m &amp#27;[90m113 ms - 14&amp#27;[39m
&amp#27;[38;5;0m[HTTP]&amp#27;[0m &amp#27;[90m&amp#27;[39m
&amp#27;[38;5;0m[HTTP]&amp#27;[0m &amp#27;[37m-->&amp#27;[39m &amp#27;[37mGET&amp#27;[39m &amp#27;[37m/session/161357d5-fcc6-4eaa-9d90-5323de6c23e8/context&amp#27;[39m
&amp#27;[38;5;0m[HTTP]&amp#27;[0m &amp#27;[90m{}&amp#27;[39m
&amp#27;[38;5;32m[AndroidUiautomator2Driver@68c7 (161357d5)]&amp#27;[0m Calling AppiumDriver.getCurrentContext() with args: ["161357d5-fcc6-4eaa-9d90-5323de6c23e8"]
&amp#27;[38;5;32m[AndroidUiautomator2Driver@68c7 (161357d5)]&amp#27;[0m Responding to client with driver.getCurrentContext() result: "NATIVE_APP"
&amp#27;[38;5;0m[HTTP]&amp#27;[0m &amp#27;[37m<-- GET /session/161357d5-fcc6-4eaa-9d90-5323de6c23e8/context &amp#27;[39m&amp#27;[32m200&amp#27;[39m &amp#27;[90m2 ms - 22&amp#27;[39m
&amp#27;[38;5;0m[HTTP]&amp#27;[0m &amp#27;[90m&amp#27;[39m
&amp#27;[38;5;0m[HTTP]&amp#27;[0m &amp#27;[37m-->&amp#27;[39m &amp#27;[37mPOST&amp#27;[39m &amp#27;[37m/session/161357d5-fcc6-4eaa-9d90-5323de6c23e8/element&amp#27;[39m
&amp#27;[38;5;0m[HTTP]&amp#27;[0m &amp#27;[90m{"value":"com.androidsample.generalstore:id/toolbar_title","using":"id"}&amp#27;[39m
&amp#27;[38;5;32m[AndroidUiautomator2Driver@68c7 (161357d5)]&amp#27;[0m Calling AppiumDriver.findElement() with args: ["id","com.androidsample.generalstore:id/toolbar_title","161357d5-fcc6-4eaa-9d90-5323de6c23e8"]
&amp#27;[38;5;32m[AndroidUiautomator2Driver@68c7 (161357d5)]&amp#27;[0m Valid locator strategies for this request: xpath, id, class name, accessibility id, css selector, -android uiautomator
&amp#27;[38;5;32m[AndroidUiautomator2Driver@68c7 (161357d5)]&amp#27;[0m Waiting up to 10000 ms for condition
&amp#27;[38;5;32m[AndroidUiautomator2Driver@68c7 (161357d5)]&amp#27;[0m Matched '/element' to command name 'findElement'
&amp#27;[38;5;32m[AndroidUiautomator2Driver@68c7 (161357d5)]&amp#27;[0m Proxying [POST /element] to [POST http://127.0.0.1:8205/session/12a2c0c4-62b9-4645-ac6a-039c1e58fde1/element] with body: {"strategy":"id","selector":"com.androidsample.generalstore:id/toolbar_title","context":"","multiple":false}
&amp#27;[38;5;32m[AndroidUiautomator2Driver@68c7 (161357d5)]&amp#27;[0m Got response with status 200: {"sessionId":"12a2c0c4-62b9-4645-ac6a-039c1e58fde1","value":{"ELEMENT":"00000000-0000-008b-ffff-ffff00000115","element-6066-11e4-a52e-4f735466cecf":"00000000-0000-008b-ffff-ffff00000115"}}
&amp#27;[38;5;32m[AndroidUiautomator2Driver@68c7 (161357d5)]&amp#27;[0m Responding to client with driver.findElement() result: {"element-6066-11e4-a52e-4f735466cecf":"00000000-0000-008b-ffff-ffff00000115","ELEMENT":"00000000-0000-008b-ffff-ffff00000115"}
&amp#27;[38;5;0m[HTTP]&amp#27;[0m &amp#27;[37m<-- POST /session/161357d5-fcc6-4eaa-9d90-5323de6c23e8/element &amp#27;[39m&amp#27;[32m200&amp#27;[39m &amp#27;[90m33 ms - 137&amp#27;[39m
&amp#27;[38;5;0m[HTTP]&amp#27;[0m &amp#27;[90m&amp#27;[39m
&amp#27;[38;5;0m[HTTP]&amp#27;[0m &amp#27;[37m-->&amp#27;[39m &amp#27;[37mGET&amp#27;[39m &amp#27;[37m/session/161357d5-fcc6-4eaa-9d90-5323de6c23e8/element/00000000-0000-008b-ffff-ffff00000115/attribute/text&amp#27;[39m
&amp#27;[38;5;0m[HTTP]&amp#27;[0m &amp#27;[90m{}&amp#27;[39m
&amp#27;[38;5;32m[AndroidUiautomator2Driver@68c7 (161357d5)]&amp#27;[0m Calling AppiumDriver.getAttribute() with args: ["text","00000000-0000-008b-ffff-ffff00000115","161357d5-fcc6-4eaa-9d90-5323de6c23e8"]
&amp#27;[38;5;32m[AndroidUiautomator2Driver@68c7 (161357d5)]&amp#27;[0m Matched '/element/00000000-0000-008b-ffff-ffff00000115/attribute/text' to command name 'getAttribute'
&amp#27;[38;5;32m[AndroidUiautomator2Driver@68c7 (161357d5)]&amp#27;[0m Proxying [GET /element/00000000-0000-008b-ffff-ffff00000115/attribute/text] to [GET http://127.0.0.1:8205/session/12a2c0c4-62b9-4645-ac6a-039c1e58fde1/element/00000000-0000-008b-ffff-ffff00000115/attribute/text] with no body
&amp#27;[38;5;32m[AndroidUiautomator2Driver@68c7 (161357d5)]&amp#27;[0m Got response with status 200: {"sessionId":"12a2c0c4-62b9-4645-ac6a-039c1e58fde1","value":"Cart"}
&amp#27;[38;5;32m[AndroidUiautomator2Driver@68c7 (161357d5)]&amp#27;[0m Responding to client with driver.getAttribute() result: "Cart"
&amp#27;[38;5;0m[HTTP]&amp#27;[0m &amp#27;[37m<-- GET /session/161357d5-fcc6-4eaa-9d90-5323de6c23e8/element/00000000-0000-008b-ffff-ffff00000115/attribute/text &amp#27;[39m&amp#27;[32m200&amp#27;[39m &amp#27;[90m13 ms - 16&amp#27;[39m
&amp#27;[38;5;0m[HTTP]&amp#27;[0m &amp#27;[90m&amp#27;[39m
&amp#27;[38;5;0m[HTTP]&amp#27;[0m &amp#27;[37m-->&amp#27;[39m &amp#27;[37mGET&amp#27;[39m &amp#27;[37m/session/161357d5-fcc6-4eaa-9d90-5323de6c23e8/context&amp#27;[39m
&amp#27;[38;5;0m[HTTP]&amp#27;[0m &amp#27;[90m{}&amp#27;[39m
&amp#27;[38;5;32m[AndroidUiautomator2Driver@68c7 (161357d5)]&amp#27;[0m Calling AppiumDriver.getCurrentContext() with args: ["161357d5-fcc6-4eaa-9d90-5323de6c23e8"]
&amp#27;[38;5;32m[AndroidUiautomator2Driver@68c7 (161357d5)]&amp#27;[0m Responding to client with driver.getCurrentContext() result: "NATIVE_APP"
&amp#27;[38;5;0m[HTTP]&amp#27;[0m &amp#27;[37m<-- GET /session/161357d5-fcc6-4eaa-9d90-5323de6c23e8/context &amp#27;[39m&amp#27;[32m200&amp#27;[39m &amp#27;[90m1 ms - 22&amp#27;[39m
&amp#27;[38;5;0m[HTTP]&amp#27;[0m &amp#27;[90m&amp#27;[39m
&amp#27;[38;5;0m[HTTP]&amp#27;[0m &amp#27;[37m-->&amp#27;[39m &amp#27;[37mPOST&amp#27;[39m &amp#27;[37m/session/161357d5-fcc6-4eaa-9d90-5323de6c23e8/elements&amp#27;[39m
&amp#27;[38;5;0m[HTTP]&amp#27;[0m &amp#27;[90m{"value":"com.androidsample.generalstore:id/productPrice","using":"id"}&amp#27;[39m
&amp#27;[38;5;32m[AndroidUiautomator2Driver@68c7 (161357d5)]&amp#27;[0m Calling AppiumDriver.findElements() with args: ["id","com.androidsample.generalstore:id/productPrice","161357d5-fcc6-4eaa-9d90-5323de6c23e8"]
&amp#27;[38;5;32m[AndroidUiautomator2Driver@68c7 (161357d5)]&amp#27;[0m Valid locator strategies for this request: xpath, id, class name, accessibility id, css selector, -android uiautomator
&amp#27;[38;5;32m[AndroidUiautomator2Driver@68c7 (161357d5)]&amp#27;[0m Waiting up to 10000 ms for condition
&amp#27;[38;5;32m[AndroidUiautomator2Driver@68c7 (161357d5)]&amp#27;[0m Matched '/elements' to command name 'findElements'
&amp#27;[38;5;32m[AndroidUiautomator2Driver@68c7 (161357d5)]&amp#27;[0m Proxying [POST /elements] to [POST http://127.0.0.1:8205/session/12a2c0c4-62b9-4645-ac6a-039c1e58fde1/elements] with body: {"strategy":"id","selector":"com.androidsample.generalstore:id/productPrice","context":"","multiple":true}
&amp#27;[38;5;32m[AndroidUiautomator2Driver@68c7 (161357d5)]&amp#27;[0m Got response with status 200: {"sessionId":"12a2c0c4-62b9-4645-ac6a-039c1e58fde1","value":[{"ELEMENT":"00000000-0000-008b-ffff-ffff0000012c","element-6066-11e4-a52e-4f735466cecf":"00000000-0000-008b-ffff-ffff0000012c"}]}
&amp#27;[38;5;32m[AndroidUiautomator2Driver@68c7 (161357d5)]&amp#27;[0m Responding to client with driver.findElements() result: [{"element-6066-11e4-a52e-4f735466cecf":"00000000-0000-008b-ffff-ffff0000012c","ELEMENT":"00000000-0000-008b-ffff-ffff0000012c"}]
&amp#27;[38;5;0m[HTTP]&amp#27;[0m &amp#27;[37m<-- POST /session/161357d5-fcc6-4eaa-9d90-5323de6c23e8/elements &amp#27;[39m&amp#27;[32m200&amp#27;[39m &amp#27;[90m46 ms - 139&amp#27;[39m
&amp#27;[38;5;0m[HTTP]&amp#27;[0m &amp#27;[90m&amp#27;[39m
&amp#27;[38;5;0m[HTTP]&amp#27;[0m &amp#27;[37m-->&amp#27;[39m &amp#27;[37mGET&amp#27;[39m &amp#27;[37m/session/161357d5-fcc6-4eaa-9d90-5323de6c23e8/context&amp#27;[39m
&amp#27;[38;5;0m[HTTP]&amp#27;[0m &amp#27;[90m{}&amp#27;[39m
&amp#27;[38;5;32m[AndroidUiautomator2Driver@68c7 (161357d5)]&amp#27;[0m Calling AppiumDriver.getCurrentContext() with args: ["161357d5-fcc6-4eaa-9d90-5323de6c23e8"]
&amp#27;[38;5;32m[AndroidUiautomator2Driver@68c7 (161357d5)]&amp#27;[0m Responding to client with driver.getCurrentContext() result: "NATIVE_APP"
&amp#27;[38;5;0m[HTTP]&amp#27;[0m &amp#27;[37m<-- GET /session/161357d5-fcc6-4eaa-9d90-5323de6c23e8/context &amp#27;[39m&amp#27;[32m200&amp#27;[39m &amp#27;[90m1 ms - 22&amp#27;[39m
&amp#27;[38;5;0m[HTTP]&amp#27;[0m &amp#27;[90m&amp#27;[39m
&amp#27;[38;5;0m[HTTP]&amp#27;[0m &amp#27;[37m-->&amp#27;[39m &amp#27;[37mPOST&amp#27;[39m &amp#27;[37m/session/161357d5-fcc6-4eaa-9d90-5323de6c23e8/elements&amp#27;[39m
&amp#27;[38;5;0m[HTTP]&amp#27;[0m &amp#27;[90m{"value":"com.androidsample.generalstore:id/productPrice","using":"id"}&amp#27;[39m
&amp#27;[38;5;32m[AndroidUiautomator2Driver@68c7 (161357d5)]&amp#27;[0m Calling AppiumDriver.findElements() with args: ["id","com.androidsample.generalstore:id/productPrice","161357d5-fcc6-4eaa-9d90-5323de6c23e8"]
&amp#27;[38;5;32m[AndroidUiautomator2Driver@68c7 (161357d5)]&amp#27;[0m Valid locator strategies for this request: xpath, id, class name, accessibility id, css selector, -android uiautomator
&amp#27;[38;5;32m[AndroidUiautomator2Driver@68c7 (161357d5)]&amp#27;[0m Waiting up to 10000 ms for condition
&amp#27;[38;5;32m[AndroidUiautomator2Driver@68c7 (161357d5)]&amp#27;[0m Matched '/elements' to command name 'findElements'
&amp#27;[38;5;32m[AndroidUiautomator2Driver@68c7 (161357d5)]&amp#27;[0m Proxying [POST /elements] to [POST http://127.0.0.1:8205/session/12a2c0c4-62b9-4645-ac6a-039c1e58fde1/elements] with body: {"strategy":"id","selector":"com.androidsample.generalstore:id/productPrice","context":"","multiple":true}
&amp#27;[38;5;32m[AndroidUiautomator2Driver@68c7 (161357d5)]&amp#27;[0m Got response with status 200: {"sessionId":"12a2c0c4-62b9-4645-ac6a-039c1e58fde1","value":[{"ELEMENT":"00000000-0000-008b-ffff-ffff0000012c","element-6066-11e4-a52e-4f735466cecf":"00000000-0000-008b-ffff-ffff0000012c"}]}
&amp#27;[38;5;32m[AndroidUiautomator2Driver@68c7 (161357d5)]&amp#27;[0m Responding to client with driver.findElements() result: [{"element-6066-11e4-a52e-4f735466cecf":"00000000-0000-008b-ffff-ffff0000012c","ELEMENT":"00000000-0000-008b-ffff-ffff0000012c"}]
&amp#27;[38;5;0m[HTTP]&amp#27;[0m &amp#27;[37m<-- POST /session/161357d5-fcc6-4eaa-9d90-5323de6c23e8/elements &amp#27;[39m&amp#27;[32m200&amp#27;[39m &amp#27;[90m37 ms - 139&amp#27;[39m
&amp#27;[38;5;0m[HTTP]&amp#27;[0m &amp#27;[90m&amp#27;[39m
&amp#27;[38;5;0m[HTTP]&amp#27;[0m &amp#27;[37m-->&amp#27;[39m &amp#27;[37mGET&amp#27;[39m &amp#27;[37m/session/161357d5-fcc6-4eaa-9d90-5323de6c23e8/element/00000000-0000-008b-ffff-ffff0000012c/text&amp#27;[39m
&amp#27;[38;5;0m[HTTP]&amp#27;[0m &amp#27;[90m{}&amp#27;[39m
&amp#27;[38;5;32m[AndroidUiautomator2Driver@68c7 (161357d5)]&amp#27;[0m Driver proxy active, passing request on via HTTP proxy
&amp#27;[38;5;32m[AndroidUiautomator2Driver@68c7 (161357d5)]&amp#27;[0m Matched '/session/161357d5-fcc6-4eaa-9d90-5323de6c23e8/element/00000000-0000-008b-ffff-ffff0000012c/text' to command name 'getText'
&amp#27;[38;5;32m[AndroidUiautomator2Driver@68c7 (161357d5)]&amp#27;[0m Proxying [GET /session/161357d5-fcc6-4eaa-9d90-5323de6c23e8/element/00000000-0000-008b-ffff-ffff0000012c/text] to [GET http://127.0.0.1:8205/session/12a2c0c4-62b9-4645-ac6a-039c1e58fde1/element/00000000-0000-008b-ffff-ffff0000012c/text] with no body
&amp#27;[38;5;32m[AndroidUiautomator2Driver@68c7 (161357d5)]&amp#27;[0m Got response with status 200: {"sessionId":"12a2c0c4-62b9-4645-ac6a-039c1e58fde1","value":"$160.97"}
&amp#27;[38;5;32m[AndroidUiautomator2Driver@68c7 (161357d5)]&amp#27;[0m Replacing sessionId 12a2c0c4-62b9-4645-ac6a-039c1e58fde1 with 161357d5-fcc6-4eaa-9d90-5323de6c23e8
&amp#27;[38;5;0m[HTTP]&amp#27;[0m &amp#27;[37m<-- GET /session/161357d5-fcc6-4eaa-9d90-5323de6c23e8/element/00000000-0000-008b-ffff-ffff0000012c/text &amp#27;[39m&amp#27;[32m200&amp#27;[39m &amp#27;[90m13 ms - 70&amp#27;[39m
&amp#27;[38;5;0m[HTTP]&amp#27;[0m &amp#27;[90m&amp#27;[39m
&amp#27;[38;5;0m[HTTP]&amp#27;[0m &amp#27;[37m-->&amp#27;[39m &amp#27;[37mGET&amp#27;[39m &amp#27;[37m/session/161357d5-fcc6-4eaa-9d90-5323de6c23e8/context&amp#27;[39m
&amp#27;[38;5;0m[HTTP]&amp#27;[0m &amp#27;[90m{}&amp#27;[39m
&amp#27;[38;5;32m[AndroidUiautomator2Driver@68c7 (161357d5)]&amp#27;[0m Calling AppiumDriver.getCurrentContext() with args: ["161357d5-fcc6-4eaa-9d90-5323de6c23e8"]
&amp#27;[38;5;32m[AndroidUiautomator2Driver@68c7 (161357d5)]&amp#27;[0m Responding to client with driver.getCurrentContext() result: "NATIVE_APP"
&amp#27;[38;5;0m[HTTP]&amp#27;[0m &amp#27;[37m<-- GET /session/161357d5-fcc6-4eaa-9d90-5323de6c23e8/context &amp#27;[39m&amp#27;[32m200&amp#27;[39m &amp#27;[90m2 ms - 22&amp#27;[39m
&amp#27;[38;5;0m[HTTP]&amp#27;[0m &amp#27;[90m&amp#27;[39m
&amp#27;[38;5;0m[HTTP]&amp#27;[0m &amp#27;[37m-->&amp#27;[39m &amp#27;[37mPOST&amp#27;[39m &amp#27;[37m/session/161357d5-fcc6-4eaa-9d90-5323de6c23e8/element&amp#27;[39m
&amp#27;[38;5;0m[HTTP]&amp#27;[0m &amp#27;[90m{"value":"com.androidsample.generalstore:id/totalAmountLbl","using":"id"}&amp#27;[39m
&amp#27;[38;5;32m[AndroidUiautomator2Driver@68c7 (161357d5)]&amp#27;[0m Calling AppiumDriver.findElement() with args: ["id","com.androidsample.generalstore:id/totalAmountLbl","161357d5-fcc6-4eaa-9d90-5323de6c23e8"]
&amp#27;[38;5;32m[AndroidUiautomator2Driver@68c7 (161357d5)]&amp#27;[0m Valid locator strategies for this request: xpath, id, class name, accessibility id, css selector, -android uiautomator
&amp#27;[38;5;32m[AndroidUiautomator2Driver@68c7 (161357d5)]&amp#27;[0m Waiting up to 10000 ms for condition
&amp#27;[38;5;32m[AndroidUiautomator2Driver@68c7 (161357d5)]&amp#27;[0m Matched '/element' to command name 'findElement'
&amp#27;[38;5;32m[AndroidUiautomator2Driver@68c7 (161357d5)]&amp#27;[0m Proxying [POST /element] to [POST http://127.0.0.1:8205/session/12a2c0c4-62b9-4645-ac6a-039c1e58fde1/element] with body: {"strategy":"id","selector":"com.androidsample.generalstore:id/totalAmountLbl","context":"","multiple":false}
&amp#27;[38;5;32m[AndroidUiautomator2Driver@68c7 (161357d5)]&amp#27;[0m Got response with status 200: {"sessionId":"12a2c0c4-62b9-4645-ac6a-039c1e58fde1","value":{"ELEMENT":"00000000-0000-008b-ffff-ffff00000120","element-6066-11e4-a52e-4f735466cecf":"00000000-0000-008b-ffff-ffff00000120"}}
&amp#27;[38;5;32m[AndroidUiautomator2Driver@68c7 (161357d5)]&amp#27;[0m Responding to client with driver.findElement() result: {"element-6066-11e4-a52e-4f735466cecf":"00000000-0000-008b-ffff-ffff00000120","ELEMENT":"00000000-0000-008b-ffff-ffff00000120"}
&amp#27;[38;5;0m[HTTP]&amp#27;[0m &amp#27;[37m<-- POST /session/161357d5-fcc6-4eaa-9d90-5323de6c23e8/element &amp#27;[39m&amp#27;[32m200&amp#27;[39m &amp#27;[90m37 ms - 137&amp#27;[39m
&amp#27;[38;5;0m[HTTP]&amp#27;[0m &amp#27;[90m&amp#27;[39m
&amp#27;[38;5;0m[HTTP]&amp#27;[0m &amp#27;[37m-->&amp#27;[39m &amp#27;[37mGET&amp#27;[39m &amp#27;[37m/session/161357d5-fcc6-4eaa-9d90-5323de6c23e8/element/00000000-0000-008b-ffff-ffff00000120/text&amp#27;[39m
&amp#27;[38;5;0m[HTTP]&amp#27;[0m &amp#27;[90m{}&amp#27;[39m
&amp#27;[38;5;32m[AndroidUiautomator2Driver@68c7 (161357d5)]&amp#27;[0m Driver proxy active, passing request on via HTTP proxy
&amp#27;[38;5;32m[AndroidUiautomator2Driver@68c7 (161357d5)]&amp#27;[0m Matched '/session/161357d5-fcc6-4eaa-9d90-5323de6c23e8/element/00000000-0000-008b-ffff-ffff00000120/text' to command name 'getText'
&amp#27;[38;5;32m[AndroidUiautomator2Driver@68c7 (161357d5)]&amp#27;[0m Proxying [GET /session/161357d5-fcc6-4eaa-9d90-5323de6c23e8/element/00000000-0000-008b-ffff-ffff00000120/text] to [GET http://127.0.0.1:8205/session/12a2c0c4-62b9-4645-ac6a-039c1e58fde1/element/00000000-0000-008b-ffff-ffff00000120/text] with no body
&amp#27;[38;5;32m[AndroidUiautomator2Driver@68c7 (161357d5)]&amp#27;[0m Got response with status 200: {"sessionId":"12a2c0c4-62b9-4645-ac6a-039c1e58fde1","value":"$ 160.97"}
&amp#27;[38;5;32m[AndroidUiautomator2Driver@68c7 (161357d5)]&amp#27;[0m Replacing sessionId 12a2c0c4-62b9-4645-ac6a-039c1e58fde1 with 161357d5-fcc6-4eaa-9d90-5323de6c23e8
&amp#27;[38;5;0m[HTTP]&amp#27;[0m &amp#27;[37m<-- GET /session/161357d5-fcc6-4eaa-9d90-5323de6c23e8/element/00000000-0000-008b-ffff-ffff00000120/text &amp#27;[39m&amp#27;[32m200&amp#27;[39m &amp#27;[90m13 ms - 71&amp#27;[39m
&amp#27;[38;5;0m[HTTP]&amp#27;[0m &amp#27;[90m&amp#27;[39m
&amp#27;[38;5;0m[HTTP]&amp#27;[0m &amp#27;[37m-->&amp#27;[39m &amp#27;[37mGET&amp#27;[39m &amp#27;[37m/session/161357d5-fcc6-4eaa-9d90-5323de6c23e8/context&amp#27;[39m
&amp#27;[38;5;0m[HTTP]&amp#27;[0m &amp#27;[90m{}&amp#27;[39m
&amp#27;[38;5;32m[AndroidUiautomator2Driver@68c7 (161357d5)]&amp#27;[0m Calling AppiumDriver.getCurrentContext() with args: ["161357d5-fcc6-4eaa-9d90-5323de6c23e8"]
&amp#27;[38;5;32m[AndroidUiautomator2Driver@68c7 (161357d5)]&amp#27;[0m Responding to client with driver.getCurrentContext() result: "NATIVE_APP"
&amp#27;[38;5;0m[HTTP]&amp#27;[0m &amp#27;[37m<-- GET /session/161357d5-fcc6-4eaa-9d90-5323de6c23e8/context &amp#27;[39m&amp#27;[32m200&amp#27;[39m &amp#27;[90m1 ms - 22&amp#27;[39m
&amp#27;[38;5;0m[HTTP]&amp#27;[0m &amp#27;[90m&amp#27;[39m
&amp#27;[38;5;0m[HTTP]&amp#27;[0m &amp#27;[37m-->&amp#27;[39m &amp#27;[37mPOST&amp#27;[39m &amp#27;[37m/session/161357d5-fcc6-4eaa-9d90-5323de6c23e8/element&amp#27;[39m
&amp#27;[38;5;0m[HTTP]&amp#27;[0m &amp#27;[90m{"value":"com.androidsample.generalstore:id/termsButton","using":"id"}&amp#27;[39m
&amp#27;[38;5;32m[AndroidUiautomator2Driver@68c7 (161357d5)]&amp#27;[0m Calling AppiumDriver.findElement() with args: ["id","com.androidsample.generalstore:id/termsButton","161357d5-fcc6-4eaa-9d90-5323de6c23e8"]
&amp#27;[38;5;32m[AndroidUiautomator2Driver@68c7 (161357d5)]&amp#27;[0m Valid locator strategies for this request: xpath, id, class name, accessibility id, css selector, -android uiautomator
&amp#27;[38;5;32m[AndroidUiautomator2Driver@68c7 (161357d5)]&amp#27;[0m Waiting up to 10000 ms for condition
&amp#27;[38;5;32m[AndroidUiautomator2Driver@68c7 (161357d5)]&amp#27;[0m Matched '/element' to command name 'findElement'
&amp#27;[38;5;32m[AndroidUiautomator2Driver@68c7 (161357d5)]&amp#27;[0m Proxying [POST /element] to [POST http://127.0.0.1:8205/session/12a2c0c4-62b9-4645-ac6a-039c1e58fde1/element] with body: {"strategy":"id","selector":"com.androidsample.generalstore:id/termsButton","context":"","multiple":false}
&amp#27;[38;5;32m[AndroidUiautomator2Driver@68c7 (161357d5)]&amp#27;[0m Got response with status 200: {"sessionId":"12a2c0c4-62b9-4645-ac6a-039c1e58fde1","value":{"ELEMENT":"00000000-0000-008b-ffff-ffff00000123","element-6066-11e4-a52e-4f735466cecf":"00000000-0000-008b-ffff-ffff00000123"}}
&amp#27;[38;5;32m[AndroidUiautomator2Driver@68c7 (161357d5)]&amp#27;[0m Responding to client with driver.findElement() result: {"element-6066-11e4-a52e-4f735466cecf":"00000000-0000-008b-ffff-ffff00000123","ELEMENT":"00000000-0000-008b-ffff-ffff00000123"}
&amp#27;[38;5;0m[HTTP]&amp#27;[0m &amp#27;[37m<-- POST /session/161357d5-fcc6-4eaa-9d90-5323de6c23e8/element &amp#27;[39m&amp#27;[32m200&amp#27;[39m &amp#27;[90m43 ms - 137&amp#27;[39m
&amp#27;[38;5;0m[HTTP]&amp#27;[0m &amp#27;[90m&amp#27;[39m
&amp#27;[38;5;0m[HTTP]&amp#27;[0m &amp#27;[37m-->&amp#27;[39m &amp#27;[37mPOST&amp#27;[39m &amp#27;[37m/session/161357d5-fcc6-4eaa-9d90-5323de6c23e8/execute/sync&amp#27;[39m
&amp#27;[38;5;0m[HTTP]&amp#27;[0m &amp#27;[90m{"args":[{"elementId":"00000000-0000-008b-ffff-ffff00000123"}],"script":"mobile: longClickGesture"}&amp#27;[39m
&amp#27;[38;5;32m[AndroidUiautomator2Driver@68c7 (161357d5)]&amp#27;[0m Calling AppiumDriver.execute() with args: ["mobile: longClickGesture",[{"elementId":"00000000-0000-008b-ffff-ffff00000123"}],"161357d5-fcc6-4eaa-9d90-5323de6c23e8"]
&amp#27;[38;5;32m[AndroidUiautomator2Driver@68c7 (161357d5)]&amp#27;[0m Executing native command 'mobile: longClickGesture'
&amp#27;[38;5;32m[AndroidUiautomator2Driver@68c7 (161357d5)]&amp#27;[0m Proxying [POST /appium/gestures/long_click] to [POST http://127.0.0.1:8205/session/12a2c0c4-62b9-4645-ac6a-039c1e58fde1/appium/gestures/long_click] with body: {"origin":{"ELEMENT":"00000000-0000-008b-ffff-ffff00000123","element-6066-11e4-a52e-4f735466cecf":"00000000-0000-008b-ffff-ffff00000123"}}
&amp#27;[38;5;32m[AndroidUiautomator2Driver@68c7 (161357d5)]&amp#27;[0m Got response with status 200: {"sessionId":"12a2c0c4-62b9-4645-ac6a-039c1e58fde1","value":null}
&amp#27;[38;5;32m[AndroidUiautomator2Driver@68c7 (161357d5)]&amp#27;[0m Responding to client with driver.execute() result: null
&amp#27;[38;5;0m[HTTP]&amp#27;[0m &amp#27;[37m<-- POST /session/161357d5-fcc6-4eaa-9d90-5323de6c23e8/execute/sync &amp#27;[39m&amp#27;[32m200&amp#27;[39m &amp#27;[90m851 ms - 14&amp#27;[39m
&amp#27;[38;5;0m[HTTP]&amp#27;[0m &amp#27;[90m&amp#27;[39m
&amp#27;[38;5;0m[HTTP]&amp#27;[0m &amp#27;[37m-->&amp#27;[39m &amp#27;[37mGET&amp#27;[39m &amp#27;[37m/session/161357d5-fcc6-4eaa-9d90-5323de6c23e8/context&amp#27;[39m
&amp#27;[38;5;0m[HTTP]&amp#27;[0m &amp#27;[90m{}&amp#27;[39m
&amp#27;[38;5;32m[AndroidUiautomator2Driver@68c7 (161357d5)]&amp#27;[0m Calling AppiumDriver.getCurrentContext() with args: ["161357d5-fcc6-4eaa-9d90-5323de6c23e8"]
&amp#27;[38;5;32m[AndroidUiautomator2Driver@68c7 (161357d5)]&amp#27;[0m Responding to client with driver.getCurrentContext() result: "NATIVE_APP"
&amp#27;[38;5;0m[HTTP]&amp#27;[0m &amp#27;[37m<-- GET /session/161357d5-fcc6-4eaa-9d90-5323de6c23e8/context &amp#27;[39m&amp#27;[32m200&amp#27;[39m &amp#27;[90m1 ms - 22&amp#27;[39m
&amp#27;[38;5;0m[HTTP]&amp#27;[0m &amp#27;[90m&amp#27;[39m
&amp#27;[38;5;0m[HTTP]&amp#27;[0m &amp#27;[37m-->&amp#27;[39m &amp#27;[37mPOST&amp#27;[39m &amp#27;[37m/session/161357d5-fcc6-4eaa-9d90-5323de6c23e8/element&amp#27;[39m
&amp#27;[38;5;0m[HTTP]&amp#27;[0m &amp#27;[90m{"value":"android:id/button1","using":"id"}&amp#27;[39m
&amp#27;[38;5;32m[AndroidUiautomator2Driver@68c7 (161357d5)]&amp#27;[0m Calling AppiumDriver.findElement() with args: ["id","android:id/button1","161357d5-fcc6-4eaa-9d90-5323de6c23e8"]
&amp#27;[38;5;32m[AndroidUiautomator2Driver@68c7 (161357d5)]&amp#27;[0m Valid locator strategies for this request: xpath, id, class name, accessibility id, css selector, -android uiautomator
&amp#27;[38;5;32m[AndroidUiautomator2Driver@68c7 (161357d5)]&amp#27;[0m Waiting up to 10000 ms for condition
&amp#27;[38;5;32m[AndroidUiautomator2Driver@68c7 (161357d5)]&amp#27;[0m Matched '/element' to command name 'findElement'
&amp#27;[38;5;32m[AndroidUiautomator2Driver@68c7 (161357d5)]&amp#27;[0m Proxying [POST /element] to [POST http://127.0.0.1:8205/session/12a2c0c4-62b9-4645-ac6a-039c1e58fde1/element] with body: {"strategy":"id","selector":"android:id/button1","context":"","multiple":false}
&amp#27;[38;5;32m[AndroidUiautomator2Driver@68c7 (161357d5)]&amp#27;[0m Got response with status 200: {"sessionId":"12a2c0c4-62b9-4645-ac6a-039c1e58fde1","value":{"ELEMENT":"00000000-0000-008c-ffff-ffff00000147","element-6066-11e4-a52e-4f735466cecf":"00000000-0000-008c-ffff-ffff00000147"}}
&amp#27;[38;5;32m[AndroidUiautomator2Driver@68c7 (161357d5)]&amp#27;[0m Responding to client with driver.findElement() result: {"element-6066-11e4-a52e-4f735466cecf":"00000000-0000-008c-ffff-ffff00000147","ELEMENT":"00000000-0000-008c-ffff-ffff00000147"}
&amp#27;[38;5;0m[HTTP]&amp#27;[0m &amp#27;[37m<-- POST /session/161357d5-fcc6-4eaa-9d90-5323de6c23e8/element &amp#27;[39m&amp#27;[32m200&amp#27;[39m &amp#27;[90m394 ms - 137&amp#27;[39m
&amp#27;[38;5;0m[HTTP]&amp#27;[0m &amp#27;[90m&amp#27;[39m
&amp#27;[38;5;0m[HTTP]&amp#27;[0m &amp#27;[37m-->&amp#27;[39m &amp#27;[37mPOST&amp#27;[39m &amp#27;[37m/session/161357d5-fcc6-4eaa-9d90-5323de6c23e8/element/00000000-0000-008c-ffff-ffff00000147/click&amp#27;[39m
&amp#27;[38;5;0m[HTTP]&amp#27;[0m &amp#27;[90m{"id":"00000000-0000-008c-ffff-ffff00000147"}&amp#27;[39m
&amp#27;[38;5;32m[AndroidUiautomator2Driver@68c7 (161357d5)]&amp#27;[0m Calling AppiumDriver.click() with args: ["00000000-0000-008c-ffff-ffff00000147","161357d5-fcc6-4eaa-9d90-5323de6c23e8"]
&amp#27;[38;5;32m[AndroidUiautomator2Driver@68c7 (161357d5)]&amp#27;[0m Matched '/element/00000000-0000-008c-ffff-ffff00000147/click' to command name 'click'
&amp#27;[38;5;32m[AndroidUiautomator2Driver@68c7 (161357d5)]&amp#27;[0m Proxying [POST /element/00000000-0000-008c-ffff-ffff00000147/click] to [POST http://127.0.0.1:8205/session/12a2c0c4-62b9-4645-ac6a-039c1e58fde1/element/00000000-0000-008c-ffff-ffff00000147/click] with body: {"element":"00000000-0000-008c-ffff-ffff00000147"}
&amp#27;[38;5;32m[AndroidUiautomator2Driver@68c7 (161357d5)]&amp#27;[0m Got response with status 200: {"sessionId":"12a2c0c4-62b9-4645-ac6a-039c1e58fde1","value":null}
&amp#27;[38;5;32m[AndroidUiautomator2Driver@68c7 (161357d5)]&amp#27;[0m Responding to client with driver.click() result: null
&amp#27;[38;5;0m[HTTP]&amp#27;[0m &amp#27;[37m<-- POST /session/161357d5-fcc6-4eaa-9d90-5323de6c23e8/element/00000000-0000-008c-ffff-ffff00000147/click &amp#27;[39m&amp#27;[32m200&amp#27;[39m &amp#27;[90m79 ms - 14&amp#27;[39m
&amp#27;[38;5;0m[HTTP]&amp#27;[0m &amp#27;[90m&amp#27;[39m
&amp#27;[38;5;0m[HTTP]&amp#27;[0m &amp#27;[37m-->&amp#27;[39m &amp#27;[37mGET&amp#27;[39m &amp#27;[37m/session/161357d5-fcc6-4eaa-9d90-5323de6c23e8/context&amp#27;[39m
&amp#27;[38;5;0m[HTTP]&amp#27;[0m &amp#27;[90m{}&amp#27;[39m
&amp#27;[38;5;32m[AndroidUiautomator2Driver@68c7 (161357d5)]&amp#27;[0m Calling AppiumDriver.getCurrentContext() with args: ["161357d5-fcc6-4eaa-9d90-5323de6c23e8"]
&amp#27;[38;5;32m[AndroidUiautomator2Driver@68c7 (161357d5)]&amp#27;[0m Responding to client with driver.getCurrentContext() result: "NATIVE_APP"
&amp#27;[38;5;0m[HTTP]&amp#27;[0m &amp#27;[37m<-- GET /session/161357d5-fcc6-4eaa-9d90-5323de6c23e8/context &amp#27;[39m&amp#27;[32m200&amp#27;[39m &amp#27;[90m1 ms - 22&amp#27;[39m
&amp#27;[38;5;0m[HTTP]&amp#27;[0m &amp#27;[90m&amp#27;[39m
&amp#27;[38;5;0m[HTTP]&amp#27;[0m &amp#27;[37m-->&amp#27;[39m &amp#27;[37mPOST&amp#27;[39m &amp#27;[37m/session/161357d5-fcc6-4eaa-9d90-5323de6c23e8/element&amp#27;[39m
&amp#27;[38;5;0m[HTTP]&amp#27;[0m &amp#27;[90m{"value":"//android.widget.CheckBox[@text='Send me e-mails on discounts related to selected products in future']","using":"xpath"}&amp#27;[39m
&amp#27;[38;5;32m[AndroidUiautomator2Driver@68c7 (161357d5)]&amp#27;[0m Calling AppiumDriver.findElement() with args: ["xpath","//android.widget.CheckBox[@text='Send me e-mails on discounts related to selected products in future']","161357d5-fcc6-4eaa-9d90-5323de6c23e8"]
&amp#27;[38;5;32m[AndroidUiautomator2Driver@68c7 (161357d5)]&amp#27;[0m Valid locator strategies for this request: xpath, id, class name, accessibility id, css selector, -android uiautomator
&amp#27;[38;5;32m[AndroidUiautomator2Driver@68c7 (161357d5)]&amp#27;[0m Waiting up to 10000 ms for condition
&amp#27;[38;5;32m[AndroidUiautomator2Driver@68c7 (161357d5)]&amp#27;[0m Matched '/element' to command name 'findElement'
&amp#27;[38;5;32m[AndroidUiautomator2Driver@68c7 (161357d5)]&amp#27;[0m Proxying [POST /element] to [POST http://127.0.0.1:8205/session/12a2c0c4-62b9-4645-ac6a-039c1e58fde1/element] with body: {"strategy":"xpath","selector":"//android.widget.CheckBox[@text='Send me e-mails on discounts related to selected products in future']","context":"","multiple":false}
&amp#27;[38;5;32m[AndroidUiautomator2Driver@68c7 (161357d5)]&amp#27;[0m Got response with status 200: {"sessionId":"12a2c0c4-62b9-4645-ac6a-039c1e58fde1","value":{"ELEMENT":"00000000-0000-008b-ffff-ffff00000121","element-6066-11e4-a52e-4f735466cecf":"00000000-0000-008b-ffff-ffff00000121"}}
&amp#27;[38;5;32m[AndroidUiautomator2Driver@68c7 (161357d5)]&amp#27;[0m Responding to client with driver.findElement() result: {"element-6066-11e4-a52e-4f735466cecf":"00000000-0000-008b-ffff-ffff00000121","ELEMENT":"00000000-0000-008b-ffff-ffff00000121"}
&amp#27;[38;5;0m[HTTP]&amp#27;[0m &amp#27;[37m<-- POST /session/161357d5-fcc6-4eaa-9d90-5323de6c23e8/element &amp#27;[39m&amp#27;[32m200&amp#27;[39m &amp#27;[90m164 ms - 137&amp#27;[39m
&amp#27;[38;5;0m[HTTP]&amp#27;[0m &amp#27;[90m&amp#27;[39m
&amp#27;[38;5;0m[HTTP]&amp#27;[0m &amp#27;[37m-->&amp#27;[39m &amp#27;[37mPOST&amp#27;[39m &amp#27;[37m/session/161357d5-fcc6-4eaa-9d90-5323de6c23e8/element/00000000-0000-008b-ffff-ffff00000121/click&amp#27;[39m
&amp#27;[38;5;0m[HTTP]&amp#27;[0m &amp#27;[90m{"id":"00000000-0000-008b-ffff-ffff00000121"}&amp#27;[39m
&amp#27;[38;5;32m[AndroidUiautomator2Driver@68c7 (161357d5)]&amp#27;[0m Calling AppiumDriver.click() with args: ["00000000-0000-008b-ffff-ffff00000121","161357d5-fcc6-4eaa-9d90-5323de6c23e8"]
&amp#27;[38;5;32m[AndroidUiautomator2Driver@68c7 (161357d5)]&amp#27;[0m Matched '/element/00000000-0000-008b-ffff-ffff00000121/click' to command name 'click'
&amp#27;[38;5;32m[AndroidUiautomator2Driver@68c7 (161357d5)]&amp#27;[0m Proxying [POST /element/00000000-0000-008b-ffff-ffff00000121/click] to [POST http://127.0.0.1:8205/session/12a2c0c4-62b9-4645-ac6a-039c1e58fde1/element/00000000-0000-008b-ffff-ffff00000121/click] with body: {"element":"00000000-0000-008b-ffff-ffff00000121"}
&amp#27;[38;5;32m[AndroidUiautomator2Driver@68c7 (161357d5)]&amp#27;[0m Got response with status 200: {"sessionId":"12a2c0c4-62b9-4645-ac6a-039c1e58fde1","value":null}
&amp#27;[38;5;32m[AndroidUiautomator2Driver@68c7 (161357d5)]&amp#27;[0m Responding to client with driver.click() result: null
&amp#27;[38;5;0m[HTTP]&amp#27;[0m &amp#27;[37m<-- POST /session/161357d5-fcc6-4eaa-9d90-5323de6c23e8/element/00000000-0000-008b-ffff-ffff00000121/click &amp#27;[39m&amp#27;[32m200&amp#27;[39m &amp#27;[90m449 ms - 14&amp#27;[39m
&amp#27;[38;5;0m[HTTP]&amp#27;[0m &amp#27;[90m&amp#27;[39m
&amp#27;[38;5;0m[HTTP]&amp#27;[0m &amp#27;[37m-->&amp#27;[39m &amp#27;[37mGET&amp#27;[39m &amp#27;[37m/session/161357d5-fcc6-4eaa-9d90-5323de6c23e8/context&amp#27;[39m
&amp#27;[38;5;0m[HTTP]&amp#27;[0m &amp#27;[90m{}&amp#27;[39m
&amp#27;[38;5;32m[AndroidUiautomator2Driver@68c7 (161357d5)]&amp#27;[0m Calling AppiumDriver.getCurrentContext() with args: ["161357d5-fcc6-4eaa-9d90-5323de6c23e8"]
&amp#27;[38;5;32m[AndroidUiautomator2Driver@68c7 (161357d5)]&amp#27;[0m Responding to client with driver.getCurrentContext() result: "NATIVE_APP"
&amp#27;[38;5;0m[HTTP]&amp#27;[0m &amp#27;[37m<-- GET /session/161357d5-fcc6-4eaa-9d90-5323de6c23e8/context &amp#27;[39m&amp#27;[32m200&amp#27;[39m &amp#27;[90m1 ms - 22&amp#27;[39m
&amp#27;[38;5;0m[HTTP]&amp#27;[0m &amp#27;[90m&amp#27;[39m
&amp#27;[38;5;0m[HTTP]&amp#27;[0m &amp#27;[37m-->&amp#27;[39m &amp#27;[37mPOST&amp#27;[39m &amp#27;[37m/session/161357d5-fcc6-4eaa-9d90-5323de6c23e8/element&amp#27;[39m
&amp#27;[38;5;0m[HTTP]&amp#27;[0m &amp#27;[90m{"value":"com.androidsample.generalstore:id/btnProceed","using":"id"}&amp#27;[39m
&amp#27;[38;5;32m[AndroidUiautomator2Driver@68c7 (161357d5)]&amp#27;[0m Calling AppiumDriver.findElement() with args: ["id","com.androidsample.generalstore:id/btnProceed","161357d5-fcc6-4eaa-9d90-5323de6c23e8"]
&amp#27;[38;5;32m[AndroidUiautomator2Driver@68c7 (161357d5)]&amp#27;[0m Valid locator strategies for this request: xpath, id, class name, accessibility id, css selector, -android uiautomator
&amp#27;[38;5;32m[AndroidUiautomator2Driver@68c7 (161357d5)]&amp#27;[0m Waiting up to 10000 ms for condition
&amp#27;[38;5;32m[AndroidUiautomator2Driver@68c7 (161357d5)]&amp#27;[0m Matched '/element' to command name 'findElement'
&amp#27;[38;5;32m[AndroidUiautomator2Driver@68c7 (161357d5)]&amp#27;[0m Proxying [POST /element] to [POST http://127.0.0.1:8205/session/12a2c0c4-62b9-4645-ac6a-039c1e58fde1/element] with body: {"strategy":"id","selector":"com.androidsample.generalstore:id/btnProceed","context":"","multiple":false}
&amp#27;[38;5;32m[AndroidUiautomator2Driver@68c7 (161357d5)]&amp#27;[0m Got response with status 200: {"sessionId":"12a2c0c4-62b9-4645-ac6a-039c1e58fde1","value":{"ELEMENT":"00000000-0000-008b-ffff-ffff00000122","element-6066-11e4-a52e-4f735466cecf":"00000000-0000-008b-ffff-ffff00000122"}}
&amp#27;[38;5;32m[AndroidUiautomator2Driver@68c7 (161357d5)]&amp#27;[0m Responding to client with driver.findElement() result: {"element-6066-11e4-a52e-4f735466cecf":"00000000-0000-008b-ffff-ffff00000122","ELEMENT":"00000000-0000-008b-ffff-ffff00000122"}
&amp#27;[38;5;0m[HTTP]&amp#27;[0m &amp#27;[37m<-- POST /session/161357d5-fcc6-4eaa-9d90-5323de6c23e8/element &amp#27;[39m&amp#27;[32m200&amp#27;[39m &amp#27;[90m622 ms - 137&amp#27;[39m
&amp#27;[38;5;0m[HTTP]&amp#27;[0m &amp#27;[90m&amp#27;[39m
&amp#27;[38;5;0m[HTTP]&amp#27;[0m &amp#27;[37m-->&amp#27;[39m &amp#27;[37mPOST&amp#27;[39m &amp#27;[37m/session/161357d5-fcc6-4eaa-9d90-5323de6c23e8/element/00000000-0000-008b-ffff-ffff00000122/click&amp#27;[39m
&amp#27;[38;5;0m[HTTP]&amp#27;[0m &amp#27;[90m{"id":"00000000-0000-008b-ffff-ffff00000122"}&amp#27;[39m
&amp#27;[38;5;32m[AndroidUiautomator2Driver@68c7 (161357d5)]&amp#27;[0m Calling AppiumDriver.click() with args: ["00000000-0000-008b-ffff-ffff00000122","161357d5-fcc6-4eaa-9d90-5323de6c23e8"]
&amp#27;[38;5;32m[AndroidUiautomator2Driver@68c7 (161357d5)]&amp#27;[0m Matched '/element/00000000-0000-008b-ffff-ffff00000122/click' to command name 'click'
&amp#27;[38;5;32m[AndroidUiautomator2Driver@68c7 (161357d5)]&amp#27;[0m Proxying [POST /element/00000000-0000-008b-ffff-ffff00000122/click] to [POST http://127.0.0.1:8205/session/12a2c0c4-62b9-4645-ac6a-039c1e58fde1/element/00000000-0000-008b-ffff-ffff00000122/click] with body: {"element":"00000000-0000-008b-ffff-ffff00000122"}
&amp#27;[38;5;32m[AndroidUiautomator2Driver@68c7 (161357d5)]&amp#27;[0m Got response with status 200: {"sessionId":"12a2c0c4-62b9-4645-ac6a-039c1e58fde1","value":null}
&amp#27;[38;5;32m[AndroidUiautomator2Driver@68c7 (161357d5)]&amp#27;[0m Responding to client with driver.click() result: null
&amp#27;[38;5;0m[HTTP]&amp#27;[0m &amp#27;[37m<-- POST /session/161357d5-fcc6-4eaa-9d90-5323de6c23e8/element/00000000-0000-008b-ffff-ffff00000122/click &amp#27;[39m&amp#27;[32m200&amp#27;[39m &amp#27;[90m71 ms - 14&amp#27;[39m
&amp#27;[38;5;0m[HTTP]&amp#27;[0m &amp#27;[90m&amp#27;[39m
&amp#27;[38;5;0m[HTTP]&amp#27;[0m &amp#27;[37m-->&amp#27;[39m &amp#27;[37mGET&amp#27;[39m &amp#27;[37m/session/161357d5-fcc6-4eaa-9d90-5323de6c23e8/contexts&amp#27;[39m
&amp#27;[38;5;0m[HTTP]&amp#27;[0m &amp#27;[90m{}&amp#27;[39m
&amp#27;[38;5;32m[AndroidUiautomator2Driver@68c7 (161357d5)]&amp#27;[0m Calling AppiumDriver.getContexts() with args: ["161357d5-fcc6-4eaa-9d90-5323de6c23e8"]
&amp#27;[38;5;32m[AndroidUiautomator2Driver@68c7 (161357d5)]&amp#27;[0m Getting a list of available webviews
&amp#27;[38;5;48m[ADB]&amp#27;[0m Running 'C:\Users\sures\AppData\Local\Android\Sdk\platform-tools\adb.exe -P 5037 -s emulator-5554 shell cat /proc/net/unix'
&amp#27;[38;5;32m[AndroidUiautomator2Driver@68c7 (161357d5)]&amp#27;[0m Parsed 1 active devtools socket: ["@webview_devtools_remote_7674"]
&amp#27;[38;5;32m[AndroidUiautomator2Driver@68c7 (161357d5)]&amp#27;[0m Collecting CDP data of 1 webview
&amp#27;[38;5;32m[AndroidUiautomator2Driver@68c7 (161357d5)]&amp#27;[0m Forwarding remote port webview_devtools_remote_7674 to a local port in range 10900..11000
&amp#27;[38;5;32m[AndroidUiautomator2Driver@68c7 (161357d5)]&amp#27;[0m You could use the 'webviewDevtoolsPort' capability to customize the starting port number
&amp#27;[38;5;48m[ADB]&amp#27;[0m Running 'C:\Users\sures\AppData\Local\Android\Sdk\platform-tools\adb.exe -P 5037 -s emulator-5554 forward tcp:10900 localabstract:webview_devtools_remote_7674'
&amp#27;[38;5;48m[ADB]&amp#27;[0m Removing forwarded port socket connection: 10900 
&amp#27;[38;5;48m[ADB]&amp#27;[0m Running 'C:\Users\sures\AppData\Local\Android\Sdk\platform-tools\adb.exe -P 5037 -s emulator-5554 forward --remove tcp:10900'
&amp#27;[38;5;32m[AndroidUiautomator2Driver@68c7 (161357d5)]&amp#27;[0m CDP data collection completed
&amp#27;[38;5;32m[AndroidUiautomator2Driver@68c7 (161357d5)]&amp#27;[0m WEBVIEW_7674 mapped to pid 7674
&amp#27;[38;5;32m[AndroidUiautomator2Driver@68c7 (161357d5)]&amp#27;[0m Getting process name for webview 'WEBVIEW_7674'
&amp#27;[38;5;48m[ADB]&amp#27;[0m Running 'C:\Users\sures\AppData\Local\Android\Sdk\platform-tools\adb.exe -P 5037 -s emulator-5554 shell ps -A'
&amp#27;[38;5;32m[AndroidUiautomator2Driver@68c7 (161357d5)]&amp#27;[0m Got process name: 'com.androidsample.generalstore'
&amp#27;[38;5;32m[AndroidUiautomator2Driver@68c7 (161357d5)]&amp#27;[0m Found 1 webview: ["WEBVIEW_com.androidsample.generalstore"]
&amp#27;[38;5;32m[AndroidUiautomator2Driver@68c7 (161357d5)]&amp#27;[0m Available contexts: ["NATIVE_APP","WEBVIEW_com.androidsample.generalstore"]
&amp#27;[38;5;32m[AndroidUiautomator2Driver@68c7 (161357d5)]&amp#27;[0m Responding to client with driver.getContexts() result: ["NATIVE_APP","WEBVIEW_com.androidsample.generalstore"]
&amp#27;[38;5;0m[HTTP]&amp#27;[0m &amp#27;[37m<-- GET /session/161357d5-fcc6-4eaa-9d90-5323de6c23e8/contexts &amp#27;[39m&amp#27;[32m200&amp#27;[39m &amp#27;[90m164 ms - 65&amp#27;[39m
&amp#27;[38;5;0m[HTTP]&amp#27;[0m &amp#27;[90m&amp#27;[39m
NATIVE_APP
WEBVIEW_com.androidsample.generalstore
&amp#27;[38;5;0m[HTTP]&amp#27;[0m &amp#27;[37m-->&amp#27;[39m &amp#27;[37mPOST&amp#27;[39m &amp#27;[37m/session/161357d5-fcc6-4eaa-9d90-5323de6c23e8/context&amp#27;[39m
&amp#27;[38;5;0m[HTTP]&amp#27;[0m &amp#27;[90m{"name":"WEBVIEW_com.androidsample.generalstore"}&amp#27;[39m
&amp#27;[38;5;32m[AndroidUiautomator2Driver@68c7 (161357d5)]&amp#27;[0m Calling AppiumDriver.setContext() with args: ["WEBVIEW_com.androidsample.generalstore","161357d5-fcc6-4eaa-9d90-5323de6c23e8"]
&amp#27;[38;5;32m[AndroidUiautomator2Driver@68c7 (161357d5)]&amp#27;[0m Getting a list of available webviews
&amp#27;[38;5;48m[ADB]&amp#27;[0m Running 'C:\Users\sures\AppData\Local\Android\Sdk\platform-tools\adb.exe -P 5037 -s emulator-5554 shell cat /proc/net/unix'
&amp#27;[38;5;32m[AndroidUiautomator2Driver@68c7 (161357d5)]&amp#27;[0m Parsed 1 active devtools socket: ["@webview_devtools_remote_7674"]
&amp#27;[38;5;32m[AndroidUiautomator2Driver@68c7 (161357d5)]&amp#27;[0m Collecting CDP data of 1 webview
&amp#27;[38;5;32m[AndroidUiautomator2Driver@68c7 (161357d5)]&amp#27;[0m Forwarding remote port webview_devtools_remote_7674 to a local port in range 10900..11000
&amp#27;[38;5;32m[AndroidUiautomator2Driver@68c7 (161357d5)]&amp#27;[0m You could use the 'webviewDevtoolsPort' capability to customize the starting port number
&amp#27;[38;5;48m[ADB]&amp#27;[0m Running 'C:\Users\sures\AppData\Local\Android\Sdk\platform-tools\adb.exe -P 5037 -s emulator-5554 forward tcp:10900 localabstract:webview_devtools_remote_7674'
&amp#27;[38;5;48m[ADB]&amp#27;[0m Removing forwarded port socket connection: 10900 
&amp#27;[38;5;48m[ADB]&amp#27;[0m Running 'C:\Users\sures\AppData\Local\Android\Sdk\platform-tools\adb.exe -P 5037 -s emulator-5554 forward --remove tcp:10900'
&amp#27;[38;5;32m[AndroidUiautomator2Driver@68c7 (161357d5)]&amp#27;[0m CDP data collection completed
&amp#27;[38;5;32m[AndroidUiautomator2Driver@68c7 (161357d5)]&amp#27;[0m WEBVIEW_7674 mapped to pid 7674
&amp#27;[38;5;32m[AndroidUiautomator2Driver@68c7 (161357d5)]&amp#27;[0m Getting process name for webview 'WEBVIEW_7674'
&amp#27;[38;5;48m[ADB]&amp#27;[0m Running 'C:\Users\sures\AppData\Local\Android\Sdk\platform-tools\adb.exe -P 5037 -s emulator-5554 shell ps -A'
&amp#27;[38;5;32m[AndroidUiautomator2Driver@68c7 (161357d5)]&amp#27;[0m Got process name: 'com.androidsample.generalstore'
&amp#27;[38;5;32m[AndroidUiautomator2Driver@68c7 (161357d5)]&amp#27;[0m Found 1 webview: ["WEBVIEW_com.androidsample.generalstore"]
&amp#27;[38;5;32m[AndroidUiautomator2Driver@68c7 (161357d5)]&amp#27;[0m Available contexts: ["NATIVE_APP","WEBVIEW_com.androidsample.generalstore"]
&amp#27;[38;5;32m[AndroidUiautomator2Driver@68c7 (161357d5)]&amp#27;[0m Connecting to chrome-backed webview context 'WEBVIEW_com.androidsample.generalstore'
&amp#27;[38;5;32m[AndroidUiautomator2Driver@68c7 (161357d5)]&amp#27;[0m Found existing Chromedriver for context 'WEBVIEW_com.androidsample.generalstore'. Using it.
&amp#27;[38;5;128m[Chromedriver@7617 (5760aa37)]&amp#27;[0m Matched '/url' to command name 'getUrl'
&amp#27;[38;5;128m[Chromedriver@7617 (5760aa37)]&amp#27;[0m Proxying [GET /url] to [GET http://127.0.0.1:64853/session/5760aa37e436a5f28669ed43a8f8d837/url] with no body
&amp#27;[38;5;128m[Chromedriver@7617 (5760aa37)]&amp#27;[0m Got response with status 200: {"value":"https://www.google.com/search?q=rahul+shetty+academy&sca_esv=3a859606722aa11e&sca_upv=1&source=hp&ei=qk6XZrOINa7M1sQPxYatqAY&oq=rahul+shetty+academy&gs_lp=EhFtb2JpbGUtZ3dzLXdpei1ocCIUcmFodWwgc2hldHR5IGFjYWRlbXkyCBAAGIAEGLEDMgUQABiABDIFEAAYgAQyBRAAGIAEMgUQABiABDIFEAAYgAQyBRAAGIAEMgUQABiABEiSBFAUWNMBcAB4AJABAZgB6QGgAe4GqgEFMC4xLjO4AQPIAQD4AQGYAgOgAqYFqAIAmAMAkgcDMi0zoAf8Ew&sclient=mobile-gws-wiz-hp"}
&amp#27;[38;5;32m[AndroidUiautomator2Driver@68c7 (161357d5)]&amp#27;[0m Responding to client with driver.setContext() result: null
&amp#27;[38;5;0m[HTTP]&amp#27;[0m &amp#27;[37m<-- POST /session/161357d5-fcc6-4eaa-9d90-5323de6c23e8/context &amp#27;[39m&amp#27;[32m200&amp#27;[39m &amp#27;[90m410 ms - 14&amp#27;[39m
&amp#27;[38;5;0m[HTTP]&amp#27;[0m &amp#27;[90m&amp#27;[39m
&amp#27;[38;5;0m[HTTP]&amp#27;[0m &amp#27;[37m-->&amp#27;[39m &amp#27;[37mPOST&amp#27;[39m &amp#27;[37m/session/161357d5-fcc6-4eaa-9d90-5323de6c23e8/element&amp#27;[39m
&amp#27;[38;5;0m[HTTP]&amp#27;[0m &amp#27;[90m{"value":"*[name='q']","using":"css selector"}&amp#27;[39m
&amp#27;[38;5;32m[AndroidUiautomator2Driver@68c7 (161357d5)]&amp#27;[0m Driver proxy active, passing request on via HTTP proxy
&amp#27;[38;5;128m[Chromedriver@7617 (5760aa37)]&amp#27;[0m Matched '/session/161357d5-fcc6-4eaa-9d90-5323de6c23e8/element' to command name 'findElement'
&amp#27;[38;5;128m[Chromedriver@7617 (5760aa37)]&amp#27;[0m Proxying [POST /session/161357d5-fcc6-4eaa-9d90-5323de6c23e8/element] to [POST http://127.0.0.1:64853/session/5760aa37e436a5f28669ed43a8f8d837/element] with body: {"value":"*[name='q']","using":"css selector"}
&amp#27;[38;5;128m[Chromedriver@7617 (5760aa37)]&amp#27;[0m Got response with status 200: {"value":{"element-6066-11e4-a52e-4f735466cecf":"63C48FBCC6BE89C0DFE4B4B8D5EB7835_element_38"}}
&amp#27;[38;5;0m[HTTP]&amp#27;[0m &amp#27;[37m<-- POST /session/161357d5-fcc6-4eaa-9d90-5323de6c23e8/element &amp#27;[39m&amp#27;[32m200&amp#27;[39m &amp#27;[90m168 ms - 151&amp#27;[39m
&amp#27;[38;5;0m[HTTP]&amp#27;[0m &amp#27;[90m&amp#27;[39m
&amp#27;[38;5;0m[HTTP]&amp#27;[0m &amp#27;[37m-->&amp#27;[39m &amp#27;[37mPOST&amp#27;[39m &amp#27;[37m/session/161357d5-fcc6-4eaa-9d90-5323de6c23e8/element/63C48FBCC6BE89C0DFE4B4B8D5EB7835_element_38/value&amp#27;[39m
&amp#27;[38;5;0m[HTTP]&amp#27;[0m &amp#27;[90m{"value":["r","a","h","u","l"," ","s","h","e","t","t","y"," ","a","c","a","d","e","m","y"],"id":"63C48FBCC6BE89C0DFE4B4B8D5EB7835_element_38","text":"rahul shetty academy"}&amp#27;[39m
&amp#27;[38;5;32m[AndroidUiautomator2Driver@68c7 (161357d5)]&amp#27;[0m Driver proxy active, passing request on via HTTP proxy
&amp#27;[38;5;128m[Chromedriver@7617 (5760aa37)]&amp#27;[0m Matched '/session/161357d5-fcc6-4eaa-9d90-5323de6c23e8/element/63C48FBCC6BE89C0DFE4B4B8D5EB7835_element_38/value' to command name 'setValue'
&amp#27;[38;5;128m[Chromedriver@7617 (5760aa37)]&amp#27;[0m Proxying [POST /session/161357d5-fcc6-4eaa-9d90-5323de6c23e8/element/63C48FBCC6BE89C0DFE4B4B8D5EB7835_element_38/value] to [POST http://127.0.0.1:64853/session/5760aa37e436a5f28669ed43a8f8d837/element/63C48FBCC6BE89C0DFE4B4B8D5EB7835_element_38/value] with body: {"value":["r","a","h","u","l"," ","s","h","e","t","t","y"," ","a","c","a","d","e","m","y"],"id":"63C48FBCC6BE89C0DFE4B4B8D5EB7835_element_38","text":"rahul shetty academy"}
&amp#27;[38;5;128m[Chromedriver@7617 (5760aa37)]&amp#27;[0m Got response with status 200: {"value":null}
&amp#27;[38;5;0m[HTTP]&amp#27;[0m &amp#27;[37m<-- POST /session/161357d5-fcc6-4eaa-9d90-5323de6c23e8/element/63C48FBCC6BE89C0DFE4B4B8D5EB7835_element_38/value &amp#27;[39m&amp#27;[32m200&amp#27;[39m &amp#27;[90m806 ms - 14&amp#27;[39m
&amp#27;[38;5;0m[HTTP]&amp#27;[0m &amp#27;[90m&amp#27;[39m
&amp#27;[38;5;0m[HTTP]&amp#27;[0m &amp#27;[37m-->&amp#27;[39m &amp#27;[37mPOST&amp#27;[39m &amp#27;[37m/session/161357d5-fcc6-4eaa-9d90-5323de6c23e8/element&amp#27;[39m
&amp#27;[38;5;0m[HTTP]&amp#27;[0m &amp#27;[90m{"value":"*[name='q']","using":"css selector"}&amp#27;[39m
&amp#27;[38;5;32m[AndroidUiautomator2Driver@68c7 (161357d5)]&amp#27;[0m Driver proxy active, passing request on via HTTP proxy
&amp#27;[38;5;128m[Chromedriver@7617 (5760aa37)]&amp#27;[0m Matched '/session/161357d5-fcc6-4eaa-9d90-5323de6c23e8/element' to command name 'findElement'
&amp#27;[38;5;128m[Chromedriver@7617 (5760aa37)]&amp#27;[0m Proxying [POST /session/161357d5-fcc6-4eaa-9d90-5323de6c23e8/element] to [POST http://127.0.0.1:64853/session/5760aa37e436a5f28669ed43a8f8d837/element] with body: {"value":"*[name='q']","using":"css selector"}
&amp#27;[38;5;128m[Chromedriver@7617 (5760aa37)]&amp#27;[0m Got response with status 200: {"value":{"element-6066-11e4-a52e-4f735466cecf":"63C48FBCC6BE89C0DFE4B4B8D5EB7835_element_38"}}
&amp#27;[38;5;0m[HTTP]&amp#27;[0m &amp#27;[37m<-- POST /session/161357d5-fcc6-4eaa-9d90-5323de6c23e8/element &amp#27;[39m&amp#27;[32m200&amp#27;[39m &amp#27;[90m51 ms - 151&amp#27;[39m
&amp#27;[38;5;0m[HTTP]&amp#27;[0m &amp#27;[90m&amp#27;[39m
&amp#27;[38;5;0m[HTTP]&amp#27;[0m &amp#27;[37m-->&amp#27;[39m &amp#27;[37mPOST&amp#27;[39m &amp#27;[37m/session/161357d5-fcc6-4eaa-9d90-5323de6c23e8/element/63C48FBCC6BE89C0DFE4B4B8D5EB7835_element_38/value&amp#27;[39m
&amp#27;[38;5;0m[HTTP]&amp#27;[0m &amp#27;[90m{"value":[""],"id":"63C48FBCC6BE89C0DFE4B4B8D5EB7835_element_38","text":""}&amp#27;[39m
&amp#27;[38;5;32m[AndroidUiautomator2Driver@68c7 (161357d5)]&amp#27;[0m Driver proxy active, passing request on via HTTP proxy
&amp#27;[38;5;128m[Chromedriver@7617 (5760aa37)]&amp#27;[0m Matched '/session/161357d5-fcc6-4eaa-9d90-5323de6c23e8/element/63C48FBCC6BE89C0DFE4B4B8D5EB7835_element_38/value' to command name 'setValue'
&amp#27;[38;5;128m[Chromedriver@7617 (5760aa37)]&amp#27;[0m Proxying [POST /session/161357d5-fcc6-4eaa-9d90-5323de6c23e8/element/63C48FBCC6BE89C0DFE4B4B8D5EB7835_element_38/value] to [POST http://127.0.0.1:64853/session/5760aa37e436a5f28669ed43a8f8d837/element/63C48FBCC6BE89C0DFE4B4B8D5EB7835_element_38/value] with body: {"value":[""],"id":"63C48FBCC6BE89C0DFE4B4B8D5EB7835_element_38","text":""}
&amp#27;[38;5;128m[Chromedriver@7617 (5760aa37)]&amp#27;[0m Got response with status 200: {"value":null}
&amp#27;[38;5;0m[HTTP]&amp#27;[0m &amp#27;[37m<-- POST /session/161357d5-fcc6-4eaa-9d90-5323de6c23e8/element/63C48FBCC6BE89C0DFE4B4B8D5EB7835_element_38/value &amp#27;[39m&amp#27;[32m200&amp#27;[39m &amp#27;[90m223 ms - 14&amp#27;[39m
&amp#27;[38;5;0m[HTTP]&amp#27;[0m &amp#27;[90m&amp#27;[39m
&amp#27;[38;5;0m[HTTP]&amp#27;[0m &amp#27;[37m-->&amp#27;[39m &amp#27;[37mPOST&amp#27;[39m &amp#27;[37m/session/161357d5-fcc6-4eaa-9d90-5323de6c23e8/execute/sync&amp#27;[39m
&amp#27;[38;5;0m[HTTP]&amp#27;[0m &amp#27;[90m{"args":[{"keycode":4}],"script":"mobile: pressKey"}&amp#27;[39m
&amp#27;[38;5;32m[AndroidUiautomator2Driver@68c7 (161357d5)]&amp#27;[0m Calling AppiumDriver.execute() with args: ["mobile: pressKey",[{"keycode":4}],"161357d5-fcc6-4eaa-9d90-5323de6c23e8"]
&amp#27;[38;5;32m[AndroidUiautomator2Driver@68c7 (161357d5)]&amp#27;[0m Executing native command 'mobile: pressKey'
&amp#27;[38;5;32m[AndroidUiautomator2Driver@68c7 (161357d5)]&amp#27;[0m Matched '/appium/device/press_keycode' to command name 'pressKeyCode'
&amp#27;[38;5;32m[AndroidUiautomator2Driver@68c7 (161357d5)]&amp#27;[0m Proxying [POST /appium/device/press_keycode] to [POST http://127.0.0.1:8205/session/12a2c0c4-62b9-4645-ac6a-039c1e58fde1/appium/device/press_keycode] with body: {"keycode":4}
&amp#27;[38;5;32m[AndroidUiautomator2Driver@68c7 (161357d5)]&amp#27;[0m Got response with status 200: {"sessionId":"12a2c0c4-62b9-4645-ac6a-039c1e58fde1","value":null}
&amp#27;[38;5;32m[AndroidUiautomator2Driver@68c7 (161357d5)]&amp#27;[0m Responding to client with driver.execute() result: null
&amp#27;[38;5;0m[HTTP]&amp#27;[0m &amp#27;[37m<-- POST /session/161357d5-fcc6-4eaa-9d90-5323de6c23e8/execute/sync &amp#27;[39m&amp#27;[32m200&amp#27;[39m &amp#27;[90m1203 ms - 14&amp#27;[39m
&amp#27;[38;5;0m[HTTP]&amp#27;[0m &amp#27;[90m&amp#27;[39m
&amp#27;[38;5;0m[HTTP]&amp#27;[0m &amp#27;[37m-->&amp#27;[39m &amp#27;[37mPOST&amp#27;[39m &amp#27;[37m/session/161357d5-fcc6-4eaa-9d90-5323de6c23e8/context&amp#27;[39m
&amp#27;[38;5;0m[HTTP]&amp#27;[0m &amp#27;[90m{"name":"NATIVE_APP"}&amp#27;[39m
&amp#27;[38;5;32m[AndroidUiautomator2Driver@68c7 (161357d5)]&amp#27;[0m Calling AppiumDriver.setContext() with args: ["NATIVE_APP","161357d5-fcc6-4eaa-9d90-5323de6c23e8"]
&amp#27;[38;5;32m[AndroidUiautomator2Driver@68c7 (161357d5)]&amp#27;[0m Getting a list of available webviews
&amp#27;[38;5;48m[ADB]&amp#27;[0m Running 'C:\Users\sures\AppData\Local\Android\Sdk\platform-tools\adb.exe -P 5037 -s emulator-5554 shell cat /proc/net/unix'
&amp#27;[38;5;32m[AndroidUiautomator2Driver@68c7 (161357d5)]&amp#27;[0m Parsed 1 active devtools socket: ["@webview_devtools_remote_7674"]
&amp#27;[38;5;32m[AndroidUiautomator2Driver@68c7 (161357d5)]&amp#27;[0m Collecting CDP data of 1 webview
&amp#27;[38;5;32m[AndroidUiautomator2Driver@68c7 (161357d5)]&amp#27;[0m Forwarding remote port webview_devtools_remote_7674 to a local port in range 10900..11000
&amp#27;[38;5;32m[AndroidUiautomator2Driver@68c7 (161357d5)]&amp#27;[0m You could use the 'webviewDevtoolsPort' capability to customize the starting port number
&amp#27;[38;5;48m[ADB]&amp#27;[0m Running 'C:\Users\sures\AppData\Local\Android\Sdk\platform-tools\adb.exe -P 5037 -s emulator-5554 forward tcp:10900 localabstract:webview_devtools_remote_7674'
&amp#27;[38;5;48m[ADB]&amp#27;[0m Removing forwarded port socket connection: 10900 
&amp#27;[38;5;48m[ADB]&amp#27;[0m Running 'C:\Users\sures\AppData\Local\Android\Sdk\platform-tools\adb.exe -P 5037 -s emulator-5554 forward --remove tcp:10900'
&amp#27;[38;5;32m[AndroidUiautomator2Driver@68c7 (161357d5)]&amp#27;[0m CDP data collection completed
&amp#27;[38;5;32m[AndroidUiautomator2Driver@68c7 (161357d5)]&amp#27;[0m WEBVIEW_7674 mapped to pid 7674
&amp#27;[38;5;32m[AndroidUiautomator2Driver@68c7 (161357d5)]&amp#27;[0m Getting process name for webview 'WEBVIEW_7674'
&amp#27;[38;5;48m[ADB]&amp#27;[0m Running 'C:\Users\sures\AppData\Local\Android\Sdk\platform-tools\adb.exe -P 5037 -s emulator-5554 shell ps -A'
&amp#27;[38;5;32m[AndroidUiautomator2Driver@68c7 (161357d5)]&amp#27;[0m Got process name: 'com.androidsample.generalstore'
&amp#27;[38;5;32m[AndroidUiautomator2Driver@68c7 (161357d5)]&amp#27;[0m Found 1 webview: ["WEBVIEW_com.androidsample.generalstore"]
&amp#27;[38;5;32m[AndroidUiautomator2Driver@68c7 (161357d5)]&amp#27;[0m Available contexts: ["NATIVE_APP","WEBVIEW_com.androidsample.generalstore"]
&amp#27;[38;5;32m[AndroidUiautomator2Driver@68c7 (161357d5)]&amp#27;[0m Responding to client with driver.setContext() result: null
&amp#27;[38;5;0m[HTTP]&amp#27;[0m &amp#27;[37m<-- POST /session/161357d5-fcc6-4eaa-9d90-5323de6c23e8/context &amp#27;[39m&amp#27;[32m200&amp#27;[39m &amp#27;[90m355 ms - 14&amp#27;[39m
&amp#27;[38;5;0m[HTTP]&amp#27;[0m &amp#27;[90m&amp#27;[39m
]]></system-out>
  </testcase>
</testsuite>