<?xml version="1.0" encoding="UTF-8"?>
<!-- Generated by org.testng.reporters.JUnitReportReporter -->
<testsuite hostname="Suresh" failures="0" tests="2" name="skappium.AppiumFrameWorkDesign.eCommerce_tc_3_Hybrid" time="55.805" errors="0" timestamp="2024-06-26T15:46:36 IST" skipped="0">
  <testcase classname="skappium.AppiumFrameWorkDesign.eCommerce_tc_3_Hybrid" name="FilForm" time="29.218"/>
  <testcase classname="skappium.AppiumFrameWorkDesign.eCommerce_tc_3_Hybrid" name="FilForm" time="26.587"/>
</testsuite> <!-- skappium.AppiumFrameWorkDesign.eCommerce_tc_3_Hybrid -->
