<?xml version="1.0" encoding="UTF-8"?>
<!-- Generated by org.testng.reporters.JUnitReportReporter -->
<testsuite hostname="Suresh" failures="0" tests="2" name="skappium.AppiumFrameWorkDesign.eCommerce_tc_3_Hybrid" time="52.928" errors="0" timestamp="2024-07-17T10:25:36 IST" skipped="0">
  <testcase classname="skappium.AppiumFrameWorkDesign.eCommerce_tc_3_Hybrid" name="FilForm" time="23.965"/>
  <testcase classname="skappium.AppiumFrameWorkDesign.eCommerce_tc_3_Hybrid" name="FilForm" time="28.963"/>
</testsuite> <!-- skappium.AppiumFrameWorkDesign.eCommerce_tc_3_Hybrid -->
